activation conda
activation env
Running on device: CUDA
Namespace(dataname='cifar100', unlearn_method='retrain', unlearn_type='set_random', forget_class=0, forget_size=500, forget_class_ratio=0.5, model_numbs=1, SHADOW_AVE_FLAG=True, LOOP=1, EXACT_FLAG=False, shadow_folder='LIRA_checkpoints/shadow_models/', records_folder='/ibex/project/c2283/Evaluate-Unlearning/records/ResNet18/', SEED_init=42, CLASS_init=0, shift_type='shadow_data', model_arch='ResNet18', shadow_arch='ResNet18', INTERAPPROX=100, metrics=['p_Unleak', 'p_LiRA', 'p_update_LiRA', 'p_EMIA', 'p_EMIA_p', 'p_RMIA', 'p_interapprox'], MODEL_CHECK=False)
shadow_lists: [[0]]
0-th shadow_list: [0]
Loop 0, SEED 42
cifar100_retrain_set_random_500
Files already downloaded and verified
Files already downloaded and verified
dataname: cifar100, train_set: 50000, held_out: 10000
len of train_set:  50000
init_train_set: 30000
cifar100 shadow_origin training
model_path: LIRA_checkpoints/weights_resnet18_cifar100arch_ResNet18.pth
Train set accuracy: 100.0%
Test set accuracy: 72.8%
model_path: LIRA_checkpoints/unle_models/retrain_weights_resnet18_cifar100_cifar100_retrain_set_random_500_seed_42arch_ResNet18.pth
ResNet(
  (conv1): Conv2d(3, 64, kernel_size=(3, 3), stride=(1, 1), padding=(1, 1), bias=False)
  (bn1): BatchNorm2d(64, eps=1e-05, momentum=0.1, affine=True, track_running_stats=True)
  (layer1): Sequential(
    (0): BasicBlock(
      (conv1): Conv2d(64, 64, kernel_size=(3, 3), stride=(1, 1), padding=(1, 1), bias=False)
      (bn1): BatchNorm2d(64, eps=1e-05, momentum=0.1, affine=True, track_running_stats=True)
      (conv2): Conv2d(64, 64, kernel_size=(3, 3), stride=(1, 1), padding=(1, 1), bias=False)
      (bn2): BatchNorm2d(64, eps=1e-05, momentum=0.1, affine=True, track_running_stats=True)
      (shortcut): Sequential()
    )
    (1): BasicBlock(
      (conv1): Conv2d(64, 64, kernel_size=(3, 3), stride=(1, 1), padding=(1, 1), bias=False)
      (bn1): BatchNorm2d(64, eps=1e-05, momentum=0.1, affine=True, track_running_stats=True)
      (conv2): Conv2d(64, 64, kernel_size=(3, 3), stride=(1, 1), padding=(1, 1), bias=False)
      (bn2): BatchNorm2d(64, eps=1e-05, momentum=0.1, affine=True, track_running_stats=True)
      (shortcut): Sequential()
    )
  )
  (layer2): Sequential(
    (0): BasicBlock(
      (conv1): Conv2d(64, 128, kernel_size=(3, 3), stride=(2, 2), padding=(1, 1), bias=False)
      (bn1): BatchNorm2d(128, eps=1e-05, momentum=0.1, affine=True, track_running_stats=True)
      (conv2): Conv2d(128, 128, kernel_size=(3, 3), stride=(1, 1), padding=(1, 1), bias=False)
      (bn2): BatchNorm2d(128, eps=1e-05, momentum=0.1, affine=True, track_running_stats=True)
      (shortcut): Sequential(
        (0): Conv2d(64, 128, kernel_size=(1, 1), stride=(2, 2), bias=False)
        (1): BatchNorm2d(128, eps=1e-05, momentum=0.1, affine=True, track_running_stats=True)
      )
    )
    (1): BasicBlock(
      (conv1): Conv2d(128, 128, kernel_size=(3, 3), stride=(1, 1), padding=(1, 1), bias=False)
      (bn1): BatchNorm2d(128, eps=1e-05, momentum=0.1, affine=True, track_running_stats=True)
      (conv2): Conv2d(128, 128, kernel_size=(3, 3), stride=(1, 1), padding=(1, 1), bias=False)
      (bn2): BatchNorm2d(128, eps=1e-05, momentum=0.1, affine=True, track_running_stats=True)
      (shortcut): Sequential()
    )
  )
  (layer3): Sequential(
    (0): BasicBlock(
      (conv1): Conv2d(128, 256, kernel_size=(3, 3), stride=(2, 2), padding=(1, 1), bias=False)
      (bn1): BatchNorm2d(256, eps=1e-05, momentum=0.1, affine=True, track_running_stats=True)
      (conv2): Conv2d(256, 256, kernel_size=(3, 3), stride=(1, 1), padding=(1, 1), bias=False)
      (bn2): BatchNorm2d(256, eps=1e-05, momentum=0.1, affine=True, track_running_stats=True)
      (shortcut): Sequential(
        (0): Conv2d(128, 256, kernel_size=(1, 1), stride=(2, 2), bias=False)
        (1): BatchNorm2d(256, eps=1e-05, momentum=0.1, affine=True, track_running_stats=True)
      )
    )
    (1): BasicBlock(
      (conv1): Conv2d(256, 256, kernel_size=(3, 3), stride=(1, 1), padding=(1, 1), bias=False)
      (bn1): BatchNorm2d(256, eps=1e-05, momentum=0.1, affine=True, track_running_stats=True)
      (conv2): Conv2d(256, 256, kernel_size=(3, 3), stride=(1, 1), padding=(1, 1), bias=False)
      (bn2): BatchNorm2d(256, eps=1e-05, momentum=0.1, affine=True, track_running_stats=True)
      (shortcut): Sequential()
    )
  )
  (layer4): Sequential(
    (0): BasicBlock(
      (conv1): Conv2d(256, 512, kernel_size=(3, 3), stride=(2, 2), padding=(1, 1), bias=False)
      (bn1): BatchNorm2d(512, eps=1e-05, momentum=0.1, affine=True, track_running_stats=True)
      (conv2): Conv2d(512, 512, kernel_size=(3, 3), stride=(1, 1), padding=(1, 1), bias=False)
      (bn2): BatchNorm2d(512, eps=1e-05, momentum=0.1, affine=True, track_running_stats=True)
      (shortcut): Sequential(
        (0): Conv2d(256, 512, kernel_size=(1, 1), stride=(2, 2), bias=False)
        (1): BatchNorm2d(512, eps=1e-05, momentum=0.1, affine=True, track_running_stats=True)
      )
    )
    (1): BasicBlock(
      (conv1): Conv2d(512, 512, kernel_size=(3, 3), stride=(1, 1), padding=(1, 1), bias=False)
      (bn1): BatchNorm2d(512, eps=1e-05, momentum=0.1, affine=True, track_running_stats=True)
      (conv2): Conv2d(512, 512, kernel_size=(3, 3), stride=(1, 1), padding=(1, 1), bias=False)
      (bn2): BatchNorm2d(512, eps=1e-05, momentum=0.1, affine=True, track_running_stats=True)
      (shortcut): Sequential()
    )
  )
  (linear): Linear(in_features=512, out_features=100, bias=True)
)
*********************
Retain set accuracy: 100.0%
Forget set accuracy: 70.2%
Load trained attack model
p_Unleak done
p_LiRA done
p_update_LiRA done
p_EMIA done
p_EMIA_p done
p_RMIA done
p_IPapprox_proby_simp done
p_IPapprox_tsm_simp done
p_IPapprox_carlogi_simp done
p_IPapprox_losy_simp done
p_IPapprox_simp_online done
p_IPapprox_simp_offline done
p_IPapprox_simp_online_wo_norm done

start_print
Namespace(dataname='cifar100', unlearn_method='retrain', unlearn_type='set_random', forget_class=0, forget_size=500, forget_class_ratio=0.5, model_numbs=1, SHADOW_AVE_FLAG=True, LOOP=1, EXACT_FLAG=False, shadow_folder='LIRA_checkpoints/shadow_models/', records_folder='/ibex/project/c2283/Evaluate-Unlearning/records/ResNet18/', SEED_init=42, CLASS_init=0, shift_type='shadow_data', model_arch='ResNet18', shadow_arch='ResNet18', INTERAPPROX=100, metrics=['p_Unleak', 'p_LiRA', 'p_update_LiRA', 'p_EMIA', 'p_EMIA_p', 'p_RMIA', 'p_interapprox'], MODEL_CHECK=False, SHADOW_IDXs=[0], SUFFIX='cifar100_retrain_set_random_500')
dict_keys(['p_Unleak', 'p_LiRA', 'p_LiRA_Online', 'p_update_LiRA', 'p_EMIA', 'p_EMIA_p', 'p_RMIA', 'p_RMIA_online', 'p_IPapprox_proby', 'p_IPapprox_proby_simp', 'p_IPapprox_tsm', 'p_IPapprox_tsm_simp', 'p_IPapprox_carlogi', 'p_IPapprox_carlogi_simp', 'p_IPapprox_losy', 'p_IPapprox_losy_simp', 'p_IPapprox_simp_online', 'p_IPapprox_simp_offline', 'p_IPapprox_simp_online_wo_norm'])
Metric values                  auc    acc    tpr0.0 .-5    .-2    tnr0.0 .-5    .-2    1-mean 1-std  0-mean 0-std  cm-std1 cm-std0
p_Unleak                       0.8646 0.8294 0.0591 0.0591 0.1293 0.0000 0.0460 0.6605 0.7365 0.3504 0.2277 0.0922
p_LiRA                         0.7804 0.7403 0.0090 0.0090 0.1703 0.0000 0.00e+00 2.16e-02 -6.20e+60 1.05e+61 -2.45e+61 2.25e+61
p_LiRA_Online                  0.8867 0.8033 0.0105 0.0105 0.1733 0.3500 3.50e-01 5.86e-01 1.19e+61 2.36e+61 -2.36e+61 2.26e+61
p_update_LiRA                  0.6191 0.6176 0.0000 0.0000 0.0162 0.0000 0.0001 0.1129 0.2440 0.4609 0.0002 0.2133
p_EMIA                         0.8137 0.7511 0.0014 0.0014 0.1793 0.2040 0.2040 0.2625 0.2268 0.2091 0.0694 0.1495
p_EMIA_p                       0.8122 0.8174 0.0005 0.0005 0.0029 0.3100 0.3354 0.6320 0.5072 0.2803 0.2051 0.0825
p_RMIA                         0.8703 0.7689 0.0011 0.0011 0.1852 0.0300 0.1250 0.4812 0.7239 0.1734 0.4076 0.2298
p_RMIA_online                  0.9023 0.8085 0.0770 0.0770 0.2750 0.0560 0.1752 0.5692 0.7445 0.1327 0.5383 0.0994
p_IPapprox_proby               0.8633 0.8394 0.0203 0.0203 0.0481 0.3680 0.3680 0.6740 0.4359 0.3889 0.0005 0.0203
p_IPapprox_proby_simp          0.8759 0.7899 0.0583 0.0583 0.1838 0.3420 0.3650 0.5709 0.6649 0.2860 0.2298 0.2086
p_IPapprox_tsm                 0.8529 0.8374 0.0037 0.0037 0.0165 0.0000 0.1510 0.6618 0.5122 0.3598 0.0160 0.1614
p_IPapprox_tsm_simp            0.8964 0.8343 0.0471 0.0471 0.1714 0.1820 0.1968 0.5811 0.7310 0.2855 0.2394 0.1968
p_IPapprox_carlogi             0.8428 0.8259 0.0002 0.0002 0.0080 0.3480 0.3492 0.6100 0.4851 0.3580 0.0237 0.1884
p_IPapprox_carlogi_simp        0.8766 0.8236 0.0065 0.0065 0.0916 0.0460 0.0460 0.4900 0.7230 0.2851 0.2662 0.2110
p_IPapprox_losy                0.8650 0.8374 0.0314 0.0314 0.0713 0.4180 0.4180 0.6711 0.3181 0.3386 0.0000 0.0079
p_IPapprox_losy_simp           0.8476 0.7756 0.0784 0.0784 0.1527 0.3500 0.3500 0.5417 0.6188 0.2472 0.2989 0.1991
p_IPapprox_simp_online         0.9119 0.8378 0.0889 0.0889 0.1635 0.1220 0.1220 0.6200 0.7082 0.2992 0.1906 0.1609
p_IPapprox_simp_offline        0.9014 0.8352 0.0230 0.0230 0.1193 0.0260 0.0260 0.6107 0.6838 0.3315 0.1449 0.1498
p_IPapprox_simp_online_wo_norm 0.9119 0.8378 0.0889 0.0889 0.1635 0.1220 0.1220 0.6200 0.7082 0.2992 0.1906 0.1609
end_print


Namespace(dataname='cifar100', unlearn_method='retrain', unlearn_type='set_random', forget_class=0, forget_size=500, forget_class_ratio=0.5, model_numbs=1, SHADOW_AVE_FLAG=True, LOOP=1, EXACT_FLAG=False, shadow_folder='LIRA_checkpoints/shadow_models/', records_folder='/ibex/project/c2283/Evaluate-Unlearning/records/ResNet18/', SEED_init=42, CLASS_init=0, shift_type='shadow_data', model_arch='ResNet18', shadow_arch='ResNet34', INTERAPPROX=100, metrics=['p_Unleak', 'p_LiRA', 'p_update_LiRA', 'p_EMIA', 'p_EMIA_p', 'p_RMIA', 'p_interapprox'], MODEL_CHECK=False)
shadow_lists: [[0]]
0-th shadow_list: [0]
Loop 0, SEED 42
cifar100_retrain_set_random_500
Files already downloaded and verified
Files already downloaded and verified
dataname: cifar100, train_set: 50000, held_out: 10000
len of train_set:  50000
init_train_set: 30000
cifar100 shadow_origin training
model_path: LIRA_checkpoints/weights_resnet18_cifar100arch_ResNet18.pth
Train set accuracy: 100.0%
Test set accuracy: 72.8%
model_path: LIRA_checkpoints/unle_models/retrain_weights_resnet18_cifar100_cifar100_retrain_set_random_500_seed_42arch_ResNet18.pth
ResNet(
  (conv1): Conv2d(3, 64, kernel_size=(3, 3), stride=(1, 1), padding=(1, 1), bias=False)
  (bn1): BatchNorm2d(64, eps=1e-05, momentum=0.1, affine=True, track_running_stats=True)
  (layer1): Sequential(
    (0): BasicBlock(
      (conv1): Conv2d(64, 64, kernel_size=(3, 3), stride=(1, 1), padding=(1, 1), bias=False)
      (bn1): BatchNorm2d(64, eps=1e-05, momentum=0.1, affine=True, track_running_stats=True)
      (conv2): Conv2d(64, 64, kernel_size=(3, 3), stride=(1, 1), padding=(1, 1), bias=False)
      (bn2): BatchNorm2d(64, eps=1e-05, momentum=0.1, affine=True, track_running_stats=True)
      (shortcut): Sequential()
    )
    (1): BasicBlock(
      (conv1): Conv2d(64, 64, kernel_size=(3, 3), stride=(1, 1), padding=(1, 1), bias=False)
      (bn1): BatchNorm2d(64, eps=1e-05, momentum=0.1, affine=True, track_running_stats=True)
      (conv2): Conv2d(64, 64, kernel_size=(3, 3), stride=(1, 1), padding=(1, 1), bias=False)
      (bn2): BatchNorm2d(64, eps=1e-05, momentum=0.1, affine=True, track_running_stats=True)
      (shortcut): Sequential()
    )
  )
  (layer2): Sequential(
    (0): BasicBlock(
      (conv1): Conv2d(64, 128, kernel_size=(3, 3), stride=(2, 2), padding=(1, 1), bias=False)
      (bn1): BatchNorm2d(128, eps=1e-05, momentum=0.1, affine=True, track_running_stats=True)
      (conv2): Conv2d(128, 128, kernel_size=(3, 3), stride=(1, 1), padding=(1, 1), bias=False)
      (bn2): BatchNorm2d(128, eps=1e-05, momentum=0.1, affine=True, track_running_stats=True)
      (shortcut): Sequential(
        (0): Conv2d(64, 128, kernel_size=(1, 1), stride=(2, 2), bias=False)
        (1): BatchNorm2d(128, eps=1e-05, momentum=0.1, affine=True, track_running_stats=True)
      )
    )
    (1): BasicBlock(
      (conv1): Conv2d(128, 128, kernel_size=(3, 3), stride=(1, 1), padding=(1, 1), bias=False)
      (bn1): BatchNorm2d(128, eps=1e-05, momentum=0.1, affine=True, track_running_stats=True)
      (conv2): Conv2d(128, 128, kernel_size=(3, 3), stride=(1, 1), padding=(1, 1), bias=False)
      (bn2): BatchNorm2d(128, eps=1e-05, momentum=0.1, affine=True, track_running_stats=True)
      (shortcut): Sequential()
    )
  )
  (layer3): Sequential(
    (0): BasicBlock(
      (conv1): Conv2d(128, 256, kernel_size=(3, 3), stride=(2, 2), padding=(1, 1), bias=False)
      (bn1): BatchNorm2d(256, eps=1e-05, momentum=0.1, affine=True, track_running_stats=True)
      (conv2): Conv2d(256, 256, kernel_size=(3, 3), stride=(1, 1), padding=(1, 1), bias=False)
      (bn2): BatchNorm2d(256, eps=1e-05, momentum=0.1, affine=True, track_running_stats=True)
      (shortcut): Sequential(
        (0): Conv2d(128, 256, kernel_size=(1, 1), stride=(2, 2), bias=False)
        (1): BatchNorm2d(256, eps=1e-05, momentum=0.1, affine=True, track_running_stats=True)
      )
    )
    (1): BasicBlock(
      (conv1): Conv2d(256, 256, kernel_size=(3, 3), stride=(1, 1), padding=(1, 1), bias=False)
      (bn1): BatchNorm2d(256, eps=1e-05, momentum=0.1, affine=True, track_running_stats=True)
      (conv2): Conv2d(256, 256, kernel_size=(3, 3), stride=(1, 1), padding=(1, 1), bias=False)
      (bn2): BatchNorm2d(256, eps=1e-05, momentum=0.1, affine=True, track_running_stats=True)
      (shortcut): Sequential()
    )
  )
  (layer4): Sequential(
    (0): BasicBlock(
      (conv1): Conv2d(256, 512, kernel_size=(3, 3), stride=(2, 2), padding=(1, 1), bias=False)
      (bn1): BatchNorm2d(512, eps=1e-05, momentum=0.1, affine=True, track_running_stats=True)
      (conv2): Conv2d(512, 512, kernel_size=(3, 3), stride=(1, 1), padding=(1, 1), bias=False)
      (bn2): BatchNorm2d(512, eps=1e-05, momentum=0.1, affine=True, track_running_stats=True)
      (shortcut): Sequential(
        (0): Conv2d(256, 512, kernel_size=(1, 1), stride=(2, 2), bias=False)
        (1): BatchNorm2d(512, eps=1e-05, momentum=0.1, affine=True, track_running_stats=True)
      )
    )
    (1): BasicBlock(
      (conv1): Conv2d(512, 512, kernel_size=(3, 3), stride=(1, 1), padding=(1, 1), bias=False)
      (bn1): BatchNorm2d(512, eps=1e-05, momentum=0.1, affine=True, track_running_stats=True)
      (conv2): Conv2d(512, 512, kernel_size=(3, 3), stride=(1, 1), padding=(1, 1), bias=False)
      (bn2): BatchNorm2d(512, eps=1e-05, momentum=0.1, affine=True, track_running_stats=True)
      (shortcut): Sequential()
    )
  )
  (linear): Linear(in_features=512, out_features=100, bias=True)
)
*********************
Retain set accuracy: 100.0%
Forget set accuracy: 70.2%
Load trained attack model
p_Unleak done
p_LiRA done
p_update_LiRA done
p_EMIA done
p_EMIA_p done
p_RMIA done
p_IPapprox_proby_simp done
p_IPapprox_tsm_simp done
p_IPapprox_carlogi_simp done
p_IPapprox_losy_simp done
p_IPapprox_simp_online done
p_IPapprox_simp_offline done
p_IPapprox_simp_online_wo_norm done

start_print
Namespace(dataname='cifar100', unlearn_method='retrain', unlearn_type='set_random', forget_class=0, forget_size=500, forget_class_ratio=0.5, model_numbs=1, SHADOW_AVE_FLAG=True, LOOP=1, EXACT_FLAG=False, shadow_folder='LIRA_checkpoints/shadow_models/', records_folder='/ibex/project/c2283/Evaluate-Unlearning/records/ResNet18/', SEED_init=42, CLASS_init=0, shift_type='shadow_data', model_arch='ResNet18', shadow_arch='ResNet34', INTERAPPROX=100, metrics=['p_Unleak', 'p_LiRA', 'p_update_LiRA', 'p_EMIA', 'p_EMIA_p', 'p_RMIA', 'p_interapprox'], MODEL_CHECK=False, SHADOW_IDXs=[0], SUFFIX='cifar100_retrain_set_random_500')
dict_keys(['p_Unleak', 'p_LiRA', 'p_LiRA_Online', 'p_update_LiRA', 'p_EMIA', 'p_EMIA_p', 'p_RMIA', 'p_RMIA_online', 'p_IPapprox_proby', 'p_IPapprox_proby_simp', 'p_IPapprox_tsm', 'p_IPapprox_tsm_simp', 'p_IPapprox_carlogi', 'p_IPapprox_carlogi_simp', 'p_IPapprox_losy', 'p_IPapprox_losy_simp', 'p_IPapprox_simp_online', 'p_IPapprox_simp_offline', 'p_IPapprox_simp_online_wo_norm'])
Metric values                  auc    acc    tpr0.0 .-5    .-2    tnr0.0 .-5    .-2    1-mean 1-std  0-mean 0-std  cm-std1 cm-std0
p_Unleak                       0.8646 0.8294 0.0591 0.0591 0.1293 0.0000 0.0460 0.6605 0.7365 0.3504 0.2277 0.0922
p_LiRA                         0.7556 0.7205 0.0119 0.0119 0.1678 0.0000 6.56e-05 3.03e-02 -7.06e+60 1.12e+61 -2.58e+61 2.49e+61
p_LiRA_Online                  0.8757 0.7866 0.0110 0.0110 0.1763 0.3200 3.24e-01 5.40e-01 1.10e+61 2.39e+61 -2.49e+61 2.49e+61
p_update_LiRA                  0.6232 0.6229 0.0000 0.0000 0.0138 0.0000 0.0001 0.1120 0.2520 0.4738 -0.0007 0.2211
p_EMIA                         0.8060 0.7384 0.0032 0.0032 0.1533 0.2320 0.2332 0.2865 0.2546 0.2139 0.0843 0.1638
p_EMIA_p                       0.8122 0.8174 0.0005 0.0005 0.0029 0.3100 0.3354 0.6320 0.5072 0.2803 0.2051 0.0825
p_RMIA                         0.8655 0.7629 0.0059 0.0059 0.1517 0.0620 0.1399 0.4824 0.7223 0.1719 0.4142 0.2246
p_RMIA_online                  0.9016 0.8078 0.0917 0.0917 0.2271 0.0500 0.1686 0.5700 0.7434 0.1332 0.5394 0.0956
p_IPapprox_proby               0.8643 0.8371 0.0206 0.0206 0.0494 0.3860 0.3860 0.6728 0.4265 0.3854 0.0005 0.0197
p_IPapprox_proby_simp          0.8668 0.7824 0.0883 0.0883 0.2023 0.3400 0.3760 0.5600 0.6566 0.2934 0.2329 0.2108
p_IPapprox_tsm                 0.8530 0.8351 0.0060 0.0060 0.0142 0.4600 0.4795 0.6520 0.5103 0.3581 0.0161 0.1617
p_IPapprox_tsm_simp            0.8976 0.8298 0.0213 0.0213 0.1523 0.0800 0.0800 0.5733 0.7334 0.2840 0.2397 0.1974
p_IPapprox_carlogi             0.8424 0.8252 0.0047 0.0047 0.0089 0.3160 0.3272 0.5940 0.4760 0.3519 0.0228 0.1868
p_IPapprox_carlogi_simp        0.8780 0.8223 0.0058 0.0058 0.0586 0.0000 0.0071 0.4840 0.7232 0.2791 0.2712 0.2131
p_IPapprox_losy                0.8654 0.8376 0.0314 0.0314 0.0729 0.4120 0.4120 0.6740 0.3019 0.3269 0.0000 0.0072
p_IPapprox_losy_simp           0.8303 0.7642 0.0240 0.0240 0.2112 0.3540 0.3540 0.5220 0.6011 0.2498 0.3023 0.1996
p_IPapprox_simp_online         0.9132 0.8333 0.1359 0.1359 0.2149 0.1560 0.1560 0.6200 0.7102 0.2925 0.1961 0.1638
p_IPapprox_simp_offline        0.9050 0.8381 0.0064 0.0064 0.1344 0.0160 0.0160 0.6080 0.6860 0.3236 0.1517 0.1537
p_IPapprox_simp_online_wo_norm 0.9132 0.8333 0.1359 0.1359 0.2149 0.1560 0.1560 0.6200 0.7102 0.2925 0.1961 0.1638
end_print


Namespace(dataname='cifar100', unlearn_method='retrain', unlearn_type='set_random', forget_class=0, forget_size=500, forget_class_ratio=0.5, model_numbs=1, SHADOW_AVE_FLAG=True, LOOP=1, EXACT_FLAG=False, shadow_folder='LIRA_checkpoints/shadow_models/', records_folder='/ibex/project/c2283/Evaluate-Unlearning/records/ResNet18/', SEED_init=42, CLASS_init=0, shift_type='shadow_data', model_arch='ResNet18', shadow_arch='ResNet50', INTERAPPROX=100, metrics=['p_Unleak', 'p_LiRA', 'p_update_LiRA', 'p_EMIA', 'p_EMIA_p', 'p_RMIA', 'p_interapprox'], MODEL_CHECK=False)
shadow_lists: [[0]]
0-th shadow_list: [0]
Loop 0, SEED 42
cifar100_retrain_set_random_500
Files already downloaded and verified
Files already downloaded and verified
dataname: cifar100, train_set: 50000, held_out: 10000
len of train_set:  50000
init_train_set: 30000
cifar100 shadow_origin training
model_path: LIRA_checkpoints/weights_resnet18_cifar100arch_ResNet18.pth
Train set accuracy: 100.0%
Test set accuracy: 72.8%
model_path: LIRA_checkpoints/unle_models/retrain_weights_resnet18_cifar100_cifar100_retrain_set_random_500_seed_42arch_ResNet18.pth
ResNet(
  (conv1): Conv2d(3, 64, kernel_size=(3, 3), stride=(1, 1), padding=(1, 1), bias=False)
  (bn1): BatchNorm2d(64, eps=1e-05, momentum=0.1, affine=True, track_running_stats=True)
  (layer1): Sequential(
    (0): BasicBlock(
      (conv1): Conv2d(64, 64, kernel_size=(3, 3), stride=(1, 1), padding=(1, 1), bias=False)
      (bn1): BatchNorm2d(64, eps=1e-05, momentum=0.1, affine=True, track_running_stats=True)
      (conv2): Conv2d(64, 64, kernel_size=(3, 3), stride=(1, 1), padding=(1, 1), bias=False)
      (bn2): BatchNorm2d(64, eps=1e-05, momentum=0.1, affine=True, track_running_stats=True)
      (shortcut): Sequential()
    )
    (1): BasicBlock(
      (conv1): Conv2d(64, 64, kernel_size=(3, 3), stride=(1, 1), padding=(1, 1), bias=False)
      (bn1): BatchNorm2d(64, eps=1e-05, momentum=0.1, affine=True, track_running_stats=True)
      (conv2): Conv2d(64, 64, kernel_size=(3, 3), stride=(1, 1), padding=(1, 1), bias=False)
      (bn2): BatchNorm2d(64, eps=1e-05, momentum=0.1, affine=True, track_running_stats=True)
      (shortcut): Sequential()
    )
  )
  (layer2): Sequential(
    (0): BasicBlock(
      (conv1): Conv2d(64, 128, kernel_size=(3, 3), stride=(2, 2), padding=(1, 1), bias=False)
      (bn1): BatchNorm2d(128, eps=1e-05, momentum=0.1, affine=True, track_running_stats=True)
      (conv2): Conv2d(128, 128, kernel_size=(3, 3), stride=(1, 1), padding=(1, 1), bias=False)
      (bn2): BatchNorm2d(128, eps=1e-05, momentum=0.1, affine=True, track_running_stats=True)
      (shortcut): Sequential(
        (0): Conv2d(64, 128, kernel_size=(1, 1), stride=(2, 2), bias=False)
        (1): BatchNorm2d(128, eps=1e-05, momentum=0.1, affine=True, track_running_stats=True)
      )
    )
    (1): BasicBlock(
      (conv1): Conv2d(128, 128, kernel_size=(3, 3), stride=(1, 1), padding=(1, 1), bias=False)
      (bn1): BatchNorm2d(128, eps=1e-05, momentum=0.1, affine=True, track_running_stats=True)
      (conv2): Conv2d(128, 128, kernel_size=(3, 3), stride=(1, 1), padding=(1, 1), bias=False)
      (bn2): BatchNorm2d(128, eps=1e-05, momentum=0.1, affine=True, track_running_stats=True)
      (shortcut): Sequential()
    )
  )
  (layer3): Sequential(
    (0): BasicBlock(
      (conv1): Conv2d(128, 256, kernel_size=(3, 3), stride=(2, 2), padding=(1, 1), bias=False)
      (bn1): BatchNorm2d(256, eps=1e-05, momentum=0.1, affine=True, track_running_stats=True)
      (conv2): Conv2d(256, 256, kernel_size=(3, 3), stride=(1, 1), padding=(1, 1), bias=False)
      (bn2): BatchNorm2d(256, eps=1e-05, momentum=0.1, affine=True, track_running_stats=True)
      (shortcut): Sequential(
        (0): Conv2d(128, 256, kernel_size=(1, 1), stride=(2, 2), bias=False)
        (1): BatchNorm2d(256, eps=1e-05, momentum=0.1, affine=True, track_running_stats=True)
      )
    )
    (1): BasicBlock(
      (conv1): Conv2d(256, 256, kernel_size=(3, 3), stride=(1, 1), padding=(1, 1), bias=False)
      (bn1): BatchNorm2d(256, eps=1e-05, momentum=0.1, affine=True, track_running_stats=True)
      (conv2): Conv2d(256, 256, kernel_size=(3, 3), stride=(1, 1), padding=(1, 1), bias=False)
      (bn2): BatchNorm2d(256, eps=1e-05, momentum=0.1, affine=True, track_running_stats=True)
      (shortcut): Sequential()
    )
  )
  (layer4): Sequential(
    (0): BasicBlock(
      (conv1): Conv2d(256, 512, kernel_size=(3, 3), stride=(2, 2), padding=(1, 1), bias=False)
      (bn1): BatchNorm2d(512, eps=1e-05, momentum=0.1, affine=True, track_running_stats=True)
      (conv2): Conv2d(512, 512, kernel_size=(3, 3), stride=(1, 1), padding=(1, 1), bias=False)
      (bn2): BatchNorm2d(512, eps=1e-05, momentum=0.1, affine=True, track_running_stats=True)
      (shortcut): Sequential(
        (0): Conv2d(256, 512, kernel_size=(1, 1), stride=(2, 2), bias=False)
        (1): BatchNorm2d(512, eps=1e-05, momentum=0.1, affine=True, track_running_stats=True)
      )
    )
    (1): BasicBlock(
      (conv1): Conv2d(512, 512, kernel_size=(3, 3), stride=(1, 1), padding=(1, 1), bias=False)
      (bn1): BatchNorm2d(512, eps=1e-05, momentum=0.1, affine=True, track_running_stats=True)
      (conv2): Conv2d(512, 512, kernel_size=(3, 3), stride=(1, 1), padding=(1, 1), bias=False)
      (bn2): BatchNorm2d(512, eps=1e-05, momentum=0.1, affine=True, track_running_stats=True)
      (shortcut): Sequential()
    )
  )
  (linear): Linear(in_features=512, out_features=100, bias=True)
)
*********************
Retain set accuracy: 100.0%
Forget set accuracy: 70.2%
Load trained attack model
p_Unleak done
p_LiRA done
p_update_LiRA done
p_EMIA done
p_EMIA_p done
p_RMIA done
p_IPapprox_proby_simp done
p_IPapprox_tsm_simp done
p_IPapprox_carlogi_simp done
p_IPapprox_losy_simp done
p_IPapprox_simp_online done
p_IPapprox_simp_offline done
p_IPapprox_simp_online_wo_norm done

start_print
Namespace(dataname='cifar100', unlearn_method='retrain', unlearn_type='set_random', forget_class=0, forget_size=500, forget_class_ratio=0.5, model_numbs=1, SHADOW_AVE_FLAG=True, LOOP=1, EXACT_FLAG=False, shadow_folder='LIRA_checkpoints/shadow_models/', records_folder='/ibex/project/c2283/Evaluate-Unlearning/records/ResNet18/', SEED_init=42, CLASS_init=0, shift_type='shadow_data', model_arch='ResNet18', shadow_arch='ResNet50', INTERAPPROX=100, metrics=['p_Unleak', 'p_LiRA', 'p_update_LiRA', 'p_EMIA', 'p_EMIA_p', 'p_RMIA', 'p_interapprox'], MODEL_CHECK=False, SHADOW_IDXs=[0], SUFFIX='cifar100_retrain_set_random_500')
dict_keys(['p_Unleak', 'p_LiRA', 'p_LiRA_Online', 'p_update_LiRA', 'p_EMIA', 'p_EMIA_p', 'p_RMIA', 'p_RMIA_online', 'p_IPapprox_proby', 'p_IPapprox_proby_simp', 'p_IPapprox_tsm', 'p_IPapprox_tsm_simp', 'p_IPapprox_carlogi', 'p_IPapprox_carlogi_simp', 'p_IPapprox_losy', 'p_IPapprox_losy_simp', 'p_IPapprox_simp_online', 'p_IPapprox_simp_offline', 'p_IPapprox_simp_online_wo_norm'])
Metric values                  auc    acc    tpr0.0 .-5    .-2    tnr0.0 .-5    .-2    1-mean 1-std  0-mean 0-std  cm-std1 cm-std0
p_Unleak                       0.8646 0.8294 0.0591 0.0591 0.1293 0.0000 0.0460 0.6605 0.7365 0.3504 0.2277 0.0922
p_LiRA                         0.7448 0.7051 0.0224 0.0224 0.1947 0.0000 0.00e+00 2.65e-02 -7.39e+60 1.11e+61 -2.66e+61 2.67e+61
p_LiRA_Online                  0.8721 0.7872 0.0258 0.0258 0.2193 0.2800 2.80e-01 5.53e-01 1.07e+61 2.35e+61 -2.57e+61 2.67e+61
p_update_LiRA                  0.5996 0.5971 0.0000 0.0000 0.0170 0.0000 0.0001 0.0917 0.2040 0.4363 -0.0001 0.2182
p_EMIA                         0.7932 0.7283 0.0036 0.0036 0.2214 0.2080 0.2080 0.3041 0.2884 0.2105 0.1205 0.1929
p_EMIA_p                       0.8122 0.8174 0.0005 0.0005 0.0029 0.3100 0.3354 0.6320 0.5072 0.2803 0.2051 0.0825
p_RMIA                         0.8624 0.7609 0.0023 0.0023 0.2512 0.1580 0.2194 0.4720 0.7143 0.1712 0.4079 0.2234
p_RMIA_online                  0.8980 0.8000 0.0763 0.0763 0.2747 0.2460 0.2991 0.5716 0.7392 0.1343 0.5346 0.0978
p_IPapprox_proby               0.8633 0.8371 0.0211 0.0211 0.0625 0.0000 0.1215 0.6725 0.4302 0.3885 0.0005 0.0200
p_IPapprox_proby_simp          0.8618 0.7776 0.1155 0.1155 0.1888 0.0000 0.1145 0.5587 0.6552 0.2904 0.2378 0.2123
p_IPapprox_tsm                 0.8534 0.8343 0.0051 0.0051 0.0203 0.5180 0.5180 0.6593 0.5138 0.3605 0.0164 0.1624
p_IPapprox_tsm_simp            0.8948 0.8268 0.0360 0.0360 0.1996 0.0480 0.0480 0.5620 0.7261 0.2870 0.2378 0.1973
p_IPapprox_carlogi             0.8428 0.8265 0.0003 0.0003 0.0096 0.3140 0.3140 0.6063 0.4660 0.3493 0.0205 0.1841
p_IPapprox_carlogi_simp        0.8767 0.8170 0.0061 0.0061 0.1150 0.0080 0.0080 0.3920 0.7193 0.2661 0.2851 0.2202
p_IPapprox_losy                0.8641 0.8345 0.0338 0.0338 0.0750 0.4260 0.4260 0.6660 0.2945 0.3198 -0.0000 0.0067
p_IPapprox_losy_simp           0.8184 0.7519 0.0382 0.0382 0.1852 0.3060 0.3160 0.5105 0.5908 0.2396 0.3091 0.1984
p_IPapprox_simp_online         0.9093 0.8270 0.1176 0.1176 0.2382 0.0760 0.0760 0.6000 0.7050 0.2915 0.2031 0.1685
p_IPapprox_simp_offline        0.8996 0.8292 0.0214 0.0214 0.1797 0.0700 0.0700 0.5880 0.6800 0.3229 0.1594 0.1588
p_IPapprox_simp_online_wo_norm 0.9093 0.8270 0.1176 0.1176 0.2382 0.0760 0.0760 0.6000 0.7050 0.2915 0.2031 0.1685
end_print


Namespace(dataname='cifar100', unlearn_method='retrain', unlearn_type='set_random', forget_class=0, forget_size=500, forget_class_ratio=0.5, model_numbs=1, SHADOW_AVE_FLAG=True, LOOP=1, EXACT_FLAG=False, shadow_folder='LIRA_checkpoints/shadow_models/', records_folder='/ibex/project/c2283/Evaluate-Unlearning/records/ResNet18/', SEED_init=42, CLASS_init=0, shift_type='shadow_data', model_arch='ResNet18', shadow_arch='vgg16', INTERAPPROX=100, metrics=['p_Unleak', 'p_LiRA', 'p_update_LiRA', 'p_EMIA', 'p_EMIA_p', 'p_RMIA', 'p_interapprox'], MODEL_CHECK=False)
shadow_lists: [[0]]
0-th shadow_list: [0]
Loop 0, SEED 42
cifar100_retrain_set_random_500
Files already downloaded and verified
Files already downloaded and verified
dataname: cifar100, train_set: 50000, held_out: 10000
len of train_set:  50000
init_train_set: 30000
cifar100 shadow_origin training
model_path: LIRA_checkpoints/weights_resnet18_cifar100arch_ResNet18.pth
Train set accuracy: 100.0%
Test set accuracy: 72.8%
model_path: LIRA_checkpoints/unle_models/retrain_weights_resnet18_cifar100_cifar100_retrain_set_random_500_seed_42arch_ResNet18.pth
ResNet(
  (conv1): Conv2d(3, 64, kernel_size=(3, 3), stride=(1, 1), padding=(1, 1), bias=False)
  (bn1): BatchNorm2d(64, eps=1e-05, momentum=0.1, affine=True, track_running_stats=True)
  (layer1): Sequential(
    (0): BasicBlock(
      (conv1): Conv2d(64, 64, kernel_size=(3, 3), stride=(1, 1), padding=(1, 1), bias=False)
      (bn1): BatchNorm2d(64, eps=1e-05, momentum=0.1, affine=True, track_running_stats=True)
      (conv2): Conv2d(64, 64, kernel_size=(3, 3), stride=(1, 1), padding=(1, 1), bias=False)
      (bn2): BatchNorm2d(64, eps=1e-05, momentum=0.1, affine=True, track_running_stats=True)
      (shortcut): Sequential()
    )
    (1): BasicBlock(
      (conv1): Conv2d(64, 64, kernel_size=(3, 3), stride=(1, 1), padding=(1, 1), bias=False)
      (bn1): BatchNorm2d(64, eps=1e-05, momentum=0.1, affine=True, track_running_stats=True)
      (conv2): Conv2d(64, 64, kernel_size=(3, 3), stride=(1, 1), padding=(1, 1), bias=False)
      (bn2): BatchNorm2d(64, eps=1e-05, momentum=0.1, affine=True, track_running_stats=True)
      (shortcut): Sequential()
    )
  )
  (layer2): Sequential(
    (0): BasicBlock(
      (conv1): Conv2d(64, 128, kernel_size=(3, 3), stride=(2, 2), padding=(1, 1), bias=False)
      (bn1): BatchNorm2d(128, eps=1e-05, momentum=0.1, affine=True, track_running_stats=True)
      (conv2): Conv2d(128, 128, kernel_size=(3, 3), stride=(1, 1), padding=(1, 1), bias=False)
      (bn2): BatchNorm2d(128, eps=1e-05, momentum=0.1, affine=True, track_running_stats=True)
      (shortcut): Sequential(
        (0): Conv2d(64, 128, kernel_size=(1, 1), stride=(2, 2), bias=False)
        (1): BatchNorm2d(128, eps=1e-05, momentum=0.1, affine=True, track_running_stats=True)
      )
    )
    (1): BasicBlock(
      (conv1): Conv2d(128, 128, kernel_size=(3, 3), stride=(1, 1), padding=(1, 1), bias=False)
      (bn1): BatchNorm2d(128, eps=1e-05, momentum=0.1, affine=True, track_running_stats=True)
      (conv2): Conv2d(128, 128, kernel_size=(3, 3), stride=(1, 1), padding=(1, 1), bias=False)
      (bn2): BatchNorm2d(128, eps=1e-05, momentum=0.1, affine=True, track_running_stats=True)
      (shortcut): Sequential()
    )
  )
  (layer3): Sequential(
    (0): BasicBlock(
      (conv1): Conv2d(128, 256, kernel_size=(3, 3), stride=(2, 2), padding=(1, 1), bias=False)
      (bn1): BatchNorm2d(256, eps=1e-05, momentum=0.1, affine=True, track_running_stats=True)
      (conv2): Conv2d(256, 256, kernel_size=(3, 3), stride=(1, 1), padding=(1, 1), bias=False)
      (bn2): BatchNorm2d(256, eps=1e-05, momentum=0.1, affine=True, track_running_stats=True)
      (shortcut): Sequential(
        (0): Conv2d(128, 256, kernel_size=(1, 1), stride=(2, 2), bias=False)
        (1): BatchNorm2d(256, eps=1e-05, momentum=0.1, affine=True, track_running_stats=True)
      )
    )
    (1): BasicBlock(
      (conv1): Conv2d(256, 256, kernel_size=(3, 3), stride=(1, 1), padding=(1, 1), bias=False)
      (bn1): BatchNorm2d(256, eps=1e-05, momentum=0.1, affine=True, track_running_stats=True)
      (conv2): Conv2d(256, 256, kernel_size=(3, 3), stride=(1, 1), padding=(1, 1), bias=False)
      (bn2): BatchNorm2d(256, eps=1e-05, momentum=0.1, affine=True, track_running_stats=True)
      (shortcut): Sequential()
    )
  )
  (layer4): Sequential(
    (0): BasicBlock(
      (conv1): Conv2d(256, 512, kernel_size=(3, 3), stride=(2, 2), padding=(1, 1), bias=False)
      (bn1): BatchNorm2d(512, eps=1e-05, momentum=0.1, affine=True, track_running_stats=True)
      (conv2): Conv2d(512, 512, kernel_size=(3, 3), stride=(1, 1), padding=(1, 1), bias=False)
      (bn2): BatchNorm2d(512, eps=1e-05, momentum=0.1, affine=True, track_running_stats=True)
      (shortcut): Sequential(
        (0): Conv2d(256, 512, kernel_size=(1, 1), stride=(2, 2), bias=False)
        (1): BatchNorm2d(512, eps=1e-05, momentum=0.1, affine=True, track_running_stats=True)
      )
    )
    (1): BasicBlock(
      (conv1): Conv2d(512, 512, kernel_size=(3, 3), stride=(1, 1), padding=(1, 1), bias=False)
      (bn1): BatchNorm2d(512, eps=1e-05, momentum=0.1, affine=True, track_running_stats=True)
      (conv2): Conv2d(512, 512, kernel_size=(3, 3), stride=(1, 1), padding=(1, 1), bias=False)
      (bn2): BatchNorm2d(512, eps=1e-05, momentum=0.1, affine=True, track_running_stats=True)
      (shortcut): Sequential()
    )
  )
  (linear): Linear(in_features=512, out_features=100, bias=True)
)
*********************
Retain set accuracy: 100.0%
Forget set accuracy: 70.2%
Load trained attack model
p_Unleak done
p_LiRA done
p_update_LiRA done
p_EMIA done
p_EMIA_p done
p_RMIA done
p_IPapprox_proby_simp done
p_IPapprox_tsm_simp done
p_IPapprox_carlogi_simp done
p_IPapprox_losy_simp done
p_IPapprox_simp_online done
p_IPapprox_simp_offline done
p_IPapprox_simp_online_wo_norm done

start_print
Namespace(dataname='cifar100', unlearn_method='retrain', unlearn_type='set_random', forget_class=0, forget_size=500, forget_class_ratio=0.5, model_numbs=1, SHADOW_AVE_FLAG=True, LOOP=1, EXACT_FLAG=False, shadow_folder='LIRA_checkpoints/shadow_models/', records_folder='/ibex/project/c2283/Evaluate-Unlearning/records/ResNet18/', SEED_init=42, CLASS_init=0, shift_type='shadow_data', model_arch='ResNet18', shadow_arch='vgg16', INTERAPPROX=100, metrics=['p_Unleak', 'p_LiRA', 'p_update_LiRA', 'p_EMIA', 'p_EMIA_p', 'p_RMIA', 'p_interapprox'], MODEL_CHECK=False, SHADOW_IDXs=[0], SUFFIX='cifar100_retrain_set_random_500')
dict_keys(['p_Unleak', 'p_LiRA', 'p_LiRA_Online', 'p_update_LiRA', 'p_EMIA', 'p_EMIA_p', 'p_RMIA', 'p_RMIA_online', 'p_IPapprox_proby', 'p_IPapprox_proby_simp', 'p_IPapprox_tsm', 'p_IPapprox_tsm_simp', 'p_IPapprox_carlogi', 'p_IPapprox_carlogi_simp', 'p_IPapprox_losy', 'p_IPapprox_losy_simp', 'p_IPapprox_simp_online', 'p_IPapprox_simp_offline', 'p_IPapprox_simp_online_wo_norm'])
Metric values                  auc    acc    tpr0.0 .-5    .-2    tnr0.0 .-5    .-2    1-mean 1-std  0-mean 0-std  cm-std1 cm-std0
p_Unleak                       0.8646 0.8294 0.0591 0.0591 0.1293 0.0000 0.0460 0.6605 0.7365 0.3504 0.2277 0.0922
p_LiRA                         0.5896 0.5750 0.0076 0.0076 0.0326 0.0000 0.00e+00 1.64e-02 -5.26e+61 7.07e+61 -8.46e+61 1.07e+62
p_LiRA_Online                  0.6849 0.6426 0.0084 0.0084 0.0324 0.1580 1.58e-01 2.87e-01 -3.45e+61 7.41e+61 -8.37e+61 1.07e+62
p_update_LiRA                  0.5601 0.5578 0.0000 0.0000 0.0168 0.0000 0.0001 0.0898 0.1220 0.3509 -0.0000 0.1702
p_EMIA                         0.7843 0.7843 0.0514 0.0514 0.0887 0.3180 0.3180 0.5633 0.4550 0.1340 0.3904 0.1991
p_EMIA_p                       0.8122 0.8174 0.0005 0.0005 0.0029 0.3100 0.3354 0.6320 0.5072 0.2803 0.2051 0.0825
p_RMIA                         0.8485 0.7627 0.0005 0.0005 0.1303 0.0300 0.1303 0.4647 0.6986 0.1872 0.4254 0.2041
p_RMIA_online                  0.8879 0.8053 0.0175 0.0175 0.1840 0.0000 0.1369 0.5812 0.7320 0.1406 0.5401 0.0840
p_IPapprox_proby               0.8625 0.8348 0.0214 0.0214 0.0957 0.0000 0.1257 0.6620 0.4100 0.3812 0.0004 0.0179
p_IPapprox_proby_simp          0.8422 0.7743 0.0409 0.0409 0.1438 0.0920 0.1646 0.5520 0.6329 0.3085 0.2362 0.2245
p_IPapprox_tsm                 0.8541 0.8346 0.0039 0.0039 0.0252 0.4660 0.4660 0.6580 0.5258 0.3599 0.0192 0.1630
p_IPapprox_tsm_simp            0.8822 0.8349 0.0139 0.0139 0.1121 0.1240 0.1240 0.5900 0.7119 0.3125 0.2134 0.1835
p_IPapprox_carlogi             0.8411 0.8131 0.0002 0.0002 0.0118 0.2960 0.2960 0.5820 0.3281 0.2587 0.0070 0.1277
p_IPapprox_carlogi_simp        0.8151 0.7603 0.0039 0.0039 0.0743 0.0000 0.0000 0.0497 0.6726 0.2162 0.3658 0.2493
p_IPapprox_losy                0.8624 0.8331 0.0360 0.0360 0.0789 0.0000 0.1221 0.6590 0.1686 0.2026 -0.0000 0.0027
p_IPapprox_losy_simp           0.7117 0.6899 0.0064 0.0064 0.0372 0.1720 0.1956 0.3841 0.4646 0.2262 0.3140 0.2012
p_IPapprox_simp_online         0.8923 0.8190 0.0543 0.0543 0.1374 0.0860 0.0860 0.5743 0.6926 0.2790 0.2286 0.1860
p_IPapprox_simp_offline        0.8815 0.8178 0.0003 0.0003 0.0491 0.0000 0.0118 0.5587 0.6708 0.3048 0.1921 0.1773
p_IPapprox_simp_online_wo_norm 0.8923 0.8190 0.0543 0.0543 0.1374 0.0860 0.0860 0.5743 0.6926 0.2790 0.2286 0.1860
end_print


Namespace(dataname='cifar100', unlearn_method='retrain', unlearn_type='set_random', forget_class=0, forget_size=500, forget_class_ratio=0.5, model_numbs=1, SHADOW_AVE_FLAG=True, LOOP=1, EXACT_FLAG=False, shadow_folder='LIRA_checkpoints/shadow_models/', records_folder='/ibex/project/c2283/Evaluate-Unlearning/records/ResNet18/', SEED_init=42, CLASS_init=0, shift_type='shadow_data', model_arch='ResNet18', shadow_arch='vgg11', INTERAPPROX=100, metrics=['p_Unleak', 'p_LiRA', 'p_update_LiRA', 'p_EMIA', 'p_EMIA_p', 'p_RMIA', 'p_interapprox'], MODEL_CHECK=False)
shadow_lists: [[0]]
0-th shadow_list: [0]
Loop 0, SEED 42
cifar100_retrain_set_random_500
Files already downloaded and verified
Files already downloaded and verified
dataname: cifar100, train_set: 50000, held_out: 10000
len of train_set:  50000
init_train_set: 30000
cifar100 shadow_origin training
model_path: LIRA_checkpoints/weights_resnet18_cifar100arch_ResNet18.pth
Train set accuracy: 100.0%
Test set accuracy: 72.8%
model_path: LIRA_checkpoints/unle_models/retrain_weights_resnet18_cifar100_cifar100_retrain_set_random_500_seed_42arch_ResNet18.pth
ResNet(
  (conv1): Conv2d(3, 64, kernel_size=(3, 3), stride=(1, 1), padding=(1, 1), bias=False)
  (bn1): BatchNorm2d(64, eps=1e-05, momentum=0.1, affine=True, track_running_stats=True)
  (layer1): Sequential(
    (0): BasicBlock(
      (conv1): Conv2d(64, 64, kernel_size=(3, 3), stride=(1, 1), padding=(1, 1), bias=False)
      (bn1): BatchNorm2d(64, eps=1e-05, momentum=0.1, affine=True, track_running_stats=True)
      (conv2): Conv2d(64, 64, kernel_size=(3, 3), stride=(1, 1), padding=(1, 1), bias=False)
      (bn2): BatchNorm2d(64, eps=1e-05, momentum=0.1, affine=True, track_running_stats=True)
      (shortcut): Sequential()
    )
    (1): BasicBlock(
      (conv1): Conv2d(64, 64, kernel_size=(3, 3), stride=(1, 1), padding=(1, 1), bias=False)
      (bn1): BatchNorm2d(64, eps=1e-05, momentum=0.1, affine=True, track_running_stats=True)
      (conv2): Conv2d(64, 64, kernel_size=(3, 3), stride=(1, 1), padding=(1, 1), bias=False)
      (bn2): BatchNorm2d(64, eps=1e-05, momentum=0.1, affine=True, track_running_stats=True)
      (shortcut): Sequential()
    )
  )
  (layer2): Sequential(
    (0): BasicBlock(
      (conv1): Conv2d(64, 128, kernel_size=(3, 3), stride=(2, 2), padding=(1, 1), bias=False)
      (bn1): BatchNorm2d(128, eps=1e-05, momentum=0.1, affine=True, track_running_stats=True)
      (conv2): Conv2d(128, 128, kernel_size=(3, 3), stride=(1, 1), padding=(1, 1), bias=False)
      (bn2): BatchNorm2d(128, eps=1e-05, momentum=0.1, affine=True, track_running_stats=True)
      (shortcut): Sequential(
        (0): Conv2d(64, 128, kernel_size=(1, 1), stride=(2, 2), bias=False)
        (1): BatchNorm2d(128, eps=1e-05, momentum=0.1, affine=True, track_running_stats=True)
      )
    )
    (1): BasicBlock(
      (conv1): Conv2d(128, 128, kernel_size=(3, 3), stride=(1, 1), padding=(1, 1), bias=False)
      (bn1): BatchNorm2d(128, eps=1e-05, momentum=0.1, affine=True, track_running_stats=True)
      (conv2): Conv2d(128, 128, kernel_size=(3, 3), stride=(1, 1), padding=(1, 1), bias=False)
      (bn2): BatchNorm2d(128, eps=1e-05, momentum=0.1, affine=True, track_running_stats=True)
      (shortcut): Sequential()
    )
  )
  (layer3): Sequential(
    (0): BasicBlock(
      (conv1): Conv2d(128, 256, kernel_size=(3, 3), stride=(2, 2), padding=(1, 1), bias=False)
      (bn1): BatchNorm2d(256, eps=1e-05, momentum=0.1, affine=True, track_running_stats=True)
      (conv2): Conv2d(256, 256, kernel_size=(3, 3), stride=(1, 1), padding=(1, 1), bias=False)
      (bn2): BatchNorm2d(256, eps=1e-05, momentum=0.1, affine=True, track_running_stats=True)
      (shortcut): Sequential(
        (0): Conv2d(128, 256, kernel_size=(1, 1), stride=(2, 2), bias=False)
        (1): BatchNorm2d(256, eps=1e-05, momentum=0.1, affine=True, track_running_stats=True)
      )
    )
    (1): BasicBlock(
      (conv1): Conv2d(256, 256, kernel_size=(3, 3), stride=(1, 1), padding=(1, 1), bias=False)
      (bn1): BatchNorm2d(256, eps=1e-05, momentum=0.1, affine=True, track_running_stats=True)
      (conv2): Conv2d(256, 256, kernel_size=(3, 3), stride=(1, 1), padding=(1, 1), bias=False)
      (bn2): BatchNorm2d(256, eps=1e-05, momentum=0.1, affine=True, track_running_stats=True)
      (shortcut): Sequential()
    )
  )
  (layer4): Sequential(
    (0): BasicBlock(
      (conv1): Conv2d(256, 512, kernel_size=(3, 3), stride=(2, 2), padding=(1, 1), bias=False)
      (bn1): BatchNorm2d(512, eps=1e-05, momentum=0.1, affine=True, track_running_stats=True)
      (conv2): Conv2d(512, 512, kernel_size=(3, 3), stride=(1, 1), padding=(1, 1), bias=False)
      (bn2): BatchNorm2d(512, eps=1e-05, momentum=0.1, affine=True, track_running_stats=True)
      (shortcut): Sequential(
        (0): Conv2d(256, 512, kernel_size=(1, 1), stride=(2, 2), bias=False)
        (1): BatchNorm2d(512, eps=1e-05, momentum=0.1, affine=True, track_running_stats=True)
      )
    )
    (1): BasicBlock(
      (conv1): Conv2d(512, 512, kernel_size=(3, 3), stride=(1, 1), padding=(1, 1), bias=False)
      (bn1): BatchNorm2d(512, eps=1e-05, momentum=0.1, affine=True, track_running_stats=True)
      (conv2): Conv2d(512, 512, kernel_size=(3, 3), stride=(1, 1), padding=(1, 1), bias=False)
      (bn2): BatchNorm2d(512, eps=1e-05, momentum=0.1, affine=True, track_running_stats=True)
      (shortcut): Sequential()
    )
  )
  (linear): Linear(in_features=512, out_features=100, bias=True)
)
*********************
Retain set accuracy: 100.0%
Forget set accuracy: 70.2%
Load trained attack model
p_Unleak done
p_LiRA done
p_update_LiRA done
p_EMIA done
p_EMIA_p done
p_RMIA done
p_IPapprox_proby_simp done
p_IPapprox_tsm_simp done
p_IPapprox_carlogi_simp done
p_IPapprox_losy_simp done
p_IPapprox_simp_online done
p_IPapprox_simp_offline done
p_IPapprox_simp_online_wo_norm done

start_print
Namespace(dataname='cifar100', unlearn_method='retrain', unlearn_type='set_random', forget_class=0, forget_size=500, forget_class_ratio=0.5, model_numbs=1, SHADOW_AVE_FLAG=True, LOOP=1, EXACT_FLAG=False, shadow_folder='LIRA_checkpoints/shadow_models/', records_folder='/ibex/project/c2283/Evaluate-Unlearning/records/ResNet18/', SEED_init=42, CLASS_init=0, shift_type='shadow_data', model_arch='ResNet18', shadow_arch='vgg11', INTERAPPROX=100, metrics=['p_Unleak', 'p_LiRA', 'p_update_LiRA', 'p_EMIA', 'p_EMIA_p', 'p_RMIA', 'p_interapprox'], MODEL_CHECK=False, SHADOW_IDXs=[0], SUFFIX='cifar100_retrain_set_random_500')
dict_keys(['p_Unleak', 'p_LiRA', 'p_LiRA_Online', 'p_update_LiRA', 'p_EMIA', 'p_EMIA_p', 'p_RMIA', 'p_RMIA_online', 'p_IPapprox_proby', 'p_IPapprox_proby_simp', 'p_IPapprox_tsm', 'p_IPapprox_tsm_simp', 'p_IPapprox_carlogi', 'p_IPapprox_carlogi_simp', 'p_IPapprox_losy', 'p_IPapprox_losy_simp', 'p_IPapprox_simp_online', 'p_IPapprox_simp_offline', 'p_IPapprox_simp_online_wo_norm'])
Metric values                  auc    acc    tpr0.0 .-5    .-2    tnr0.0 .-5    .-2    1-mean 1-std  0-mean 0-std  cm-std1 cm-std0
p_Unleak                       0.8646 0.8294 0.0591 0.0591 0.1293 0.0000 0.0460 0.6605 0.7365 0.3504 0.2277 0.0922
p_LiRA                         0.6185 0.6007 0.0031 0.0031 0.0219 0.0000 0.00e+00 1.17e-02 -4.58e+61 7.18e+61 -7.57e+61 9.43e+61
p_LiRA_Online                  0.7252 0.6784 0.0031 0.0031 0.0220 0.1480 1.48e-01 3.52e-01 -2.77e+61 7.60e+61 -7.47e+61 9.44e+61
p_update_LiRA                  0.5645 0.5615 0.0000 0.0000 0.0185 0.0000 0.0001 0.0915 0.1320 0.3558 0.0012 0.1703
p_EMIA                         0.7794 0.7707 0.0096 0.0096 0.0775 0.3100 0.3301 0.5406 0.4429 0.1484 0.3545 0.2172
p_EMIA_p                       0.8122 0.8174 0.0005 0.0005 0.0029 0.3100 0.3354 0.6320 0.5072 0.2803 0.2051 0.0825
p_RMIA                         0.8477 0.7596 0.0006 0.0006 0.0491 0.0720 0.1581 0.4560 0.6986 0.1909 0.4148 0.2066
p_RMIA_online                  0.8871 0.8057 0.0194 0.0194 0.1891 0.0440 0.1673 0.5543 0.7324 0.1414 0.5339 0.0914
p_IPapprox_proby               0.8633 0.8339 0.0199 0.0199 0.0896 0.3480 0.3480 0.6666 0.4093 0.3787 0.0005 0.0180
p_IPapprox_proby_simp          0.8438 0.7686 0.0979 0.0979 0.1435 0.0960 0.0960 0.5412 0.6301 0.3125 0.2230 0.2216
p_IPapprox_tsm                 0.8537 0.8332 0.0038 0.0038 0.0184 0.5080 0.5080 0.6524 0.5165 0.3575 0.0178 0.1611
p_IPapprox_tsm_simp            0.8875 0.8250 0.0123 0.0123 0.0899 0.0780 0.0780 0.5580 0.7196 0.2994 0.2272 0.1953
p_IPapprox_carlogi             0.8426 0.8170 0.0001 0.0001 0.0108 0.2880 0.2880 0.5900 0.3448 0.2673 0.0088 0.1329
p_IPapprox_carlogi_simp        0.8263 0.7725 0.0008 0.0008 0.0884 0.0000 0.0000 0.0568 0.6737 0.2228 0.3488 0.2453
p_IPapprox_losy                0.8608 0.8271 0.0351 0.0351 0.0757 0.4020 0.4020 0.6500 0.1796 0.2156 -0.0000 0.0031
p_IPapprox_losy_simp           0.7232 0.6923 0.0032 0.0032 0.0549 0.2000 0.2000 0.3906 0.4781 0.2306 0.3070 0.2001
p_IPapprox_simp_online         0.8929 0.8195 0.0742 0.0742 0.1357 0.1180 0.1180 0.5740 0.6865 0.2864 0.2157 0.1821
p_IPapprox_simp_offline        0.8814 0.8186 0.0002 0.0002 0.0309 0.0580 0.0580 0.5612 0.6644 0.3124 0.1787 0.1732
p_IPapprox_simp_online_wo_norm 0.8929 0.8195 0.0742 0.0742 0.1357 0.1180 0.1180 0.5740 0.6865 0.2864 0.2157 0.1821
end_print


Namespace(dataname='cifar100', unlearn_method='retrain', unlearn_type='set_random', forget_class=0, forget_size=500, forget_class_ratio=0.5, model_numbs=1, SHADOW_AVE_FLAG=True, LOOP=1, EXACT_FLAG=False, shadow_folder='LIRA_checkpoints/shadow_models/', records_folder='/ibex/project/c2283/Evaluate-Unlearning/records/ResNet18/', SEED_init=42, CLASS_init=0, shift_type='shadow_data', model_arch='ResNet18', shadow_arch='DenseNet', INTERAPPROX=100, metrics=['p_Unleak', 'p_LiRA', 'p_update_LiRA', 'p_EMIA', 'p_EMIA_p', 'p_RMIA', 'p_interapprox'], MODEL_CHECK=False)
shadow_lists: [[0]]
0-th shadow_list: [0]
Loop 0, SEED 42
cifar100_retrain_set_random_500
Files already downloaded and verified
Files already downloaded and verified
dataname: cifar100, train_set: 50000, held_out: 10000
len of train_set:  50000
init_train_set: 30000
cifar100 shadow_origin training
model_path: LIRA_checkpoints/weights_resnet18_cifar100arch_ResNet18.pth
Train set accuracy: 100.0%
Test set accuracy: 72.8%
model_path: LIRA_checkpoints/unle_models/retrain_weights_resnet18_cifar100_cifar100_retrain_set_random_500_seed_42arch_ResNet18.pth
ResNet(
  (conv1): Conv2d(3, 64, kernel_size=(3, 3), stride=(1, 1), padding=(1, 1), bias=False)
  (bn1): BatchNorm2d(64, eps=1e-05, momentum=0.1, affine=True, track_running_stats=True)
  (layer1): Sequential(
    (0): BasicBlock(
      (conv1): Conv2d(64, 64, kernel_size=(3, 3), stride=(1, 1), padding=(1, 1), bias=False)
      (bn1): BatchNorm2d(64, eps=1e-05, momentum=0.1, affine=True, track_running_stats=True)
      (conv2): Conv2d(64, 64, kernel_size=(3, 3), stride=(1, 1), padding=(1, 1), bias=False)
      (bn2): BatchNorm2d(64, eps=1e-05, momentum=0.1, affine=True, track_running_stats=True)
      (shortcut): Sequential()
    )
    (1): BasicBlock(
      (conv1): Conv2d(64, 64, kernel_size=(3, 3), stride=(1, 1), padding=(1, 1), bias=False)
      (bn1): BatchNorm2d(64, eps=1e-05, momentum=0.1, affine=True, track_running_stats=True)
      (conv2): Conv2d(64, 64, kernel_size=(3, 3), stride=(1, 1), padding=(1, 1), bias=False)
      (bn2): BatchNorm2d(64, eps=1e-05, momentum=0.1, affine=True, track_running_stats=True)
      (shortcut): Sequential()
    )
  )
  (layer2): Sequential(
    (0): BasicBlock(
      (conv1): Conv2d(64, 128, kernel_size=(3, 3), stride=(2, 2), padding=(1, 1), bias=False)
      (bn1): BatchNorm2d(128, eps=1e-05, momentum=0.1, affine=True, track_running_stats=True)
      (conv2): Conv2d(128, 128, kernel_size=(3, 3), stride=(1, 1), padding=(1, 1), bias=False)
      (bn2): BatchNorm2d(128, eps=1e-05, momentum=0.1, affine=True, track_running_stats=True)
      (shortcut): Sequential(
        (0): Conv2d(64, 128, kernel_size=(1, 1), stride=(2, 2), bias=False)
        (1): BatchNorm2d(128, eps=1e-05, momentum=0.1, affine=True, track_running_stats=True)
      )
    )
    (1): BasicBlock(
      (conv1): Conv2d(128, 128, kernel_size=(3, 3), stride=(1, 1), padding=(1, 1), bias=False)
      (bn1): BatchNorm2d(128, eps=1e-05, momentum=0.1, affine=True, track_running_stats=True)
      (conv2): Conv2d(128, 128, kernel_size=(3, 3), stride=(1, 1), padding=(1, 1), bias=False)
      (bn2): BatchNorm2d(128, eps=1e-05, momentum=0.1, affine=True, track_running_stats=True)
      (shortcut): Sequential()
    )
  )
  (layer3): Sequential(
    (0): BasicBlock(
      (conv1): Conv2d(128, 256, kernel_size=(3, 3), stride=(2, 2), padding=(1, 1), bias=False)
      (bn1): BatchNorm2d(256, eps=1e-05, momentum=0.1, affine=True, track_running_stats=True)
      (conv2): Conv2d(256, 256, kernel_size=(3, 3), stride=(1, 1), padding=(1, 1), bias=False)
      (bn2): BatchNorm2d(256, eps=1e-05, momentum=0.1, affine=True, track_running_stats=True)
      (shortcut): Sequential(
        (0): Conv2d(128, 256, kernel_size=(1, 1), stride=(2, 2), bias=False)
        (1): BatchNorm2d(256, eps=1e-05, momentum=0.1, affine=True, track_running_stats=True)
      )
    )
    (1): BasicBlock(
      (conv1): Conv2d(256, 256, kernel_size=(3, 3), stride=(1, 1), padding=(1, 1), bias=False)
      (bn1): BatchNorm2d(256, eps=1e-05, momentum=0.1, affine=True, track_running_stats=True)
      (conv2): Conv2d(256, 256, kernel_size=(3, 3), stride=(1, 1), padding=(1, 1), bias=False)
      (bn2): BatchNorm2d(256, eps=1e-05, momentum=0.1, affine=True, track_running_stats=True)
      (shortcut): Sequential()
    )
  )
  (layer4): Sequential(
    (0): BasicBlock(
      (conv1): Conv2d(256, 512, kernel_size=(3, 3), stride=(2, 2), padding=(1, 1), bias=False)
      (bn1): BatchNorm2d(512, eps=1e-05, momentum=0.1, affine=True, track_running_stats=True)
      (conv2): Conv2d(512, 512, kernel_size=(3, 3), stride=(1, 1), padding=(1, 1), bias=False)
      (bn2): BatchNorm2d(512, eps=1e-05, momentum=0.1, affine=True, track_running_stats=True)
      (shortcut): Sequential(
        (0): Conv2d(256, 512, kernel_size=(1, 1), stride=(2, 2), bias=False)
        (1): BatchNorm2d(512, eps=1e-05, momentum=0.1, affine=True, track_running_stats=True)
      )
    )
    (1): BasicBlock(
      (conv1): Conv2d(512, 512, kernel_size=(3, 3), stride=(1, 1), padding=(1, 1), bias=False)
      (bn1): BatchNorm2d(512, eps=1e-05, momentum=0.1, affine=True, track_running_stats=True)
      (conv2): Conv2d(512, 512, kernel_size=(3, 3), stride=(1, 1), padding=(1, 1), bias=False)
      (bn2): BatchNorm2d(512, eps=1e-05, momentum=0.1, affine=True, track_running_stats=True)
      (shortcut): Sequential()
    )
  )
  (linear): Linear(in_features=512, out_features=100, bias=True)
)
*********************
Retain set accuracy: 100.0%
Forget set accuracy: 70.2%
Load trained attack model
p_Unleak done
p_LiRA done
p_update_LiRA done
p_EMIA done
p_EMIA_p done
p_RMIA done
p_IPapprox_proby_simp done
p_IPapprox_tsm_simp done
p_IPapprox_carlogi_simp done
p_IPapprox_losy_simp done
p_IPapprox_simp_online done
p_IPapprox_simp_offline done
p_IPapprox_simp_online_wo_norm done

start_print
Namespace(dataname='cifar100', unlearn_method='retrain', unlearn_type='set_random', forget_class=0, forget_size=500, forget_class_ratio=0.5, model_numbs=1, SHADOW_AVE_FLAG=True, LOOP=1, EXACT_FLAG=False, shadow_folder='LIRA_checkpoints/shadow_models/', records_folder='/ibex/project/c2283/Evaluate-Unlearning/records/ResNet18/', SEED_init=42, CLASS_init=0, shift_type='shadow_data', model_arch='ResNet18', shadow_arch='DenseNet', INTERAPPROX=100, metrics=['p_Unleak', 'p_LiRA', 'p_update_LiRA', 'p_EMIA', 'p_EMIA_p', 'p_RMIA', 'p_interapprox'], MODEL_CHECK=False, SHADOW_IDXs=[0], SUFFIX='cifar100_retrain_set_random_500')
dict_keys(['p_Unleak', 'p_LiRA', 'p_LiRA_Online', 'p_update_LiRA', 'p_EMIA', 'p_EMIA_p', 'p_RMIA', 'p_RMIA_online', 'p_IPapprox_proby', 'p_IPapprox_proby_simp', 'p_IPapprox_tsm', 'p_IPapprox_tsm_simp', 'p_IPapprox_carlogi', 'p_IPapprox_carlogi_simp', 'p_IPapprox_losy', 'p_IPapprox_losy_simp', 'p_IPapprox_simp_online', 'p_IPapprox_simp_offline', 'p_IPapprox_simp_online_wo_norm'])
Metric values                  auc    acc    tpr0.0 .-5    .-2    tnr0.0 .-5    .-2    1-mean 1-std  0-mean 0-std  cm-std1 cm-std0
p_Unleak                       0.8646 0.8294 0.0591 0.0591 0.1293 0.0000 0.0460 0.6605 0.7365 0.3504 0.2277 0.0922
p_LiRA                         0.7537 0.7188 0.0033 0.0033 0.0448 0.0000 0.00e+00 2.33e-02 -1.19e+61 1.79e+61 -3.45e+61 2.83e+61
p_LiRA_Online                  0.8535 0.7753 0.0029 0.0029 0.0472 0.0000 1.02e-01 5.37e-01 6.23e+60 3.02e+61 -3.36e+61 2.83e+61
p_update_LiRA                  0.5895 0.5889 0.0000 0.0000 0.0136 0.0000 0.0001 0.1192 0.1820 0.4158 -0.0000 0.1805
p_EMIA                         0.7860 0.7319 0.0131 0.0131 0.0664 0.1360 0.1360 0.1883 0.1658 0.1992 0.0457 0.1186
p_EMIA_p                       0.8122 0.8174 0.0005 0.0005 0.0029 0.3100 0.3354 0.6320 0.5072 0.2803 0.2051 0.0825
p_RMIA                         0.8401 0.7504 0.0125 0.0125 0.0725 0.1620 0.2198 0.4440 0.6966 0.2004 0.4077 0.2029
p_RMIA_online                  0.8816 0.8020 0.0485 0.0485 0.1347 0.3000 0.3478 0.5564 0.7364 0.1404 0.5410 0.0880
p_IPapprox_proby               0.8634 0.8340 0.0148 0.0148 0.0887 0.4000 0.4000 0.6610 0.4300 0.3924 0.0007 0.0178
p_IPapprox_proby_simp          0.8493 0.7609 0.0645 0.0645 0.1315 0.3320 0.3320 0.5241 0.6053 0.3324 0.1802 0.2029
p_IPapprox_tsm                 0.8548 0.8317 0.0036 0.0036 0.0100 0.0000 0.1398 0.6560 0.5182 0.3602 0.0200 0.1505
p_IPapprox_tsm_simp            0.8825 0.8241 0.0166 0.0166 0.0877 0.1440 0.1540 0.5695 0.6917 0.3148 0.1976 0.1804
p_IPapprox_carlogi             0.8450 0.8246 0.0027 0.0027 0.0071 0.3460 0.3513 0.5979 0.4826 0.3469 0.0268 0.1734
p_IPapprox_carlogi_simp        0.8649 0.8133 0.0048 0.0048 0.0231 0.1180 0.1180 0.5120 0.6767 0.3026 0.2262 0.1948
p_IPapprox_losy                0.8633 0.8334 0.0262 0.0262 0.1147 0.0000 0.1263 0.6620 0.2901 0.3213 0.0000 0.0061
p_IPapprox_losy_simp           0.7911 0.7244 0.0052 0.0052 0.1050 0.2660 0.2660 0.4540 0.5342 0.2762 0.2528 0.2036
p_IPapprox_simp_online         0.8937 0.8208 0.0673 0.0673 0.1554 0.1500 0.1500 0.6030 0.6662 0.3248 0.1577 0.1504
p_IPapprox_simp_offline        0.8825 0.8286 0.0022 0.0022 0.0619 0.0360 0.0360 0.5917 0.6436 0.3519 0.1179 0.1410
p_IPapprox_simp_online_wo_norm 0.8937 0.8208 0.0673 0.0673 0.1554 0.1500 0.1500 0.6030 0.6662 0.3248 0.1577 0.1504
end_print


