activation conda
activation env
Running on device: CUDA
Namespace(dataname='cinic10', unlearn_method='retrain', unlearn_type='set_random', forget_class=0, forget_size=500, forget_class_ratio=0.5, model_numbs=8, SHADOW_AVE_FLAG=True, LOOP=10, EXACT_FLAG=False, shadow_folder='LIRA_checkpoints/shadow_models/', records_folder='/ibex/project/c2283/Evaluate-Unlearning/records/', SEED_init=42, CLASS_init=0, INTERAPPROX=100, metrics=['p_Unleak', 'p_LiRA', 'p_update_LiRA', 'p_EMIA', 'p_EMIA_p', 'p_RMIA', 'p_interapprox', 'p_random'], MODEL_CHECK=False)
shadow_lists: [[0, 1, 2, 3, 4, 5, 6, 7], [8, 9, 10, 11, 12, 13, 14, 15], [16, 17, 18, 19, 20, 21, 22, 23], [24, 25, 26, 27, 28, 29, 30, 31], [32, 33, 34, 35, 36, 37, 38, 39], [40, 41, 42, 43, 44, 45, 46, 47], [48, 49, 50, 51, 52, 53, 54, 55], [56, 57, 58, 59, 60, 61, 62, 63], [64, 65, 66, 67, 68, 69, 70, 71], [72, 73, 74, 75, 76, 77, 78, 79]]
0-th shadow_list: [0, 1, 2, 3, 4, 5, 6, 7]
Loop 0, SEED 42
cinic10_retrain_set_random_500
Load trained attack model
p_Unleak done
p_LiRA done
p_update_LiRA done
p_EMIA done
p_EMIA_p done
p_random done
p_RMIA done
p_IPapprox_proby_simp done
p_IPapprox_tsm_simp done
p_IPapprox_carlogi_simp done
p_IPapprox_losy_simp done
p_IPapprox_simp_online done
p_IPapprox_simp_offline done
p_IPapprox_simp_online_wo_norm done
Loop 1, SEED 43
cinic10_retrain_set_random_500
Load trained attack model
p_Unleak done
p_LiRA done
p_update_LiRA done
p_EMIA done
p_EMIA_p done
p_random done
p_RMIA done
p_IPapprox_proby_simp done
p_IPapprox_tsm_simp done
p_IPapprox_carlogi_simp done
p_IPapprox_losy_simp done
p_IPapprox_simp_online done
p_IPapprox_simp_offline done
p_IPapprox_simp_online_wo_norm done
Loop 2, SEED 44
cinic10_retrain_set_random_500
Load trained attack model
p_Unleak done
p_LiRA done
p_update_LiRA done
p_EMIA done
p_EMIA_p done
p_random done
p_RMIA done
p_IPapprox_proby_simp done
p_IPapprox_tsm_simp done
p_IPapprox_carlogi_simp done
p_IPapprox_losy_simp done
p_IPapprox_simp_online done
p_IPapprox_simp_offline done
p_IPapprox_simp_online_wo_norm done
Loop 3, SEED 45
cinic10_retrain_set_random_500
Load trained attack model
p_Unleak done
p_LiRA done
p_update_LiRA done
p_EMIA done
p_EMIA_p done
p_random done
p_RMIA done
p_IPapprox_proby_simp done
p_IPapprox_tsm_simp done
p_IPapprox_carlogi_simp done
p_IPapprox_losy_simp done
p_IPapprox_simp_online done
p_IPapprox_simp_offline done
p_IPapprox_simp_online_wo_norm done
Loop 4, SEED 46
cinic10_retrain_set_random_500
Load trained attack model
p_Unleak done
p_LiRA done
p_update_LiRA done
p_EMIA done
p_EMIA_p done
p_random done
p_RMIA done
p_IPapprox_proby_simp done
p_IPapprox_tsm_simp done
p_IPapprox_carlogi_simp done
p_IPapprox_losy_simp done
p_IPapprox_simp_online done
p_IPapprox_simp_offline done
p_IPapprox_simp_online_wo_norm done
Loop 5, SEED 47
cinic10_retrain_set_random_500
Load trained attack model
p_Unleak done
p_LiRA done
p_update_LiRA done
p_EMIA done
p_EMIA_p done
p_random done
p_RMIA done
p_IPapprox_proby_simp done
p_IPapprox_tsm_simp done
p_IPapprox_carlogi_simp done
p_IPapprox_losy_simp done
p_IPapprox_simp_online done
p_IPapprox_simp_offline done
p_IPapprox_simp_online_wo_norm done
Loop 6, SEED 48
cinic10_retrain_set_random_500
Load trained attack model
p_Unleak done
p_LiRA done
p_update_LiRA done
p_EMIA done
p_EMIA_p done
p_random done
p_RMIA done
p_IPapprox_proby_simp done
p_IPapprox_tsm_simp done
p_IPapprox_carlogi_simp done
p_IPapprox_losy_simp done
p_IPapprox_simp_online done
p_IPapprox_simp_offline done
p_IPapprox_simp_online_wo_norm done
Loop 7, SEED 49
cinic10_retrain_set_random_500
Load trained attack model
p_Unleak done
p_LiRA done
p_update_LiRA done
p_EMIA done
p_EMIA_p done
p_random done
p_RMIA done
p_IPapprox_proby_simp done
p_IPapprox_tsm_simp done
p_IPapprox_carlogi_simp done
p_IPapprox_losy_simp done
p_IPapprox_simp_online done
p_IPapprox_simp_offline done
p_IPapprox_simp_online_wo_norm done
Loop 8, SEED 50
cinic10_retrain_set_random_500
Load trained attack model
p_Unleak done
p_LiRA done
p_update_LiRA done
p_EMIA done
p_EMIA_p done
p_random done
p_RMIA done
p_IPapprox_proby_simp done
p_IPapprox_tsm_simp done
p_IPapprox_carlogi_simp done
p_IPapprox_losy_simp done
p_IPapprox_simp_online done
p_IPapprox_simp_offline done
p_IPapprox_simp_online_wo_norm done
Loop 9, SEED 51
cinic10_retrain_set_random_500
Load trained attack model
p_Unleak done
p_LiRA done
p_update_LiRA done
p_EMIA done
p_EMIA_p done
p_random done
p_RMIA done
p_IPapprox_proby_simp done
p_IPapprox_tsm_simp done
p_IPapprox_carlogi_simp done
p_IPapprox_losy_simp done
p_IPapprox_simp_online done
p_IPapprox_simp_offline done
p_IPapprox_simp_online_wo_norm done
1-th shadow_list: [8, 9, 10, 11, 12, 13, 14, 15]
Loop 0, SEED 42
cinic10_retrain_set_random_500
Load trained attack model
p_Unleak done
p_LiRA done
p_update_LiRA done
p_EMIA done
p_EMIA_p done
p_random done
p_RMIA done
p_IPapprox_proby_simp done
p_IPapprox_tsm_simp done
p_IPapprox_carlogi_simp done
p_IPapprox_losy_simp done
p_IPapprox_simp_online done
p_IPapprox_simp_offline done
p_IPapprox_simp_online_wo_norm done
Loop 1, SEED 43
cinic10_retrain_set_random_500
Load trained attack model
p_Unleak done
p_LiRA done
p_update_LiRA done
p_EMIA done
p_EMIA_p done
p_random done
p_RMIA done
p_IPapprox_proby_simp done
p_IPapprox_tsm_simp done
p_IPapprox_carlogi_simp done
p_IPapprox_losy_simp done
p_IPapprox_simp_online done
p_IPapprox_simp_offline done
p_IPapprox_simp_online_wo_norm done
Loop 2, SEED 44
cinic10_retrain_set_random_500
Load trained attack model
p_Unleak done
p_LiRA done
p_update_LiRA done
p_EMIA done
p_EMIA_p done
p_random done
p_RMIA done
p_IPapprox_proby_simp done
p_IPapprox_tsm_simp done
p_IPapprox_carlogi_simp done
p_IPapprox_losy_simp done
p_IPapprox_simp_online done
p_IPapprox_simp_offline done
p_IPapprox_simp_online_wo_norm done
Loop 3, SEED 45
cinic10_retrain_set_random_500
Load trained attack model
p_Unleak done
p_LiRA done
p_update_LiRA done
p_EMIA done
p_EMIA_p done
p_random done
p_RMIA done
p_IPapprox_proby_simp done
p_IPapprox_tsm_simp done
p_IPapprox_carlogi_simp done
p_IPapprox_losy_simp done
p_IPapprox_simp_online done
p_IPapprox_simp_offline done
p_IPapprox_simp_online_wo_norm done
Loop 4, SEED 46
cinic10_retrain_set_random_500
Load trained attack model
p_Unleak done
p_LiRA done
p_update_LiRA done
p_EMIA done
p_EMIA_p done
p_random done
p_RMIA done
p_IPapprox_proby_simp done
p_IPapprox_tsm_simp done
p_IPapprox_carlogi_simp done
p_IPapprox_losy_simp done
p_IPapprox_simp_online done
p_IPapprox_simp_offline done
p_IPapprox_simp_online_wo_norm done
Loop 5, SEED 47
cinic10_retrain_set_random_500
Load trained attack model
p_Unleak done
p_LiRA done
p_update_LiRA done
p_EMIA done
p_EMIA_p done
p_random done
p_RMIA done
p_IPapprox_proby_simp done
p_IPapprox_tsm_simp done
p_IPapprox_carlogi_simp done
p_IPapprox_losy_simp done
p_IPapprox_simp_online done
p_IPapprox_simp_offline done
p_IPapprox_simp_online_wo_norm done
Loop 6, SEED 48
cinic10_retrain_set_random_500
Load trained attack model
p_Unleak done
p_LiRA done
p_update_LiRA done
p_EMIA done
p_EMIA_p done
p_random done
p_RMIA done
p_IPapprox_proby_simp done
p_IPapprox_tsm_simp done
p_IPapprox_carlogi_simp done
p_IPapprox_losy_simp done
p_IPapprox_simp_online done
p_IPapprox_simp_offline done
p_IPapprox_simp_online_wo_norm done
Loop 7, SEED 49
cinic10_retrain_set_random_500
Load trained attack model
p_Unleak done
p_LiRA done
p_update_LiRA done
p_EMIA done
p_EMIA_p done
p_random done
p_RMIA done
p_IPapprox_proby_simp done
p_IPapprox_tsm_simp done
p_IPapprox_carlogi_simp done
p_IPapprox_losy_simp done
p_IPapprox_simp_online done
p_IPapprox_simp_offline done
p_IPapprox_simp_online_wo_norm done
Loop 8, SEED 50
cinic10_retrain_set_random_500
Load trained attack model
p_Unleak done
p_LiRA done
p_update_LiRA done
p_EMIA done
p_EMIA_p done
p_random done
p_RMIA done
p_IPapprox_proby_simp done
p_IPapprox_tsm_simp done
p_IPapprox_carlogi_simp done
p_IPapprox_losy_simp done
p_IPapprox_simp_online done
p_IPapprox_simp_offline done
p_IPapprox_simp_online_wo_norm done
Loop 9, SEED 51
cinic10_retrain_set_random_500
Load trained attack model
p_Unleak done
p_LiRA done
p_update_LiRA done
p_EMIA done
p_EMIA_p done
p_random done
p_RMIA done
p_IPapprox_proby_simp done
p_IPapprox_tsm_simp done
p_IPapprox_carlogi_simp done
p_IPapprox_losy_simp done
p_IPapprox_simp_online done
p_IPapprox_simp_offline done
p_IPapprox_simp_online_wo_norm done
2-th shadow_list: [16, 17, 18, 19, 20, 21, 22, 23]
Loop 0, SEED 42
cinic10_retrain_set_random_500
Load trained attack model
p_Unleak done
p_LiRA done
p_update_LiRA done
p_EMIA done
p_EMIA_p done
p_random done
p_RMIA done
p_IPapprox_proby_simp done
p_IPapprox_tsm_simp done
p_IPapprox_carlogi_simp done
p_IPapprox_losy_simp done
p_IPapprox_simp_online done
p_IPapprox_simp_offline done
p_IPapprox_simp_online_wo_norm done
Loop 1, SEED 43
cinic10_retrain_set_random_500
Load trained attack model
p_Unleak done
p_LiRA done
p_update_LiRA done
p_EMIA done
p_EMIA_p done
p_random done
p_RMIA done
p_IPapprox_proby_simp done
p_IPapprox_tsm_simp done
p_IPapprox_carlogi_simp done
p_IPapprox_losy_simp done
p_IPapprox_simp_online done
p_IPapprox_simp_offline done
p_IPapprox_simp_online_wo_norm done
Loop 2, SEED 44
cinic10_retrain_set_random_500
Load trained attack model
p_Unleak done
p_LiRA done
p_update_LiRA done
p_EMIA done
p_EMIA_p done
p_random done
p_RMIA done
p_IPapprox_proby_simp done
p_IPapprox_tsm_simp done
p_IPapprox_carlogi_simp done
p_IPapprox_losy_simp done
p_IPapprox_simp_online done
p_IPapprox_simp_offline done
p_IPapprox_simp_online_wo_norm done
Loop 3, SEED 45
cinic10_retrain_set_random_500
Load trained attack model
p_Unleak done
p_LiRA done
p_update_LiRA done
p_EMIA done
p_EMIA_p done
p_random done
p_RMIA done
p_IPapprox_proby_simp done
p_IPapprox_tsm_simp done
p_IPapprox_carlogi_simp done
p_IPapprox_losy_simp done
p_IPapprox_simp_online done
p_IPapprox_simp_offline done
p_IPapprox_simp_online_wo_norm done
Loop 4, SEED 46
cinic10_retrain_set_random_500
Load trained attack model
p_Unleak done
p_LiRA done
p_update_LiRA done
p_EMIA done
p_EMIA_p done
p_random done
p_RMIA done
p_IPapprox_proby_simp done
p_IPapprox_tsm_simp done
p_IPapprox_carlogi_simp done
p_IPapprox_losy_simp done
p_IPapprox_simp_online done
p_IPapprox_simp_offline done
p_IPapprox_simp_online_wo_norm done
Loop 5, SEED 47
cinic10_retrain_set_random_500
Load trained attack model
p_Unleak done
p_LiRA done
p_update_LiRA done
p_EMIA done
p_EMIA_p done
p_random done
p_RMIA done
p_IPapprox_proby_simp done
p_IPapprox_tsm_simp done
p_IPapprox_carlogi_simp done
p_IPapprox_losy_simp done
p_IPapprox_simp_online done
p_IPapprox_simp_offline done
p_IPapprox_simp_online_wo_norm done
Loop 6, SEED 48
cinic10_retrain_set_random_500
Load trained attack model
p_Unleak done
p_LiRA done
p_update_LiRA done
p_EMIA done
p_EMIA_p done
p_random done
p_RMIA done
p_IPapprox_proby_simp done
p_IPapprox_tsm_simp done
p_IPapprox_carlogi_simp done
p_IPapprox_losy_simp done
p_IPapprox_simp_online done
p_IPapprox_simp_offline done
p_IPapprox_simp_online_wo_norm done
Loop 7, SEED 49
cinic10_retrain_set_random_500
Load trained attack model
p_Unleak done
p_LiRA done
p_update_LiRA done
p_EMIA done
p_EMIA_p done
p_random done
p_RMIA done
p_IPapprox_proby_simp done
p_IPapprox_tsm_simp done
p_IPapprox_carlogi_simp done
p_IPapprox_losy_simp done
p_IPapprox_simp_online done
p_IPapprox_simp_offline done
p_IPapprox_simp_online_wo_norm done
Loop 8, SEED 50
cinic10_retrain_set_random_500
Load trained attack model
p_Unleak done
p_LiRA done
p_update_LiRA done
p_EMIA done
p_EMIA_p done
p_random done
p_RMIA done
p_IPapprox_proby_simp done
p_IPapprox_tsm_simp done
p_IPapprox_carlogi_simp done
p_IPapprox_losy_simp done
p_IPapprox_simp_online done
p_IPapprox_simp_offline done
p_IPapprox_simp_online_wo_norm done
Loop 9, SEED 51
cinic10_retrain_set_random_500
Load trained attack model
p_Unleak done
p_LiRA done
p_update_LiRA done
p_EMIA done
p_EMIA_p done
p_random done
p_RMIA done
p_IPapprox_proby_simp done
p_IPapprox_tsm_simp done
p_IPapprox_carlogi_simp done
p_IPapprox_losy_simp done
p_IPapprox_simp_online done
p_IPapprox_simp_offline done
p_IPapprox_simp_online_wo_norm done
3-th shadow_list: [24, 25, 26, 27, 28, 29, 30, 31]
Loop 0, SEED 42
cinic10_retrain_set_random_500
Load trained attack model
p_Unleak done
p_LiRA done
p_update_LiRA done
p_EMIA done
p_EMIA_p done
p_random done
p_RMIA done
p_IPapprox_proby_simp done
p_IPapprox_tsm_simp done
p_IPapprox_carlogi_simp done
p_IPapprox_losy_simp done
p_IPapprox_simp_online done
p_IPapprox_simp_offline done
p_IPapprox_simp_online_wo_norm done
Loop 1, SEED 43
cinic10_retrain_set_random_500
Load trained attack model
p_Unleak done
p_LiRA done
p_update_LiRA done
p_EMIA done
p_EMIA_p done
p_random done
p_RMIA done
p_IPapprox_proby_simp done
p_IPapprox_tsm_simp done
p_IPapprox_carlogi_simp done
p_IPapprox_losy_simp done
p_IPapprox_simp_online done
p_IPapprox_simp_offline done
p_IPapprox_simp_online_wo_norm done
Loop 2, SEED 44
cinic10_retrain_set_random_500
Load trained attack model
p_Unleak done
p_LiRA done
p_update_LiRA done
p_EMIA done
p_EMIA_p done
p_random done
p_RMIA done
p_IPapprox_proby_simp done
p_IPapprox_tsm_simp done
p_IPapprox_carlogi_simp done
p_IPapprox_losy_simp done
p_IPapprox_simp_online done
p_IPapprox_simp_offline done
p_IPapprox_simp_online_wo_norm done
Loop 3, SEED 45
cinic10_retrain_set_random_500
Load trained attack model
p_Unleak done
p_LiRA done
p_update_LiRA done
p_EMIA done
p_EMIA_p done
p_random done
p_RMIA done
p_IPapprox_proby_simp done
p_IPapprox_tsm_simp done
p_IPapprox_carlogi_simp done
p_IPapprox_losy_simp done
p_IPapprox_simp_online done
p_IPapprox_simp_offline done
p_IPapprox_simp_online_wo_norm done
Loop 4, SEED 46
cinic10_retrain_set_random_500
Load trained attack model
p_Unleak done
p_LiRA done
p_update_LiRA done
p_EMIA done
p_EMIA_p done
p_random done
p_RMIA done
p_IPapprox_proby_simp done
p_IPapprox_tsm_simp done
p_IPapprox_carlogi_simp done
p_IPapprox_losy_simp done
p_IPapprox_simp_online done
p_IPapprox_simp_offline done
p_IPapprox_simp_online_wo_norm done
Loop 5, SEED 47
cinic10_retrain_set_random_500
Load trained attack model
p_Unleak done
p_LiRA done
p_update_LiRA done
p_EMIA done
p_EMIA_p done
p_random done
p_RMIA done
p_IPapprox_proby_simp done
p_IPapprox_tsm_simp done
p_IPapprox_carlogi_simp done
p_IPapprox_losy_simp done
p_IPapprox_simp_online done
p_IPapprox_simp_offline done
p_IPapprox_simp_online_wo_norm done
Loop 6, SEED 48
cinic10_retrain_set_random_500
Load trained attack model
p_Unleak done
p_LiRA done
p_update_LiRA done
p_EMIA done
p_EMIA_p done
p_random done
p_RMIA done
p_IPapprox_proby_simp done
p_IPapprox_tsm_simp done
p_IPapprox_carlogi_simp done
p_IPapprox_losy_simp done
p_IPapprox_simp_online done
p_IPapprox_simp_offline done
p_IPapprox_simp_online_wo_norm done
Loop 7, SEED 49
cinic10_retrain_set_random_500
Load trained attack model
p_Unleak done
p_LiRA done
p_update_LiRA done
p_EMIA done
p_EMIA_p done
p_random done
p_RMIA done
p_IPapprox_proby_simp done
p_IPapprox_tsm_simp done
p_IPapprox_carlogi_simp done
p_IPapprox_losy_simp done
p_IPapprox_simp_online done
p_IPapprox_simp_offline done
p_IPapprox_simp_online_wo_norm done
Loop 8, SEED 50
cinic10_retrain_set_random_500
Load trained attack model
p_Unleak done
p_LiRA done
p_update_LiRA done
p_EMIA done
p_EMIA_p done
p_random done
p_RMIA done
p_IPapprox_proby_simp done
p_IPapprox_tsm_simp done
p_IPapprox_carlogi_simp done
p_IPapprox_losy_simp done
p_IPapprox_simp_online done
p_IPapprox_simp_offline done
p_IPapprox_simp_online_wo_norm done
Loop 9, SEED 51
cinic10_retrain_set_random_500
Load trained attack model
p_Unleak done
p_LiRA done
p_update_LiRA done
p_EMIA done
p_EMIA_p done
p_random done
p_RMIA done
p_IPapprox_proby_simp done
p_IPapprox_tsm_simp done
p_IPapprox_carlogi_simp done
p_IPapprox_losy_simp done
p_IPapprox_simp_online done
p_IPapprox_simp_offline done
p_IPapprox_simp_online_wo_norm done
4-th shadow_list: [32, 33, 34, 35, 36, 37, 38, 39]
Loop 0, SEED 42
cinic10_retrain_set_random_500
Load trained attack model
p_Unleak done
p_LiRA done
p_update_LiRA done
p_EMIA done
p_EMIA_p done
p_random done
p_RMIA done
p_IPapprox_proby_simp done
p_IPapprox_tsm_simp done
p_IPapprox_carlogi_simp done
p_IPapprox_losy_simp done
p_IPapprox_simp_online done
p_IPapprox_simp_offline done
p_IPapprox_simp_online_wo_norm done
Loop 1, SEED 43
cinic10_retrain_set_random_500
Load trained attack model
p_Unleak done
p_LiRA done
p_update_LiRA done
p_EMIA done
p_EMIA_p done
p_random done
p_RMIA done
p_IPapprox_proby_simp done
p_IPapprox_tsm_simp done
p_IPapprox_carlogi_simp done
p_IPapprox_losy_simp done
p_IPapprox_simp_online done
p_IPapprox_simp_offline done
p_IPapprox_simp_online_wo_norm done
Loop 2, SEED 44
cinic10_retrain_set_random_500
Load trained attack model
p_Unleak done
p_LiRA done
p_update_LiRA done
p_EMIA done
p_EMIA_p done
p_random done
p_RMIA done
p_IPapprox_proby_simp done
p_IPapprox_tsm_simp done
p_IPapprox_carlogi_simp done
p_IPapprox_losy_simp done
p_IPapprox_simp_online done
p_IPapprox_simp_offline done
p_IPapprox_simp_online_wo_norm done
Loop 3, SEED 45
cinic10_retrain_set_random_500
Load trained attack model
p_Unleak done
p_LiRA done
p_update_LiRA done
p_EMIA done
p_EMIA_p done
p_random done
p_RMIA done
p_IPapprox_proby_simp done
p_IPapprox_tsm_simp done
p_IPapprox_carlogi_simp done
p_IPapprox_losy_simp done
p_IPapprox_simp_online done
p_IPapprox_simp_offline done
p_IPapprox_simp_online_wo_norm done
Loop 4, SEED 46
cinic10_retrain_set_random_500
Load trained attack model
p_Unleak done
p_LiRA done
p_update_LiRA done
p_EMIA done
p_EMIA_p done
p_random done
p_RMIA done
p_IPapprox_proby_simp done
p_IPapprox_tsm_simp done
p_IPapprox_carlogi_simp done
p_IPapprox_losy_simp done
p_IPapprox_simp_online done
p_IPapprox_simp_offline done
p_IPapprox_simp_online_wo_norm done
Loop 5, SEED 47
cinic10_retrain_set_random_500
Load trained attack model
p_Unleak done
p_LiRA done
p_update_LiRA done
p_EMIA done
p_EMIA_p done
p_random done
p_RMIA done
p_IPapprox_proby_simp done
p_IPapprox_tsm_simp done
p_IPapprox_carlogi_simp done
p_IPapprox_losy_simp done
p_IPapprox_simp_online done
p_IPapprox_simp_offline done
p_IPapprox_simp_online_wo_norm done
Loop 6, SEED 48
cinic10_retrain_set_random_500
Load trained attack model
p_Unleak done
p_LiRA done
p_update_LiRA done
p_EMIA done
p_EMIA_p done
p_random done
p_RMIA done
p_IPapprox_proby_simp done
p_IPapprox_tsm_simp done
p_IPapprox_carlogi_simp done
p_IPapprox_losy_simp done
p_IPapprox_simp_online done
p_IPapprox_simp_offline done
p_IPapprox_simp_online_wo_norm done
Loop 7, SEED 49
cinic10_retrain_set_random_500
Load trained attack model
p_Unleak done
p_LiRA done
p_update_LiRA done
p_EMIA done
p_EMIA_p done
p_random done
p_RMIA done
p_IPapprox_proby_simp done
p_IPapprox_tsm_simp done
p_IPapprox_carlogi_simp done
p_IPapprox_losy_simp done
p_IPapprox_simp_online done
p_IPapprox_simp_offline done
p_IPapprox_simp_online_wo_norm done
Loop 8, SEED 50
cinic10_retrain_set_random_500
Load trained attack model
p_Unleak done
p_LiRA done
p_update_LiRA done
p_EMIA done
p_EMIA_p done
p_random done
p_RMIA done
p_IPapprox_proby_simp done
p_IPapprox_tsm_simp done
p_IPapprox_carlogi_simp done
p_IPapprox_losy_simp done
p_IPapprox_simp_online done
p_IPapprox_simp_offline done
p_IPapprox_simp_online_wo_norm done
Loop 9, SEED 51
cinic10_retrain_set_random_500
Load trained attack model
p_Unleak done
p_LiRA done
p_update_LiRA done
p_EMIA done
p_EMIA_p done
p_random done
p_RMIA done
p_IPapprox_proby_simp done
p_IPapprox_tsm_simp done
p_IPapprox_carlogi_simp done
p_IPapprox_losy_simp done
p_IPapprox_simp_online done
p_IPapprox_simp_offline done
p_IPapprox_simp_online_wo_norm done
5-th shadow_list: [40, 41, 42, 43, 44, 45, 46, 47]
Loop 0, SEED 42
cinic10_retrain_set_random_500
Load trained attack model
p_Unleak done
p_LiRA done
p_update_LiRA done
p_EMIA done
p_EMIA_p done
p_random done
p_RMIA done
p_IPapprox_proby_simp done
p_IPapprox_tsm_simp done
p_IPapprox_carlogi_simp done
p_IPapprox_losy_simp done
p_IPapprox_simp_online done
p_IPapprox_simp_offline done
p_IPapprox_simp_online_wo_norm done
Loop 1, SEED 43
cinic10_retrain_set_random_500
Load trained attack model
p_Unleak done
p_LiRA done
p_update_LiRA done
p_EMIA done
p_EMIA_p done
p_random done
p_RMIA done
p_IPapprox_proby_simp done
p_IPapprox_tsm_simp done
p_IPapprox_carlogi_simp done
p_IPapprox_losy_simp done
p_IPapprox_simp_online done
p_IPapprox_simp_offline done
p_IPapprox_simp_online_wo_norm done
Loop 2, SEED 44
cinic10_retrain_set_random_500
Load trained attack model
p_Unleak done
p_LiRA done
p_update_LiRA done
p_EMIA done
p_EMIA_p done
p_random done
p_RMIA done
p_IPapprox_proby_simp done
p_IPapprox_tsm_simp done
p_IPapprox_carlogi_simp done
p_IPapprox_losy_simp done
p_IPapprox_simp_online done
p_IPapprox_simp_offline done
p_IPapprox_simp_online_wo_norm done
Loop 3, SEED 45
cinic10_retrain_set_random_500
Load trained attack model
p_Unleak done
p_LiRA done
p_update_LiRA done
p_EMIA done
p_EMIA_p done
p_random done
p_RMIA done
p_IPapprox_proby_simp done
p_IPapprox_tsm_simp done
p_IPapprox_carlogi_simp done
p_IPapprox_losy_simp done
p_IPapprox_simp_online done
p_IPapprox_simp_offline done
p_IPapprox_simp_online_wo_norm done
Loop 4, SEED 46
cinic10_retrain_set_random_500
Load trained attack model
p_Unleak done
p_LiRA done
p_update_LiRA done
p_EMIA done
p_EMIA_p done
p_random done
p_RMIA done
p_IPapprox_proby_simp done
p_IPapprox_tsm_simp done
p_IPapprox_carlogi_simp done
p_IPapprox_losy_simp done
p_IPapprox_simp_online done
p_IPapprox_simp_offline done
p_IPapprox_simp_online_wo_norm done
Loop 5, SEED 47
cinic10_retrain_set_random_500
Load trained attack model
p_Unleak done
p_LiRA done
p_update_LiRA done
p_EMIA done
p_EMIA_p done
p_random done
p_RMIA done
p_IPapprox_proby_simp done
p_IPapprox_tsm_simp done
p_IPapprox_carlogi_simp done
p_IPapprox_losy_simp done
p_IPapprox_simp_online done
p_IPapprox_simp_offline done
p_IPapprox_simp_online_wo_norm done
Loop 6, SEED 48
cinic10_retrain_set_random_500
Load trained attack model
p_Unleak done
p_LiRA done
p_update_LiRA done
p_EMIA done
p_EMIA_p done
p_random done
p_RMIA done
p_IPapprox_proby_simp done
p_IPapprox_tsm_simp done
p_IPapprox_carlogi_simp done
p_IPapprox_losy_simp done
p_IPapprox_simp_online done
p_IPapprox_simp_offline done
p_IPapprox_simp_online_wo_norm done
Loop 7, SEED 49
cinic10_retrain_set_random_500
Load trained attack model
p_Unleak done
p_LiRA done
p_update_LiRA done
p_EMIA done
p_EMIA_p done
p_random done
p_RMIA done
p_IPapprox_proby_simp done
p_IPapprox_tsm_simp done
p_IPapprox_carlogi_simp done
p_IPapprox_losy_simp done
p_IPapprox_simp_online done
p_IPapprox_simp_offline done
p_IPapprox_simp_online_wo_norm done
Loop 8, SEED 50
cinic10_retrain_set_random_500
Load trained attack model
p_Unleak done
p_LiRA done
p_update_LiRA done
p_EMIA done
p_EMIA_p done
p_random done
p_RMIA done
p_IPapprox_proby_simp done
p_IPapprox_tsm_simp done
p_IPapprox_carlogi_simp done
p_IPapprox_losy_simp done
p_IPapprox_simp_online done
p_IPapprox_simp_offline done
p_IPapprox_simp_online_wo_norm done
Loop 9, SEED 51
cinic10_retrain_set_random_500
Load trained attack model
p_Unleak done
p_LiRA done
p_update_LiRA done
p_EMIA done
p_EMIA_p done
p_random done
p_RMIA done
p_IPapprox_proby_simp done
p_IPapprox_tsm_simp done
p_IPapprox_carlogi_simp done
p_IPapprox_losy_simp done
p_IPapprox_simp_online done
p_IPapprox_simp_offline done
p_IPapprox_simp_online_wo_norm done
6-th shadow_list: [48, 49, 50, 51, 52, 53, 54, 55]
Loop 0, SEED 42
cinic10_retrain_set_random_500
Load trained attack model
p_Unleak done
p_LiRA done
p_update_LiRA done
p_EMIA done
p_EMIA_p done
p_random done
p_RMIA done
p_IPapprox_proby_simp done
p_IPapprox_tsm_simp done
p_IPapprox_carlogi_simp done
p_IPapprox_losy_simp done
p_IPapprox_simp_online done
p_IPapprox_simp_offline done
p_IPapprox_simp_online_wo_norm done
Loop 1, SEED 43
cinic10_retrain_set_random_500
Load trained attack model
p_Unleak done
p_LiRA done
p_update_LiRA done
p_EMIA done
p_EMIA_p done
p_random done
p_RMIA done
p_IPapprox_proby_simp done
p_IPapprox_tsm_simp done
p_IPapprox_carlogi_simp done
p_IPapprox_losy_simp done
p_IPapprox_simp_online done
p_IPapprox_simp_offline done
p_IPapprox_simp_online_wo_norm done
Loop 2, SEED 44
cinic10_retrain_set_random_500
Load trained attack model
p_Unleak done
p_LiRA done
p_update_LiRA done
p_EMIA done
p_EMIA_p done
p_random done
p_RMIA done
p_IPapprox_proby_simp done
p_IPapprox_tsm_simp done
p_IPapprox_carlogi_simp done
p_IPapprox_losy_simp done
p_IPapprox_simp_online done
p_IPapprox_simp_offline done
p_IPapprox_simp_online_wo_norm done
Loop 3, SEED 45
cinic10_retrain_set_random_500
Load trained attack model
p_Unleak done
p_LiRA done
p_update_LiRA done
p_EMIA done
p_EMIA_p done
p_random done
p_RMIA done
p_IPapprox_proby_simp done
p_IPapprox_tsm_simp done
p_IPapprox_carlogi_simp done
p_IPapprox_losy_simp done
p_IPapprox_simp_online done
p_IPapprox_simp_offline done
p_IPapprox_simp_online_wo_norm done
Loop 4, SEED 46
cinic10_retrain_set_random_500
Load trained attack model
p_Unleak done
p_LiRA done
p_update_LiRA done
p_EMIA done
p_EMIA_p done
p_random done
p_RMIA done
p_IPapprox_proby_simp done
p_IPapprox_tsm_simp done
p_IPapprox_carlogi_simp done
p_IPapprox_losy_simp done
p_IPapprox_simp_online done
p_IPapprox_simp_offline done
p_IPapprox_simp_online_wo_norm done
Loop 5, SEED 47
cinic10_retrain_set_random_500
Load trained attack model
p_Unleak done
p_LiRA done
p_update_LiRA done
p_EMIA done
p_EMIA_p done
p_random done
p_RMIA done
p_IPapprox_proby_simp done
p_IPapprox_tsm_simp done
p_IPapprox_carlogi_simp done
p_IPapprox_losy_simp done
p_IPapprox_simp_online done
p_IPapprox_simp_offline done
p_IPapprox_simp_online_wo_norm done
Loop 6, SEED 48
cinic10_retrain_set_random_500
Load trained attack model
p_Unleak done
p_LiRA done
p_update_LiRA done
p_EMIA done
p_EMIA_p done
p_random done
p_RMIA done
p_IPapprox_proby_simp done
p_IPapprox_tsm_simp done
p_IPapprox_carlogi_simp done
p_IPapprox_losy_simp done
p_IPapprox_simp_online done
p_IPapprox_simp_offline done
p_IPapprox_simp_online_wo_norm done
Loop 7, SEED 49
cinic10_retrain_set_random_500
Load trained attack model
p_Unleak done
p_LiRA done
p_update_LiRA done
p_EMIA done
p_EMIA_p done
p_random done
p_RMIA done
p_IPapprox_proby_simp done
p_IPapprox_tsm_simp done
p_IPapprox_carlogi_simp done
p_IPapprox_losy_simp done
p_IPapprox_simp_online done
p_IPapprox_simp_offline done
p_IPapprox_simp_online_wo_norm done
Loop 8, SEED 50
cinic10_retrain_set_random_500
Load trained attack model
p_Unleak done
p_LiRA done
p_update_LiRA done
p_EMIA done
p_EMIA_p done
p_random done
p_RMIA done
p_IPapprox_proby_simp done
p_IPapprox_tsm_simp done
p_IPapprox_carlogi_simp done
p_IPapprox_losy_simp done
p_IPapprox_simp_online done
p_IPapprox_simp_offline done
p_IPapprox_simp_online_wo_norm done
Loop 9, SEED 51
cinic10_retrain_set_random_500
Load trained attack model
p_Unleak done
p_LiRA done
p_update_LiRA done
p_EMIA done
p_EMIA_p done
p_random done
p_RMIA done
p_IPapprox_proby_simp done
p_IPapprox_tsm_simp done
p_IPapprox_carlogi_simp done
p_IPapprox_losy_simp done
p_IPapprox_simp_online done
p_IPapprox_simp_offline done
p_IPapprox_simp_online_wo_norm done
7-th shadow_list: [56, 57, 58, 59, 60, 61, 62, 63]
Loop 0, SEED 42
cinic10_retrain_set_random_500
Load trained attack model
p_Unleak done
p_LiRA done
p_update_LiRA done
p_EMIA done
p_EMIA_p done
p_random done
p_RMIA done
p_IPapprox_proby_simp done
p_IPapprox_tsm_simp done
p_IPapprox_carlogi_simp done
p_IPapprox_losy_simp done
p_IPapprox_simp_online done
p_IPapprox_simp_offline done
p_IPapprox_simp_online_wo_norm done
Loop 1, SEED 43
cinic10_retrain_set_random_500
Load trained attack model
p_Unleak done
p_LiRA done
p_update_LiRA done
p_EMIA done
p_EMIA_p done
p_random done
p_RMIA done
p_IPapprox_proby_simp done
p_IPapprox_tsm_simp done
p_IPapprox_carlogi_simp done
p_IPapprox_losy_simp done
p_IPapprox_simp_online done
p_IPapprox_simp_offline done
p_IPapprox_simp_online_wo_norm done
Loop 2, SEED 44
cinic10_retrain_set_random_500
Load trained attack model
p_Unleak done
p_LiRA done
p_update_LiRA done
p_EMIA done
p_EMIA_p done
p_random done
p_RMIA done
p_IPapprox_proby_simp done
p_IPapprox_tsm_simp done
p_IPapprox_carlogi_simp done
p_IPapprox_losy_simp done
p_IPapprox_simp_online done
p_IPapprox_simp_offline done
p_IPapprox_simp_online_wo_norm done
Loop 3, SEED 45
cinic10_retrain_set_random_500
Load trained attack model
p_Unleak done
p_LiRA done
p_update_LiRA done
p_EMIA done
p_EMIA_p done
p_random done
p_RMIA done
p_IPapprox_proby_simp done
p_IPapprox_tsm_simp done
p_IPapprox_carlogi_simp done
p_IPapprox_losy_simp done
p_IPapprox_simp_online done
p_IPapprox_simp_offline done
p_IPapprox_simp_online_wo_norm done
Loop 4, SEED 46
cinic10_retrain_set_random_500
Load trained attack model
p_Unleak done
p_LiRA done
p_update_LiRA done
p_EMIA done
p_EMIA_p done
p_random done
p_RMIA done
p_IPapprox_proby_simp done
p_IPapprox_tsm_simp done
p_IPapprox_carlogi_simp done
p_IPapprox_losy_simp done
p_IPapprox_simp_online done
p_IPapprox_simp_offline done
p_IPapprox_simp_online_wo_norm done
Loop 5, SEED 47
cinic10_retrain_set_random_500
Load trained attack model
p_Unleak done
p_LiRA done
p_update_LiRA done
p_EMIA done
p_EMIA_p done
p_random done
p_RMIA done
p_IPapprox_proby_simp done
p_IPapprox_tsm_simp done
p_IPapprox_carlogi_simp done
p_IPapprox_losy_simp done
p_IPapprox_simp_online done
p_IPapprox_simp_offline done
p_IPapprox_simp_online_wo_norm done
Loop 6, SEED 48
cinic10_retrain_set_random_500
Load trained attack model
p_Unleak done
p_LiRA done
p_update_LiRA done
p_EMIA done
p_EMIA_p done
p_random done
p_RMIA done
p_IPapprox_proby_simp done
p_IPapprox_tsm_simp done
p_IPapprox_carlogi_simp done
p_IPapprox_losy_simp done
p_IPapprox_simp_online done
p_IPapprox_simp_offline done
p_IPapprox_simp_online_wo_norm done
Loop 7, SEED 49
cinic10_retrain_set_random_500
Load trained attack model
p_Unleak done
p_LiRA done
p_update_LiRA done
p_EMIA done
p_EMIA_p done
p_random done
p_RMIA done
p_IPapprox_proby_simp done
p_IPapprox_tsm_simp done
p_IPapprox_carlogi_simp done
p_IPapprox_losy_simp done
p_IPapprox_simp_online done
p_IPapprox_simp_offline done
p_IPapprox_simp_online_wo_norm done
Loop 8, SEED 50
cinic10_retrain_set_random_500
Load trained attack model
p_Unleak done
p_LiRA done
p_update_LiRA done
p_EMIA done
p_EMIA_p done
p_random done
p_RMIA done
p_IPapprox_proby_simp done
p_IPapprox_tsm_simp done
p_IPapprox_carlogi_simp done
p_IPapprox_losy_simp done
p_IPapprox_simp_online done
p_IPapprox_simp_offline done
p_IPapprox_simp_online_wo_norm done
Loop 9, SEED 51
cinic10_retrain_set_random_500
Load trained attack model
p_Unleak done
p_LiRA done
p_update_LiRA done
p_EMIA done
p_EMIA_p done
p_random done
p_RMIA done
p_IPapprox_proby_simp done
p_IPapprox_tsm_simp done
p_IPapprox_carlogi_simp done
p_IPapprox_losy_simp done
p_IPapprox_simp_online done
p_IPapprox_simp_offline done
p_IPapprox_simp_online_wo_norm done
8-th shadow_list: [64, 65, 66, 67, 68, 69, 70, 71]
Loop 0, SEED 42
cinic10_retrain_set_random_500
Load trained attack model
p_Unleak done
p_LiRA done
p_update_LiRA done
p_EMIA done
p_EMIA_p done
p_random done
p_RMIA done
p_IPapprox_proby_simp done
p_IPapprox_tsm_simp done
p_IPapprox_carlogi_simp done
p_IPapprox_losy_simp done
p_IPapprox_simp_online done
p_IPapprox_simp_offline done
p_IPapprox_simp_online_wo_norm done
Loop 1, SEED 43
cinic10_retrain_set_random_500
Load trained attack model
p_Unleak done
p_LiRA done
p_update_LiRA done
p_EMIA done
p_EMIA_p done
p_random done
p_RMIA done
p_IPapprox_proby_simp done
p_IPapprox_tsm_simp done
p_IPapprox_carlogi_simp done
p_IPapprox_losy_simp done
p_IPapprox_simp_online done
p_IPapprox_simp_offline done
p_IPapprox_simp_online_wo_norm done
Loop 2, SEED 44
cinic10_retrain_set_random_500
Load trained attack model
p_Unleak done
p_LiRA done
p_update_LiRA done
p_EMIA done
p_EMIA_p done
p_random done
p_RMIA done
p_IPapprox_proby_simp done
p_IPapprox_tsm_simp done
p_IPapprox_carlogi_simp done
p_IPapprox_losy_simp done
p_IPapprox_simp_online done
p_IPapprox_simp_offline done
p_IPapprox_simp_online_wo_norm done
Loop 3, SEED 45
cinic10_retrain_set_random_500
Load trained attack model
p_Unleak done
p_LiRA done
p_update_LiRA done
p_EMIA done
p_EMIA_p done
p_random done
p_RMIA done
p_IPapprox_proby_simp done
p_IPapprox_tsm_simp done
p_IPapprox_carlogi_simp done
p_IPapprox_losy_simp done
p_IPapprox_simp_online done
p_IPapprox_simp_offline done
p_IPapprox_simp_online_wo_norm done
Loop 4, SEED 46
cinic10_retrain_set_random_500
Load trained attack model
p_Unleak done
p_LiRA done
p_update_LiRA done
p_EMIA done
p_EMIA_p done
p_random done
p_RMIA done
p_IPapprox_proby_simp done
p_IPapprox_tsm_simp done
p_IPapprox_carlogi_simp done
p_IPapprox_losy_simp done
p_IPapprox_simp_online done
p_IPapprox_simp_offline done
p_IPapprox_simp_online_wo_norm done
Loop 5, SEED 47
cinic10_retrain_set_random_500
Load trained attack model
p_Unleak done
p_LiRA done
p_update_LiRA done
p_EMIA done
p_EMIA_p done
p_random done
p_RMIA done
p_IPapprox_proby_simp done
p_IPapprox_tsm_simp done
p_IPapprox_carlogi_simp done
p_IPapprox_losy_simp done
p_IPapprox_simp_online done
p_IPapprox_simp_offline done
p_IPapprox_simp_online_wo_norm done
Loop 6, SEED 48
cinic10_retrain_set_random_500
Load trained attack model
p_Unleak done
p_LiRA done
p_update_LiRA done
p_EMIA done
p_EMIA_p done
p_random done
p_RMIA done
p_IPapprox_proby_simp done
p_IPapprox_tsm_simp done
p_IPapprox_carlogi_simp done
p_IPapprox_losy_simp done
p_IPapprox_simp_online done
p_IPapprox_simp_offline done
p_IPapprox_simp_online_wo_norm done
Loop 7, SEED 49
cinic10_retrain_set_random_500
Load trained attack model
p_Unleak done
p_LiRA done
p_update_LiRA done
p_EMIA done
p_EMIA_p done
p_random done
p_RMIA done
p_IPapprox_proby_simp done
p_IPapprox_tsm_simp done
p_IPapprox_carlogi_simp done
p_IPapprox_losy_simp done
p_IPapprox_simp_online done
p_IPapprox_simp_offline done
p_IPapprox_simp_online_wo_norm done
Loop 8, SEED 50
cinic10_retrain_set_random_500
Load trained attack model
p_Unleak done
p_LiRA done
p_update_LiRA done
p_EMIA done
p_EMIA_p done
p_random done
p_RMIA done
p_IPapprox_proby_simp done
p_IPapprox_tsm_simp done
p_IPapprox_carlogi_simp done
p_IPapprox_losy_simp done
p_IPapprox_simp_online done
p_IPapprox_simp_offline done
p_IPapprox_simp_online_wo_norm done
Loop 9, SEED 51
cinic10_retrain_set_random_500
Load trained attack model
p_Unleak done
p_LiRA done
p_update_LiRA done
p_EMIA done
p_EMIA_p done
p_random done
p_RMIA done
p_IPapprox_proby_simp done
p_IPapprox_tsm_simp done
p_IPapprox_carlogi_simp done
p_IPapprox_losy_simp done
p_IPapprox_simp_online done
p_IPapprox_simp_offline done
p_IPapprox_simp_online_wo_norm done
9-th shadow_list: [72, 73, 74, 75, 76, 77, 78, 79]
Loop 0, SEED 42
cinic10_retrain_set_random_500
Load trained attack model
p_Unleak done
p_LiRA done
p_update_LiRA done
p_EMIA done
p_EMIA_p done
p_random done
p_RMIA done
p_IPapprox_proby_simp done
p_IPapprox_tsm_simp done
p_IPapprox_carlogi_simp done
p_IPapprox_losy_simp done
p_IPapprox_simp_online done
p_IPapprox_simp_offline done
p_IPapprox_simp_online_wo_norm done
Loop 1, SEED 43
cinic10_retrain_set_random_500
Load trained attack model
p_Unleak done
p_LiRA done
p_update_LiRA done
p_EMIA done
p_EMIA_p done
p_random done
p_RMIA done
p_IPapprox_proby_simp done
p_IPapprox_tsm_simp done
p_IPapprox_carlogi_simp done
p_IPapprox_losy_simp done
p_IPapprox_simp_online done
p_IPapprox_simp_offline done
p_IPapprox_simp_online_wo_norm done
Loop 2, SEED 44
cinic10_retrain_set_random_500
Load trained attack model
p_Unleak done
p_LiRA done
p_update_LiRA done
p_EMIA done
p_EMIA_p done
p_random done
p_RMIA done
p_IPapprox_proby_simp done
p_IPapprox_tsm_simp done
p_IPapprox_carlogi_simp done
p_IPapprox_losy_simp done
p_IPapprox_simp_online done
p_IPapprox_simp_offline done
p_IPapprox_simp_online_wo_norm done
Loop 3, SEED 45
cinic10_retrain_set_random_500
Load trained attack model
p_Unleak done
p_LiRA done
p_update_LiRA done
p_EMIA done
p_EMIA_p done
p_random done
p_RMIA done
p_IPapprox_proby_simp done
p_IPapprox_tsm_simp done
p_IPapprox_carlogi_simp done
p_IPapprox_losy_simp done
p_IPapprox_simp_online done
p_IPapprox_simp_offline done
p_IPapprox_simp_online_wo_norm done
Loop 4, SEED 46
cinic10_retrain_set_random_500
Load trained attack model
p_Unleak done
p_LiRA done
p_update_LiRA done
p_EMIA done
p_EMIA_p done
p_random done
p_RMIA done
p_IPapprox_proby_simp done
p_IPapprox_tsm_simp done
p_IPapprox_carlogi_simp done
p_IPapprox_losy_simp done
p_IPapprox_simp_online done
p_IPapprox_simp_offline done
p_IPapprox_simp_online_wo_norm done
Loop 5, SEED 47
cinic10_retrain_set_random_500
Load trained attack model
p_Unleak done
p_LiRA done
p_update_LiRA done
p_EMIA done
p_EMIA_p done
p_random done
p_RMIA done
p_IPapprox_proby_simp done
p_IPapprox_tsm_simp done
p_IPapprox_carlogi_simp done
p_IPapprox_losy_simp done
p_IPapprox_simp_online done
p_IPapprox_simp_offline done
p_IPapprox_simp_online_wo_norm done
Loop 6, SEED 48
cinic10_retrain_set_random_500
Load trained attack model
p_Unleak done
p_LiRA done
p_update_LiRA done
p_EMIA done
p_EMIA_p done
p_random done
p_RMIA done
p_IPapprox_proby_simp done
p_IPapprox_tsm_simp done
p_IPapprox_carlogi_simp done
p_IPapprox_losy_simp done
p_IPapprox_simp_online done
p_IPapprox_simp_offline done
p_IPapprox_simp_online_wo_norm done
Loop 7, SEED 49
cinic10_retrain_set_random_500
Load trained attack model
p_Unleak done
p_LiRA done
p_update_LiRA done
p_EMIA done
p_EMIA_p done
p_random done
p_RMIA done
p_IPapprox_proby_simp done
p_IPapprox_tsm_simp done
p_IPapprox_carlogi_simp done
p_IPapprox_losy_simp done
p_IPapprox_simp_online done
p_IPapprox_simp_offline done
p_IPapprox_simp_online_wo_norm done
Loop 8, SEED 50
cinic10_retrain_set_random_500
Load trained attack model
p_Unleak done
p_LiRA done
p_update_LiRA done
p_EMIA done
p_EMIA_p done
p_random done
p_RMIA done
p_IPapprox_proby_simp done
p_IPapprox_tsm_simp done
p_IPapprox_carlogi_simp done
p_IPapprox_losy_simp done
p_IPapprox_simp_online done
p_IPapprox_simp_offline done
p_IPapprox_simp_online_wo_norm done
Loop 9, SEED 51
cinic10_retrain_set_random_500
Load trained attack model
p_Unleak done
p_LiRA done
p_update_LiRA done
p_EMIA done
p_EMIA_p done
p_random done
p_RMIA done
p_IPapprox_proby_simp done
p_IPapprox_tsm_simp done
p_IPapprox_carlogi_simp done
p_IPapprox_losy_simp done
p_IPapprox_simp_online done
p_IPapprox_simp_offline done
p_IPapprox_simp_online_wo_norm done

start_print
Namespace(dataname='cinic10', unlearn_method='retrain', unlearn_type='set_random', forget_class=0, forget_size=500, forget_class_ratio=0.5, model_numbs=8, SHADOW_AVE_FLAG=True, LOOP=10, EXACT_FLAG=False, shadow_folder='LIRA_checkpoints/shadow_models/', records_folder='/ibex/project/c2283/Evaluate-Unlearning/records/', SEED_init=42, CLASS_init=0, INTERAPPROX=100, metrics=['p_Unleak', 'p_LiRA', 'p_update_LiRA', 'p_EMIA', 'p_EMIA_p', 'p_RMIA', 'p_interapprox', 'p_random'], MODEL_CHECK=False, SHADOW_IDXs=[72, 73, 74, 75, 76, 77, 78, 79], SUFFIX='cinic10_retrain_set_random_500')
dict_keys(['p_Unleak', 'p_LiRA', 'p_LiRA_Online', 'p_update_LiRA', 'p_EMIA', 'p_EMIA_p', 'p_random', 'p_RMIA', 'p_RMIA_online', 'p_IPapprox_proby_simp', 'p_IPapprox_tsm_simp', 'p_IPapprox_carlogi_simp', 'p_IPapprox_losy_simp', 'p_IPapprox_simp_online', 'p_IPapprox_simp_offline', 'p_IPapprox_simp_online_wo_norm'])
Metric values                  auc    acc    tpr0.0 .-5    .-2    tnr0.0 .-5    .-2    1-mean 1-std  0-mean 0-std  cm-std1 cm-std0
p_Unleak                       0.6676 0.6376 0.0004 0.0004 0.0321 0.0045 0.0259 0.2400 0.3714 0.3179 0.1969 0.0522
p_Unleak_var                   0.0142 0.0056 0.0002 0.0002 0.0092 0.0079 0.0168 0.0264 0.1089 0.0662 0.1435 0.0207
p_LiRA                         0.5944 0.5844 0.0021 0.0021 0.0533 0.0000 0.00e+00 1.03e-02 -4.07e+00 6.74e+00 -7.89e+00 1.78e+01
p_LiRA_var                     0.0026 0.0017 0.0017 0.0017 0.0044 0.0000 0.00e+00 1.41e-03 7.11e-02 1.37e+00 1.17e-01 1.49e+00
p_LiRA_Online                  0.6183 0.6152 0.0003 0.0003 0.0112 0.0574 8.16e-02 2.18e-01 1.24e+61 2.72e+61 1.14e+60 2.31e+60
p_LiRA_Online_var              0.0000 0.0000 0.0000 0.0000 0.0000 0.0000 1.39e-17 2.78e-17 0.00e+00 0.00e+00 0.00e+00 0.00e+00
p_update_LiRA                  0.6435 0.6263 0.0003 0.0003 0.0152 0.0009 0.0038 0.1306 0.1364 0.3121 -0.0041 0.1619
p_update_LiRA_var              0.0006 0.0015 0.0002 0.0002 0.0012 0.0008 0.0015 0.0041 0.0008 0.0019 0.0001 0.0022
p_EMIA                         0.6259 0.5977 0.0039 0.0039 0.0841 0.0236 0.0270 0.0470 0.3503 0.3185 0.2480 0.3050
p_EMIA_var                     0.0016 0.0024 0.0017 0.0017 0.0039 0.0014 0.0019 0.0019 0.0029 0.0013 0.0035 0.0021
p_EMIA_p                       0.6820 0.6341 0.0000 0.0000 0.0238 0.0284 0.1144 0.2398 0.5456 0.2678 0.3770 0.2192
p_EMIA_p_var                   0.0000 0.0000 0.0000 0.0000 0.0000 0.0000 0.0000 0.0000 0.0000 0.0000 0.0000 0.0000
p_random                       0.5015 0.5049 0.0002 0.0002 0.0104 0.0000 0.0000 0.0101 0.5018 0.2887 0.5003 0.2888
p_random_var                   0.0028 0.0015 0.0001 0.0001 0.0012 0.0000 0.0000 0.0010 0.0026 0.0015 0.0004 0.0001
p_RMIA                         0.6932 0.6210 0.0026 0.0026 0.0932 0.0264 0.1113 0.2094 0.8620 0.0926 0.7682 0.1943
p_RMIA_var                     0.0009 0.0014 0.0011 0.0011 0.0059 0.0023 0.0013 0.0014 0.0004 0.0011 0.0005 0.0009
p_RMIA_online                  0.6797 0.6238 0.0035 0.0035 0.0439 0.0401 0.1106 0.2206 0.9456 0.0347 0.9251 0.0545
p_RMIA_online_var              0.0006 0.0007 0.0014 0.0014 0.0011 0.0018 0.0014 0.0019 0.0001 0.0003 0.0001 0.0001
p_IPapprox_proby_simp          0.6793 0.6143 0.0011 0.0011 0.0839 0.0136 0.0373 0.2275 0.4956 0.2558 0.3256 0.1917
p_IPapprox_proby_simp_var      0.0018 0.0013 0.0001 0.0001 0.0033 0.0030 0.0054 0.0019 0.0004 0.0004 0.0006 0.0001
p_IPapprox_tsm_simp            0.7172 0.6431 0.0019 0.0019 0.0632 0.0034 0.0156 0.2323 0.5382 0.2865 0.3174 0.2183
p_IPapprox_tsm_simp_var        0.0006 0.0007 0.0005 0.0005 0.0024 0.0012 0.0012 0.0011 0.0008 0.0004 0.0011 0.0003
p_IPapprox_carlogi_simp        0.7154 0.6439 0.0006 0.0006 0.0637 0.0109 0.0309 0.2181 0.5530 0.2821 0.3361 0.2274
p_IPapprox_carlogi_simp_var    0.0006 0.0006 0.0002 0.0002 0.0017 0.0035 0.0024 0.0016 0.0008 0.0005 0.0010 0.0004
p_IPapprox_losy_simp           0.6541 0.6013 0.0028 0.0028 0.0556 0.0169 0.0974 0.2018 0.4978 0.2165 0.3709 0.1753
p_IPapprox_losy_simp_var       0.0021 0.0011 0.0012 0.0012 0.0029 0.0021 0.0026 0.0017 0.0009 0.0009 0.0004 0.0002
p_IPapprox_simp_online         0.7189 0.6407 0.0010 0.0010 0.0851 0.0096 0.0148 0.2555 0.4809 0.2816 0.2683 0.1594
p_IPapprox_simp_online_var     0.0011 0.0012 0.0001 0.0001 0.0054 0.0010 0.0007 0.0010 0.0005 0.0004 0.0008 0.0001
p_IPapprox_simp_offline        0.7208 0.6435 0.0012 0.0012 0.0844 0.0096 0.0148 0.2518 0.4647 0.2952 0.2433 0.1638
p_IPapprox_simp_offline_var    0.0011 0.0013 0.0007 0.0007 0.0039 0.0010 0.0008 0.0011 0.0010 0.0006 0.0016 0.0004
p_IPapprox_simp_online_wo_norm 0.7189 0.6407 0.0010 0.0010 0.0851 0.0096 0.0148 0.2555 0.4809 0.2816 0.2683 0.1594
p_IPapprox_simp_online_wo_norm_var 0.0011 0.0012 0.0001 0.0001 0.0054 0.0010 0.0007 0.0010 0.0005 0.0004 0.0008 0.0001
end_print


