activation conda
activation env
Running on device: CUDA
Namespace(dataname='cifar100', unlearn_method='retrain', unlearn_type='set_random', forget_class=0, forget_size=500, forget_class_ratio=0.5, model_numbs=32, SHADOW_AVE_FLAG=True, LOOP=10, EXACT_FLAG=False, shadow_folder='LIRA_checkpoints/shadow_models/', records_folder='/ibex/project/c2283/Evaluate-Unlearning/records/', SEED_init=42, CLASS_init=0, INTERAPPROX=100, metrics=['p_Unleak', 'p_LiRA', 'p_update_LiRA', 'p_EMIA', 'p_EMIA_p', 'p_RMIA', 'p_interapprox', 'p_random'], MODEL_CHECK=False)
shadow_lists: [[0, 1, 2, 3, 4, 5, 6, 7, 8, 9, 10, 11, 12, 13, 14, 15, 16, 17, 18, 19, 20, 21, 22, 23, 24, 25, 26, 27, 28, 29, 30, 31], [32, 33, 34, 35, 36, 37, 38, 39, 40, 41, 42, 43, 44, 45, 46, 47, 48, 49, 50, 51, 52, 53, 54, 55, 56, 57, 58, 59, 60, 61, 62, 63], [64, 65, 66, 67, 68, 69, 70, 71, 72, 73, 74, 75, 76, 77, 78, 79, 80, 81, 82, 83, 84, 85, 86, 87, 88, 89, 90, 91, 92, 93, 94, 95], [96, 97, 98, 99, 100, 101, 102, 103, 104, 105, 106, 107, 108, 109, 110, 111, 112, 113, 114, 115, 116, 117, 118, 119, 120, 121, 122, 123, 124, 125, 126, 127]]
0-th shadow_list: [0, 1, 2, 3, 4, 5, 6, 7, 8, 9, 10, 11, 12, 13, 14, 15, 16, 17, 18, 19, 20, 21, 22, 23, 24, 25, 26, 27, 28, 29, 30, 31]
Loop 0, SEED 42
cifar100_retrain_set_random_500
Load trained attack model
p_Unleak done
p_LiRA done
p_update_LiRA done
p_EMIA done
p_EMIA_p done
p_random done
p_RMIA done
p_IPapprox_proby_simp done
p_IPapprox_tsm_simp done
p_IPapprox_carlogi_simp done
p_IPapprox_losy_simp done
p_IPapprox_simp_online done
p_IPapprox_simp_offline done
p_IPapprox_simp_online_wo_norm done
Loop 1, SEED 43
cifar100_retrain_set_random_500
Load trained attack model
p_Unleak done
p_LiRA done
p_update_LiRA done
p_EMIA done
p_EMIA_p done
p_random done
p_RMIA done
p_IPapprox_proby_simp done
p_IPapprox_tsm_simp done
p_IPapprox_carlogi_simp done
p_IPapprox_losy_simp done
p_IPapprox_simp_online done
p_IPapprox_simp_offline done
p_IPapprox_simp_online_wo_norm done
Loop 2, SEED 44
cifar100_retrain_set_random_500
Load trained attack model
p_Unleak done
p_LiRA done
p_update_LiRA done
p_EMIA done
p_EMIA_p done
p_random done
p_RMIA done
p_IPapprox_proby_simp done
p_IPapprox_tsm_simp done
p_IPapprox_carlogi_simp done
p_IPapprox_losy_simp done
p_IPapprox_simp_online done
p_IPapprox_simp_offline done
p_IPapprox_simp_online_wo_norm done
Loop 3, SEED 45
cifar100_retrain_set_random_500
Load trained attack model
p_Unleak done
p_LiRA done
p_update_LiRA done
p_EMIA done
p_EMIA_p done
p_random done
p_RMIA done
p_IPapprox_proby_simp done
p_IPapprox_tsm_simp done
p_IPapprox_carlogi_simp done
p_IPapprox_losy_simp done
p_IPapprox_simp_online done
p_IPapprox_simp_offline done
p_IPapprox_simp_online_wo_norm done
Loop 4, SEED 46
cifar100_retrain_set_random_500
Load trained attack model
p_Unleak done
p_LiRA done
p_update_LiRA done
p_EMIA done
p_EMIA_p done
p_random done
p_RMIA done
p_IPapprox_proby_simp done
p_IPapprox_tsm_simp done
p_IPapprox_carlogi_simp done
p_IPapprox_losy_simp done
p_IPapprox_simp_online done
p_IPapprox_simp_offline done
p_IPapprox_simp_online_wo_norm done
Loop 5, SEED 47
cifar100_retrain_set_random_500
Load trained attack model
p_Unleak done
p_LiRA done
p_update_LiRA done
p_EMIA done
p_EMIA_p done
p_random done
p_RMIA done
p_IPapprox_proby_simp done
p_IPapprox_tsm_simp done
p_IPapprox_carlogi_simp done
p_IPapprox_losy_simp done
p_IPapprox_simp_online done
p_IPapprox_simp_offline done
p_IPapprox_simp_online_wo_norm done
Loop 6, SEED 48
cifar100_retrain_set_random_500
Load trained attack model
p_Unleak done
p_LiRA done
p_update_LiRA done
p_EMIA done
p_EMIA_p done
p_random done
p_RMIA done
p_IPapprox_proby_simp done
p_IPapprox_tsm_simp done
p_IPapprox_carlogi_simp done
p_IPapprox_losy_simp done
p_IPapprox_simp_online done
p_IPapprox_simp_offline done
p_IPapprox_simp_online_wo_norm done
Loop 7, SEED 49
cifar100_retrain_set_random_500
Load trained attack model
p_Unleak done
p_LiRA done
p_update_LiRA done
p_EMIA done
p_EMIA_p done
p_random done
p_RMIA done
p_IPapprox_proby_simp done
p_IPapprox_tsm_simp done
p_IPapprox_carlogi_simp done
p_IPapprox_losy_simp done
p_IPapprox_simp_online done
p_IPapprox_simp_offline done
p_IPapprox_simp_online_wo_norm done
Loop 8, SEED 50
cifar100_retrain_set_random_500
Load trained attack model
p_Unleak done
p_LiRA done
p_update_LiRA done
p_EMIA done
p_EMIA_p done
p_random done
p_RMIA done
p_IPapprox_proby_simp done
p_IPapprox_tsm_simp done
p_IPapprox_carlogi_simp done
p_IPapprox_losy_simp done
p_IPapprox_simp_online done
p_IPapprox_simp_offline done
p_IPapprox_simp_online_wo_norm done
Loop 9, SEED 51
cifar100_retrain_set_random_500
Load trained attack model
p_Unleak done
p_LiRA done
p_update_LiRA done
p_EMIA done
p_EMIA_p done
p_random done
p_RMIA done
p_IPapprox_proby_simp done
p_IPapprox_tsm_simp done
p_IPapprox_carlogi_simp done
p_IPapprox_losy_simp done
p_IPapprox_simp_online done
p_IPapprox_simp_offline done
p_IPapprox_simp_online_wo_norm done
1-th shadow_list: [32, 33, 34, 35, 36, 37, 38, 39, 40, 41, 42, 43, 44, 45, 46, 47, 48, 49, 50, 51, 52, 53, 54, 55, 56, 57, 58, 59, 60, 61, 62, 63]
Loop 0, SEED 42
cifar100_retrain_set_random_500
Load trained attack model
p_Unleak done
p_LiRA done
p_update_LiRA done
p_EMIA done
p_EMIA_p done
p_random done
p_RMIA done
p_IPapprox_proby_simp done
p_IPapprox_tsm_simp done
p_IPapprox_carlogi_simp done
p_IPapprox_losy_simp done
p_IPapprox_simp_online done
p_IPapprox_simp_offline done
p_IPapprox_simp_online_wo_norm done
Loop 1, SEED 43
cifar100_retrain_set_random_500
Load trained attack model
p_Unleak done
p_LiRA done
p_update_LiRA done
p_EMIA done
p_EMIA_p done
p_random done
p_RMIA done
p_IPapprox_proby_simp done
p_IPapprox_tsm_simp done
p_IPapprox_carlogi_simp done
p_IPapprox_losy_simp done
p_IPapprox_simp_online done
p_IPapprox_simp_offline done
p_IPapprox_simp_online_wo_norm done
Loop 2, SEED 44
cifar100_retrain_set_random_500
Load trained attack model
p_Unleak done
p_LiRA done
p_update_LiRA done
p_EMIA done
p_EMIA_p done
p_random done
p_RMIA done
p_IPapprox_proby_simp done
p_IPapprox_tsm_simp done
p_IPapprox_carlogi_simp done
p_IPapprox_losy_simp done
p_IPapprox_simp_online done
p_IPapprox_simp_offline done
p_IPapprox_simp_online_wo_norm done
Loop 3, SEED 45
cifar100_retrain_set_random_500
Load trained attack model
p_Unleak done
p_LiRA done
p_update_LiRA done
p_EMIA done
p_EMIA_p done
p_random done
p_RMIA done
p_IPapprox_proby_simp done
p_IPapprox_tsm_simp done
p_IPapprox_carlogi_simp done
p_IPapprox_losy_simp done
p_IPapprox_simp_online done
p_IPapprox_simp_offline done
p_IPapprox_simp_online_wo_norm done
Loop 4, SEED 46
cifar100_retrain_set_random_500
Load trained attack model
p_Unleak done
p_LiRA done
p_update_LiRA done
p_EMIA done
p_EMIA_p done
p_random done
p_RMIA done
p_IPapprox_proby_simp done
p_IPapprox_tsm_simp done
p_IPapprox_carlogi_simp done
p_IPapprox_losy_simp done
p_IPapprox_simp_online done
p_IPapprox_simp_offline done
p_IPapprox_simp_online_wo_norm done
Loop 5, SEED 47
cifar100_retrain_set_random_500
Load trained attack model
p_Unleak done
p_LiRA done
p_update_LiRA done
p_EMIA done
p_EMIA_p done
p_random done
p_RMIA done
p_IPapprox_proby_simp done
p_IPapprox_tsm_simp done
p_IPapprox_carlogi_simp done
p_IPapprox_losy_simp done
p_IPapprox_simp_online done
p_IPapprox_simp_offline done
p_IPapprox_simp_online_wo_norm done
Loop 6, SEED 48
cifar100_retrain_set_random_500
Load trained attack model
p_Unleak done
p_LiRA done
p_update_LiRA done
p_EMIA done
p_EMIA_p done
p_random done
p_RMIA done
p_IPapprox_proby_simp done
p_IPapprox_tsm_simp done
p_IPapprox_carlogi_simp done
p_IPapprox_losy_simp done
p_IPapprox_simp_online done
p_IPapprox_simp_offline done
p_IPapprox_simp_online_wo_norm done
Loop 7, SEED 49
cifar100_retrain_set_random_500
Load trained attack model
p_Unleak done
p_LiRA done
p_update_LiRA done
p_EMIA done
p_EMIA_p done
p_random done
p_RMIA done
p_IPapprox_proby_simp done
p_IPapprox_tsm_simp done
p_IPapprox_carlogi_simp done
p_IPapprox_losy_simp done
p_IPapprox_simp_online done
p_IPapprox_simp_offline done
p_IPapprox_simp_online_wo_norm done
Loop 8, SEED 50
cifar100_retrain_set_random_500
Load trained attack model
p_Unleak done
p_LiRA done
p_update_LiRA done
p_EMIA done
p_EMIA_p done
p_random done
p_RMIA done
p_IPapprox_proby_simp done
p_IPapprox_tsm_simp done
p_IPapprox_carlogi_simp done
p_IPapprox_losy_simp done
p_IPapprox_simp_online done
p_IPapprox_simp_offline done
p_IPapprox_simp_online_wo_norm done
Loop 9, SEED 51
cifar100_retrain_set_random_500
Load trained attack model
p_Unleak done
p_LiRA done
p_update_LiRA done
p_EMIA done
p_EMIA_p done
p_random done
p_RMIA done
p_IPapprox_proby_simp done
p_IPapprox_tsm_simp done
p_IPapprox_carlogi_simp done
p_IPapprox_losy_simp done
p_IPapprox_simp_online done
p_IPapprox_simp_offline done
p_IPapprox_simp_online_wo_norm done
2-th shadow_list: [64, 65, 66, 67, 68, 69, 70, 71, 72, 73, 74, 75, 76, 77, 78, 79, 80, 81, 82, 83, 84, 85, 86, 87, 88, 89, 90, 91, 92, 93, 94, 95]
Loop 0, SEED 42
cifar100_retrain_set_random_500
Load trained attack model
p_Unleak done
p_LiRA done
p_update_LiRA done
p_EMIA done
p_EMIA_p done
p_random done
p_RMIA done
p_IPapprox_proby_simp done
p_IPapprox_tsm_simp done
p_IPapprox_carlogi_simp done
p_IPapprox_losy_simp done
p_IPapprox_simp_online done
p_IPapprox_simp_offline done
p_IPapprox_simp_online_wo_norm done
Loop 1, SEED 43
cifar100_retrain_set_random_500
Load trained attack model
p_Unleak done
p_LiRA done
p_update_LiRA done
p_EMIA done
p_EMIA_p done
p_random done
p_RMIA done
p_IPapprox_proby_simp done
p_IPapprox_tsm_simp done
p_IPapprox_carlogi_simp done
p_IPapprox_losy_simp done
p_IPapprox_simp_online done
p_IPapprox_simp_offline done
p_IPapprox_simp_online_wo_norm done
Loop 2, SEED 44
cifar100_retrain_set_random_500
Load trained attack model
p_Unleak done
p_LiRA done
p_update_LiRA done
p_EMIA done
p_EMIA_p done
p_random done
p_RMIA done
p_IPapprox_proby_simp done
p_IPapprox_tsm_simp done
p_IPapprox_carlogi_simp done
p_IPapprox_losy_simp done
p_IPapprox_simp_online done
p_IPapprox_simp_offline done
p_IPapprox_simp_online_wo_norm done
Loop 3, SEED 45
cifar100_retrain_set_random_500
Load trained attack model
p_Unleak done
p_LiRA done
p_update_LiRA done
p_EMIA done
p_EMIA_p done
p_random done
p_RMIA done
p_IPapprox_proby_simp done
p_IPapprox_tsm_simp done
p_IPapprox_carlogi_simp done
p_IPapprox_losy_simp done
p_IPapprox_simp_online done
p_IPapprox_simp_offline done
p_IPapprox_simp_online_wo_norm done
Loop 4, SEED 46
cifar100_retrain_set_random_500
Load trained attack model
p_Unleak done
p_LiRA done
p_update_LiRA done
p_EMIA done
p_EMIA_p done
p_random done
p_RMIA done
p_IPapprox_proby_simp done
p_IPapprox_tsm_simp done
p_IPapprox_carlogi_simp done
p_IPapprox_losy_simp done
p_IPapprox_simp_online done
p_IPapprox_simp_offline done
p_IPapprox_simp_online_wo_norm done
Loop 5, SEED 47
cifar100_retrain_set_random_500
Load trained attack model
p_Unleak done
p_LiRA done
p_update_LiRA done
p_EMIA done
p_EMIA_p done
p_random done
p_RMIA done
p_IPapprox_proby_simp done
p_IPapprox_tsm_simp done
p_IPapprox_carlogi_simp done
p_IPapprox_losy_simp done
p_IPapprox_simp_online done
p_IPapprox_simp_offline done
p_IPapprox_simp_online_wo_norm done
Loop 6, SEED 48
cifar100_retrain_set_random_500
Load trained attack model
p_Unleak done
p_LiRA done
p_update_LiRA done
p_EMIA done
p_EMIA_p done
p_random done
p_RMIA done
p_IPapprox_proby_simp done
p_IPapprox_tsm_simp done
p_IPapprox_carlogi_simp done
p_IPapprox_losy_simp done
p_IPapprox_simp_online done
p_IPapprox_simp_offline done
p_IPapprox_simp_online_wo_norm done
Loop 7, SEED 49
cifar100_retrain_set_random_500
Load trained attack model
p_Unleak done
p_LiRA done
p_update_LiRA done
p_EMIA done
p_EMIA_p done
p_random done
p_RMIA done
p_IPapprox_proby_simp done
p_IPapprox_tsm_simp done
p_IPapprox_carlogi_simp done
p_IPapprox_losy_simp done
p_IPapprox_simp_online done
p_IPapprox_simp_offline done
p_IPapprox_simp_online_wo_norm done
Loop 8, SEED 50
cifar100_retrain_set_random_500
Load trained attack model
p_Unleak done
p_LiRA done
p_update_LiRA done
p_EMIA done
p_EMIA_p done
p_random done
p_RMIA done
p_IPapprox_proby_simp done
p_IPapprox_tsm_simp done
p_IPapprox_carlogi_simp done
p_IPapprox_losy_simp done
p_IPapprox_simp_online done
p_IPapprox_simp_offline done
p_IPapprox_simp_online_wo_norm done
Loop 9, SEED 51
cifar100_retrain_set_random_500
Load trained attack model
p_Unleak done
p_LiRA done
p_update_LiRA done
p_EMIA done
p_EMIA_p done
p_random done
p_RMIA done
p_IPapprox_proby_simp done
p_IPapprox_tsm_simp done
p_IPapprox_carlogi_simp done
p_IPapprox_losy_simp done
p_IPapprox_simp_online done
p_IPapprox_simp_offline done
p_IPapprox_simp_online_wo_norm done
3-th shadow_list: [96, 97, 98, 99, 100, 101, 102, 103, 104, 105, 106, 107, 108, 109, 110, 111, 112, 113, 114, 115, 116, 117, 118, 119, 120, 121, 122, 123, 124, 125, 126, 127]
Loop 0, SEED 42
cifar100_retrain_set_random_500
Load trained attack model
p_Unleak done
p_LiRA done
p_update_LiRA done
p_EMIA done
p_EMIA_p done
p_random done
p_RMIA done
p_IPapprox_proby_simp done
p_IPapprox_tsm_simp done
p_IPapprox_carlogi_simp done
p_IPapprox_losy_simp done
p_IPapprox_simp_online done
p_IPapprox_simp_offline done
p_IPapprox_simp_online_wo_norm done
Loop 1, SEED 43
cifar100_retrain_set_random_500
Load trained attack model
p_Unleak done
p_LiRA done
p_update_LiRA done
p_EMIA done
p_EMIA_p done
p_random done
p_RMIA done
p_IPapprox_proby_simp done
p_IPapprox_tsm_simp done
p_IPapprox_carlogi_simp done
p_IPapprox_losy_simp done
p_IPapprox_simp_online done
p_IPapprox_simp_offline done
p_IPapprox_simp_online_wo_norm done
Loop 2, SEED 44
cifar100_retrain_set_random_500
Load trained attack model
p_Unleak done
p_LiRA done
p_update_LiRA done
p_EMIA done
p_EMIA_p done
p_random done
p_RMIA done
p_IPapprox_proby_simp done
p_IPapprox_tsm_simp done
p_IPapprox_carlogi_simp done
p_IPapprox_losy_simp done
p_IPapprox_simp_online done
p_IPapprox_simp_offline done
p_IPapprox_simp_online_wo_norm done
Loop 3, SEED 45
cifar100_retrain_set_random_500
Load trained attack model
p_Unleak done
p_LiRA done
p_update_LiRA done
p_EMIA done
p_EMIA_p done
p_random done
p_RMIA done
p_IPapprox_proby_simp done
p_IPapprox_tsm_simp done
p_IPapprox_carlogi_simp done
p_IPapprox_losy_simp done
p_IPapprox_simp_online done
p_IPapprox_simp_offline done
p_IPapprox_simp_online_wo_norm done
Loop 4, SEED 46
cifar100_retrain_set_random_500
Load trained attack model
p_Unleak done
p_LiRA done
p_update_LiRA done
p_EMIA done
p_EMIA_p done
p_random done
p_RMIA done
p_IPapprox_proby_simp done
p_IPapprox_tsm_simp done
p_IPapprox_carlogi_simp done
p_IPapprox_losy_simp done
p_IPapprox_simp_online done
p_IPapprox_simp_offline done
p_IPapprox_simp_online_wo_norm done
Loop 5, SEED 47
cifar100_retrain_set_random_500
Load trained attack model
p_Unleak done
p_LiRA done
p_update_LiRA done
p_EMIA done
p_EMIA_p done
p_random done
p_RMIA done
p_IPapprox_proby_simp done
p_IPapprox_tsm_simp done
p_IPapprox_carlogi_simp done
p_IPapprox_losy_simp done
p_IPapprox_simp_online done
p_IPapprox_simp_offline done
p_IPapprox_simp_online_wo_norm done
Loop 6, SEED 48
cifar100_retrain_set_random_500
Load trained attack model
p_Unleak done
p_LiRA done
p_update_LiRA done
p_EMIA done
p_EMIA_p done
p_random done
p_RMIA done
p_IPapprox_proby_simp done
p_IPapprox_tsm_simp done
p_IPapprox_carlogi_simp done
p_IPapprox_losy_simp done
p_IPapprox_simp_online done
p_IPapprox_simp_offline done
p_IPapprox_simp_online_wo_norm done
Loop 7, SEED 49
cifar100_retrain_set_random_500
Load trained attack model
p_Unleak done
p_LiRA done
p_update_LiRA done
p_EMIA done
p_EMIA_p done
p_random done
p_RMIA done
p_IPapprox_proby_simp done
p_IPapprox_tsm_simp done
p_IPapprox_carlogi_simp done
p_IPapprox_losy_simp done
p_IPapprox_simp_online done
p_IPapprox_simp_offline done
p_IPapprox_simp_online_wo_norm done
Loop 8, SEED 50
cifar100_retrain_set_random_500
Load trained attack model
p_Unleak done
p_LiRA done
p_update_LiRA done
p_EMIA done
p_EMIA_p done
p_random done
p_RMIA done
p_IPapprox_proby_simp done
p_IPapprox_tsm_simp done
p_IPapprox_carlogi_simp done
p_IPapprox_losy_simp done
p_IPapprox_simp_online done
p_IPapprox_simp_offline done
p_IPapprox_simp_online_wo_norm done
Loop 9, SEED 51
cifar100_retrain_set_random_500
Load trained attack model
p_Unleak done
p_LiRA done
p_update_LiRA done
p_EMIA done
p_EMIA_p done
p_random done
p_RMIA done
p_IPapprox_proby_simp done
p_IPapprox_tsm_simp done
p_IPapprox_carlogi_simp done
p_IPapprox_losy_simp done
p_IPapprox_simp_online done
p_IPapprox_simp_offline done
p_IPapprox_simp_online_wo_norm done

start_print
Namespace(dataname='cifar100', unlearn_method='retrain', unlearn_type='set_random', forget_class=0, forget_size=500, forget_class_ratio=0.5, model_numbs=32, SHADOW_AVE_FLAG=True, LOOP=10, EXACT_FLAG=False, shadow_folder='LIRA_checkpoints/shadow_models/', records_folder='/ibex/project/c2283/Evaluate-Unlearning/records/', SEED_init=42, CLASS_init=0, INTERAPPROX=100, metrics=['p_Unleak', 'p_LiRA', 'p_update_LiRA', 'p_EMIA', 'p_EMIA_p', 'p_RMIA', 'p_interapprox', 'p_random'], MODEL_CHECK=False, SHADOW_IDXs=[96, 97, 98, 99, 100, 101, 102, 103, 104, 105, 106, 107, 108, 109, 110, 111, 112, 113, 114, 115, 116, 117, 118, 119, 120, 121, 122, 123, 124, 125, 126, 127], SUFFIX='cifar100_retrain_set_random_500')
dict_keys(['p_Unleak', 'p_LiRA', 'p_LiRA_Online', 'p_update_LiRA', 'p_EMIA', 'p_EMIA_p', 'p_random', 'p_RMIA', 'p_RMIA_online', 'p_IPapprox_proby_simp', 'p_IPapprox_tsm_simp', 'p_IPapprox_carlogi_simp', 'p_IPapprox_losy_simp', 'p_IPapprox_simp_online', 'p_IPapprox_simp_offline', 'p_IPapprox_simp_online_wo_norm'])
Metric values                  auc    acc    tpr0.0 .-5    .-2    tnr0.0 .-5    .-2    1-mean 1-std  0-mean 0-std  cm-std1 cm-std0
p_Unleak                       0.8462 0.8112 0.0005 0.0005 0.0419 0.0392 0.2678 0.6085 0.7299 0.2342 0.4634 0.0286
p_Unleak_var                   0.0070 0.0022 0.0003 0.0003 0.0228 0.0255 0.1548 0.0057 0.0670 0.0265 0.0824 0.0093
p_LiRA                         0.7966 0.7318 0.0228 0.0228 0.2662 0.0002 4.14e-04 5.46e-02 -3.47e+00 4.10e+00 -1.68e+01 2.36e+01
p_LiRA_var                     0.0011 0.0010 0.0103 0.0103 0.0077 0.0001 1.43e-04 4.90e-04 1.80e-02 6.61e-02 1.29e-01 2.19e-01
p_LiRA_Online                  0.8319 0.7843 0.0002 0.0002 0.0332 0.0926 1.45e-01 5.06e-01 1.77e+61 2.05e+61 1.20e+60 1.90e+60
p_LiRA_Online_var              0.0000 0.0000 0.0000 0.0000 0.0000 0.0000 0.00e+00 0.00e+00 0.00e+00 0.00e+00 0.00e+00 0.00e+00
p_update_LiRA                  0.7979 0.7693 0.0000 0.0000 0.0071 0.0217 0.0339 0.2688 0.2594 0.3522 0.0023 0.1263
p_update_LiRA_var              0.0001 0.0009 0.0000 0.0000 0.0006 0.0080 0.0049 0.0011 0.0008 0.0015 0.0001 0.0003
p_EMIA                         0.8030 0.7316 0.0491 0.0491 0.2620 0.0296 0.0308 0.0653 0.3608 0.3320 0.1083 0.2185
p_EMIA_var                     0.0009 0.0012 0.0077 0.0077 0.0086 0.0020 0.0011 0.0019 0.0022 0.0010 0.0012 0.0011
p_EMIA_p                       0.8051 0.8064 0.0000 0.0000 0.0036 0.1070 0.4150 0.6014 0.5009 0.2829 0.2050 0.0833
p_EMIA_p_var                   0.0000 0.0000 0.0000 0.0000 0.0000 0.0000 0.0000 0.0000 0.0000 0.0000 0.0000 0.0000
p_random                       0.5021 0.5058 0.0001 0.0001 0.0094 0.0000 0.0000 0.0106 0.5018 0.2864 0.4997 0.2887
p_random_var                   0.0017 0.0011 0.0001 0.0001 0.0003 0.0000 0.0000 0.0012 0.0013 0.0011 0.0006 0.0002
p_RMIA                         0.8789 0.7729 0.0376 0.0377 0.3236 0.0869 0.3317 0.4805 0.7304 0.1560 0.4065 0.2350
p_RMIA_var                     0.0003 0.0005 0.0054 0.0054 0.0040 0.0019 0.0061 0.0010 0.0002 0.0004 0.0001 0.0002
p_RMIA_online                  0.8782 0.7931 0.0154 0.0154 0.1008 0.0987 0.3841 0.5494 0.8443 0.0909 0.7098 0.0884
p_RMIA_online_var              0.0002 0.0006 0.0048 0.0048 0.0026 0.0071 0.0012 0.0004 0.0001 0.0000 0.0002 0.0001
p_IPapprox_proby_simp          0.8825 0.7807 0.0116 0.0116 0.3340 0.0456 0.2919 0.5571 0.6491 0.2835 0.2190 0.1917
p_IPapprox_proby_simp_var      0.0004 0.0007 0.0028 0.0028 0.0075 0.0051 0.0091 0.0015 0.0003 0.0002 0.0001 0.0000
p_IPapprox_tsm_simp            0.8947 0.8219 0.0061 0.0061 0.1663 0.0221 0.0552 0.5623 0.7258 0.2810 0.2457 0.2002
p_IPapprox_tsm_simp_var        0.0001 0.0001 0.0003 0.0003 0.0021 0.0050 0.0026 0.0012 0.0002 0.0001 0.0003 0.0001
p_IPapprox_carlogi_simp        0.8776 0.8135 0.0022 0.0022 0.0709 0.0125 0.0277 0.4659 0.7226 0.2754 0.2768 0.2179
p_IPapprox_carlogi_simp_var    0.0000 0.0004 0.0005 0.0005 0.0005 0.0012 0.0014 0.0023 0.0002 0.0002 0.0004 0.0001
p_IPapprox_losy_simp           0.8480 0.7548 0.0021 0.0021 0.2376 0.2206 0.2472 0.5096 0.6085 0.2432 0.2875 0.1887
p_IPapprox_losy_simp_var       0.0005 0.0009 0.0004 0.0004 0.0034 0.0058 0.0088 0.0017 0.0005 0.0002 0.0002 0.0001
p_IPapprox_simp_online         0.9169 0.8257 0.0041 0.0041 0.2817 0.0253 0.1139 0.6113 0.6992 0.2954 0.1919 0.1540
p_IPapprox_simp_online_var     0.0001 0.0001 0.0004 0.0004 0.0036 0.0052 0.0113 0.0012 0.0002 0.0001 0.0002 0.0001
p_IPapprox_simp_offline        0.9117 0.8287 0.0154 0.0154 0.2509 0.0212 0.0558 0.6106 0.6806 0.3230 0.1520 0.1453
p_IPapprox_simp_offline_var    0.0002 0.0001 0.0046 0.0046 0.0059 0.0054 0.0055 0.0016 0.0006 0.0007 0.0013 0.0006
p_IPapprox_simp_online_wo_norm 0.9169 0.8257 0.0041 0.0041 0.2817 0.0253 0.1139 0.6113 0.6992 0.2954 0.1919 0.1540
p_IPapprox_simp_online_wo_norm_var 0.0001 0.0001 0.0004 0.0004 0.0036 0.0052 0.0113 0.0012 0.0002 0.0001 0.0002 0.0001
end_print


