activation conda
activation env
Running on device: CUDA
Namespace(dataname='purchase', unlearn_method='retrain', unlearn_type='set_random', forget_class=0, forget_size=500, forget_class_ratio=0.5, model_numbs=16, SHADOW_AVE_FLAG=True, LOOP=10, EXACT_FLAG=False, shadow_folder='LIRA_checkpoints/shadow_models/', records_folder='/ibex/project/c2283/Evaluate-Unlearning/records/', SEED_init=42, CLASS_init=0, INTERAPPROX=100, metrics=['p_Unleak', 'p_LiRA', 'p_update_LiRA', 'p_EMIA', 'p_EMIA_p', 'p_RMIA', 'p_interapprox', 'p_random'], MODEL_CHECK=False)
shadow_lists: [[0, 1, 2, 3, 4, 5, 6, 7, 8, 9, 10, 11, 12, 13, 14, 15], [16, 17, 18, 19, 20, 21, 22, 23, 24, 25, 26, 27, 28, 29, 30, 31], [32, 33, 34, 35, 36, 37, 38, 39, 40, 41, 42, 43, 44, 45, 46, 47], [48, 49, 50, 51, 52, 53, 54, 55, 56, 57, 58, 59, 60, 61, 62, 63], [64, 65, 66, 67, 68, 69, 70, 71, 72, 73, 74, 75, 76, 77, 78, 79], [80, 81, 82, 83, 84, 85, 86, 87, 88, 89, 90, 91, 92, 93, 94, 95], [96, 97, 98, 99, 100, 101, 102, 103, 104, 105, 106, 107, 108, 109, 110, 111], [112, 113, 114, 115, 116, 117, 118, 119, 120, 121, 122, 123, 124, 125, 126, 127]]
0-th shadow_list: [0, 1, 2, 3, 4, 5, 6, 7, 8, 9, 10, 11, 12, 13, 14, 15]
Loop 0, SEED 42
purchase_retrain_set_random_500
Load trained attack model
p_Unleak done
p_LiRA done
p_update_LiRA done
p_EMIA done
p_EMIA_p done
p_random done
p_RMIA done
p_IPapprox_proby_simp done
p_IPapprox_tsm_simp done
p_IPapprox_carlogi_simp done
p_IPapprox_losy_simp done
p_IPapprox_simp_online done
p_IPapprox_simp_offline done
p_IPapprox_simp_online_wo_norm done
Loop 1, SEED 43
purchase_retrain_set_random_500
Load trained attack model
p_Unleak done
p_LiRA done
p_update_LiRA done
p_EMIA done
p_EMIA_p done
p_random done
p_RMIA done
p_IPapprox_proby_simp done
p_IPapprox_tsm_simp done
p_IPapprox_carlogi_simp done
p_IPapprox_losy_simp done
p_IPapprox_simp_online done
p_IPapprox_simp_offline done
p_IPapprox_simp_online_wo_norm done
Loop 2, SEED 44
purchase_retrain_set_random_500
Load trained attack model
p_Unleak done
p_LiRA done
p_update_LiRA done
p_EMIA done
p_EMIA_p done
p_random done
p_RMIA done
p_IPapprox_proby_simp done
p_IPapprox_tsm_simp done
p_IPapprox_carlogi_simp done
p_IPapprox_losy_simp done
p_IPapprox_simp_online done
p_IPapprox_simp_offline done
p_IPapprox_simp_online_wo_norm done
Loop 3, SEED 45
purchase_retrain_set_random_500
Load trained attack model
p_Unleak done
p_LiRA done
p_update_LiRA done
p_EMIA done
p_EMIA_p done
p_random done
p_RMIA done
p_IPapprox_proby_simp done
p_IPapprox_tsm_simp done
p_IPapprox_carlogi_simp done
p_IPapprox_losy_simp done
p_IPapprox_simp_online done
p_IPapprox_simp_offline done
p_IPapprox_simp_online_wo_norm done
Loop 4, SEED 46
purchase_retrain_set_random_500
Load trained attack model
p_Unleak done
p_LiRA done
p_update_LiRA done
p_EMIA done
p_EMIA_p done
p_random done
p_RMIA done
p_IPapprox_proby_simp done
p_IPapprox_tsm_simp done
p_IPapprox_carlogi_simp done
p_IPapprox_losy_simp done
p_IPapprox_simp_online done
p_IPapprox_simp_offline done
p_IPapprox_simp_online_wo_norm done
Loop 5, SEED 47
purchase_retrain_set_random_500
Load trained attack model
p_Unleak done
p_LiRA done
p_update_LiRA done
p_EMIA done
p_EMIA_p done
p_random done
p_RMIA done
p_IPapprox_proby_simp done
p_IPapprox_tsm_simp done
p_IPapprox_carlogi_simp done
p_IPapprox_losy_simp done
p_IPapprox_simp_online done
p_IPapprox_simp_offline done
p_IPapprox_simp_online_wo_norm done
Loop 6, SEED 48
purchase_retrain_set_random_500
Load trained attack model
p_Unleak done
p_LiRA done
p_update_LiRA done
p_EMIA done
p_EMIA_p done
p_random done
p_RMIA done
p_IPapprox_proby_simp done
p_IPapprox_tsm_simp done
p_IPapprox_carlogi_simp done
p_IPapprox_losy_simp done
p_IPapprox_simp_online done
p_IPapprox_simp_offline done
p_IPapprox_simp_online_wo_norm done
Loop 7, SEED 49
purchase_retrain_set_random_500
Load trained attack model
p_Unleak done
p_LiRA done
p_update_LiRA done
p_EMIA done
p_EMIA_p done
p_random done
p_RMIA done
p_IPapprox_proby_simp done
p_IPapprox_tsm_simp done
p_IPapprox_carlogi_simp done
p_IPapprox_losy_simp done
p_IPapprox_simp_online done
p_IPapprox_simp_offline done
p_IPapprox_simp_online_wo_norm done
Loop 8, SEED 50
purchase_retrain_set_random_500
Load trained attack model
p_Unleak done
p_LiRA done
p_update_LiRA done
p_EMIA done
p_EMIA_p done
p_random done
p_RMIA done
p_IPapprox_proby_simp done
p_IPapprox_tsm_simp done
p_IPapprox_carlogi_simp done
p_IPapprox_losy_simp done
p_IPapprox_simp_online done
p_IPapprox_simp_offline done
p_IPapprox_simp_online_wo_norm done
Loop 9, SEED 51
purchase_retrain_set_random_500
Load trained attack model
p_Unleak done
p_LiRA done
p_update_LiRA done
p_EMIA done
p_EMIA_p done
p_random done
p_RMIA done
p_IPapprox_proby_simp done
p_IPapprox_tsm_simp done
p_IPapprox_carlogi_simp done
p_IPapprox_losy_simp done
p_IPapprox_simp_online done
p_IPapprox_simp_offline done
p_IPapprox_simp_online_wo_norm done
1-th shadow_list: [16, 17, 18, 19, 20, 21, 22, 23, 24, 25, 26, 27, 28, 29, 30, 31]
Loop 0, SEED 42
purchase_retrain_set_random_500
Load trained attack model
p_Unleak done
p_LiRA done
p_update_LiRA done
p_EMIA done
p_EMIA_p done
p_random done
p_RMIA done
p_IPapprox_proby_simp done
p_IPapprox_tsm_simp done
p_IPapprox_carlogi_simp done
p_IPapprox_losy_simp done
p_IPapprox_simp_online done
p_IPapprox_simp_offline done
p_IPapprox_simp_online_wo_norm done
Loop 1, SEED 43
purchase_retrain_set_random_500
Load trained attack model
p_Unleak done
p_LiRA done
p_update_LiRA done
p_EMIA done
p_EMIA_p done
p_random done
p_RMIA done
p_IPapprox_proby_simp done
p_IPapprox_tsm_simp done
p_IPapprox_carlogi_simp done
p_IPapprox_losy_simp done
p_IPapprox_simp_online done
p_IPapprox_simp_offline done
p_IPapprox_simp_online_wo_norm done
Loop 2, SEED 44
purchase_retrain_set_random_500
Load trained attack model
p_Unleak done
p_LiRA done
p_update_LiRA done
p_EMIA done
p_EMIA_p done
p_random done
p_RMIA done
p_IPapprox_proby_simp done
p_IPapprox_tsm_simp done
p_IPapprox_carlogi_simp done
p_IPapprox_losy_simp done
p_IPapprox_simp_online done
p_IPapprox_simp_offline done
p_IPapprox_simp_online_wo_norm done
Loop 3, SEED 45
purchase_retrain_set_random_500
Load trained attack model
p_Unleak done
p_LiRA done
p_update_LiRA done
p_EMIA done
p_EMIA_p done
p_random done
p_RMIA done
p_IPapprox_proby_simp done
p_IPapprox_tsm_simp done
p_IPapprox_carlogi_simp done
p_IPapprox_losy_simp done
p_IPapprox_simp_online done
p_IPapprox_simp_offline done
p_IPapprox_simp_online_wo_norm done
Loop 4, SEED 46
purchase_retrain_set_random_500
Load trained attack model
p_Unleak done
p_LiRA done
p_update_LiRA done
p_EMIA done
p_EMIA_p done
p_random done
p_RMIA done
p_IPapprox_proby_simp done
p_IPapprox_tsm_simp done
p_IPapprox_carlogi_simp done
p_IPapprox_losy_simp done
p_IPapprox_simp_online done
p_IPapprox_simp_offline done
p_IPapprox_simp_online_wo_norm done
Loop 5, SEED 47
purchase_retrain_set_random_500
Load trained attack model
p_Unleak done
p_LiRA done
p_update_LiRA done
p_EMIA done
p_EMIA_p done
p_random done
p_RMIA done
p_IPapprox_proby_simp done
p_IPapprox_tsm_simp done
p_IPapprox_carlogi_simp done
p_IPapprox_losy_simp done
p_IPapprox_simp_online done
p_IPapprox_simp_offline done
p_IPapprox_simp_online_wo_norm done
Loop 6, SEED 48
purchase_retrain_set_random_500
Load trained attack model
p_Unleak done
p_LiRA done
p_update_LiRA done
p_EMIA done
p_EMIA_p done
p_random done
p_RMIA done
p_IPapprox_proby_simp done
p_IPapprox_tsm_simp done
p_IPapprox_carlogi_simp done
p_IPapprox_losy_simp done
p_IPapprox_simp_online done
p_IPapprox_simp_offline done
p_IPapprox_simp_online_wo_norm done
Loop 7, SEED 49
purchase_retrain_set_random_500
Load trained attack model
p_Unleak done
p_LiRA done
p_update_LiRA done
p_EMIA done
p_EMIA_p done
p_random done
p_RMIA done
p_IPapprox_proby_simp done
p_IPapprox_tsm_simp done
p_IPapprox_carlogi_simp done
p_IPapprox_losy_simp done
p_IPapprox_simp_online done
p_IPapprox_simp_offline done
p_IPapprox_simp_online_wo_norm done
Loop 8, SEED 50
purchase_retrain_set_random_500
Load trained attack model
p_Unleak done
p_LiRA done
p_update_LiRA done
p_EMIA done
p_EMIA_p done
p_random done
p_RMIA done
p_IPapprox_proby_simp done
p_IPapprox_tsm_simp done
p_IPapprox_carlogi_simp done
p_IPapprox_losy_simp done
p_IPapprox_simp_online done
p_IPapprox_simp_offline done
p_IPapprox_simp_online_wo_norm done
Loop 9, SEED 51
purchase_retrain_set_random_500
Load trained attack model
p_Unleak done
p_LiRA done
p_update_LiRA done
p_EMIA done
p_EMIA_p done
p_random done
p_RMIA done
p_IPapprox_proby_simp done
p_IPapprox_tsm_simp done
p_IPapprox_carlogi_simp done
p_IPapprox_losy_simp done
p_IPapprox_simp_online done
p_IPapprox_simp_offline done
p_IPapprox_simp_online_wo_norm done
2-th shadow_list: [32, 33, 34, 35, 36, 37, 38, 39, 40, 41, 42, 43, 44, 45, 46, 47]
Loop 0, SEED 42
purchase_retrain_set_random_500
Load trained attack model
p_Unleak done
p_LiRA done
p_update_LiRA done
p_EMIA done
p_EMIA_p done
p_random done
p_RMIA done
p_IPapprox_proby_simp done
p_IPapprox_tsm_simp done
p_IPapprox_carlogi_simp done
p_IPapprox_losy_simp done
p_IPapprox_simp_online done
p_IPapprox_simp_offline done
p_IPapprox_simp_online_wo_norm done
Loop 1, SEED 43
purchase_retrain_set_random_500
Load trained attack model
p_Unleak done
p_LiRA done
p_update_LiRA done
p_EMIA done
p_EMIA_p done
p_random done
p_RMIA done
p_IPapprox_proby_simp done
p_IPapprox_tsm_simp done
p_IPapprox_carlogi_simp done
p_IPapprox_losy_simp done
p_IPapprox_simp_online done
p_IPapprox_simp_offline done
p_IPapprox_simp_online_wo_norm done
Loop 2, SEED 44
purchase_retrain_set_random_500
Load trained attack model
p_Unleak done
p_LiRA done
p_update_LiRA done
p_EMIA done
p_EMIA_p done
p_random done
p_RMIA done
p_IPapprox_proby_simp done
p_IPapprox_tsm_simp done
p_IPapprox_carlogi_simp done
p_IPapprox_losy_simp done
p_IPapprox_simp_online done
p_IPapprox_simp_offline done
p_IPapprox_simp_online_wo_norm done
Loop 3, SEED 45
purchase_retrain_set_random_500
Load trained attack model
p_Unleak done
p_LiRA done
p_update_LiRA done
p_EMIA done
p_EMIA_p done
p_random done
p_RMIA done
p_IPapprox_proby_simp done
p_IPapprox_tsm_simp done
p_IPapprox_carlogi_simp done
p_IPapprox_losy_simp done
p_IPapprox_simp_online done
p_IPapprox_simp_offline done
p_IPapprox_simp_online_wo_norm done
Loop 4, SEED 46
purchase_retrain_set_random_500
Load trained attack model
p_Unleak done
p_LiRA done
p_update_LiRA done
p_EMIA done
p_EMIA_p done
p_random done
p_RMIA done
p_IPapprox_proby_simp done
p_IPapprox_tsm_simp done
p_IPapprox_carlogi_simp done
p_IPapprox_losy_simp done
p_IPapprox_simp_online done
p_IPapprox_simp_offline done
p_IPapprox_simp_online_wo_norm done
Loop 5, SEED 47
purchase_retrain_set_random_500
Load trained attack model
p_Unleak done
p_LiRA done
p_update_LiRA done
p_EMIA done
p_EMIA_p done
p_random done
p_RMIA done
p_IPapprox_proby_simp done
p_IPapprox_tsm_simp done
p_IPapprox_carlogi_simp done
p_IPapprox_losy_simp done
p_IPapprox_simp_online done
p_IPapprox_simp_offline done
p_IPapprox_simp_online_wo_norm done
Loop 6, SEED 48
purchase_retrain_set_random_500
Load trained attack model
p_Unleak done
p_LiRA done
p_update_LiRA done
p_EMIA done
p_EMIA_p done
p_random done
p_RMIA done
p_IPapprox_proby_simp done
p_IPapprox_tsm_simp done
p_IPapprox_carlogi_simp done
p_IPapprox_losy_simp done
p_IPapprox_simp_online done
p_IPapprox_simp_offline done
p_IPapprox_simp_online_wo_norm done
Loop 7, SEED 49
purchase_retrain_set_random_500
Load trained attack model
p_Unleak done
p_LiRA done
p_update_LiRA done
p_EMIA done
p_EMIA_p done
p_random done
p_RMIA done
p_IPapprox_proby_simp done
p_IPapprox_tsm_simp done
p_IPapprox_carlogi_simp done
p_IPapprox_losy_simp done
p_IPapprox_simp_online done
p_IPapprox_simp_offline done
p_IPapprox_simp_online_wo_norm done
Loop 8, SEED 50
purchase_retrain_set_random_500
Load trained attack model
p_Unleak done
p_LiRA done
p_update_LiRA done
p_EMIA done
p_EMIA_p done
p_random done
p_RMIA done
p_IPapprox_proby_simp done
p_IPapprox_tsm_simp done
p_IPapprox_carlogi_simp done
p_IPapprox_losy_simp done
p_IPapprox_simp_online done
p_IPapprox_simp_offline done
p_IPapprox_simp_online_wo_norm done
Loop 9, SEED 51
purchase_retrain_set_random_500
Load trained attack model
p_Unleak done
p_LiRA done
p_update_LiRA done
p_EMIA done
p_EMIA_p done
p_random done
p_RMIA done
p_IPapprox_proby_simp done
p_IPapprox_tsm_simp done
p_IPapprox_carlogi_simp done
p_IPapprox_losy_simp done
p_IPapprox_simp_online done
p_IPapprox_simp_offline done
p_IPapprox_simp_online_wo_norm done
3-th shadow_list: [48, 49, 50, 51, 52, 53, 54, 55, 56, 57, 58, 59, 60, 61, 62, 63]
Loop 0, SEED 42
purchase_retrain_set_random_500
Load trained attack model
p_Unleak done
p_LiRA done
p_update_LiRA done
p_EMIA done
p_EMIA_p done
p_random done
p_RMIA done
p_IPapprox_proby_simp done
p_IPapprox_tsm_simp done
p_IPapprox_carlogi_simp done
p_IPapprox_losy_simp done
p_IPapprox_simp_online done
p_IPapprox_simp_offline done
p_IPapprox_simp_online_wo_norm done
Loop 1, SEED 43
purchase_retrain_set_random_500
Load trained attack model
p_Unleak done
p_LiRA done
p_update_LiRA done
p_EMIA done
p_EMIA_p done
p_random done
p_RMIA done
p_IPapprox_proby_simp done
p_IPapprox_tsm_simp done
p_IPapprox_carlogi_simp done
p_IPapprox_losy_simp done
p_IPapprox_simp_online done
p_IPapprox_simp_offline done
p_IPapprox_simp_online_wo_norm done
Loop 2, SEED 44
purchase_retrain_set_random_500
Load trained attack model
p_Unleak done
p_LiRA done
p_update_LiRA done
p_EMIA done
p_EMIA_p done
p_random done
p_RMIA done
p_IPapprox_proby_simp done
p_IPapprox_tsm_simp done
p_IPapprox_carlogi_simp done
p_IPapprox_losy_simp done
p_IPapprox_simp_online done
p_IPapprox_simp_offline done
p_IPapprox_simp_online_wo_norm done
Loop 3, SEED 45
purchase_retrain_set_random_500
Load trained attack model
p_Unleak done
p_LiRA done
p_update_LiRA done
p_EMIA done
p_EMIA_p done
p_random done
p_RMIA done
p_IPapprox_proby_simp done
p_IPapprox_tsm_simp done
p_IPapprox_carlogi_simp done
p_IPapprox_losy_simp done
p_IPapprox_simp_online done
p_IPapprox_simp_offline done
p_IPapprox_simp_online_wo_norm done
Loop 4, SEED 46
purchase_retrain_set_random_500
Load trained attack model
p_Unleak done
p_LiRA done
p_update_LiRA done
p_EMIA done
p_EMIA_p done
p_random done
p_RMIA done
p_IPapprox_proby_simp done
p_IPapprox_tsm_simp done
p_IPapprox_carlogi_simp done
p_IPapprox_losy_simp done
p_IPapprox_simp_online done
p_IPapprox_simp_offline done
p_IPapprox_simp_online_wo_norm done
Loop 5, SEED 47
purchase_retrain_set_random_500
Load trained attack model
p_Unleak done
p_LiRA done
p_update_LiRA done
p_EMIA done
p_EMIA_p done
p_random done
p_RMIA done
p_IPapprox_proby_simp done
p_IPapprox_tsm_simp done
p_IPapprox_carlogi_simp done
p_IPapprox_losy_simp done
p_IPapprox_simp_online done
p_IPapprox_simp_offline done
p_IPapprox_simp_online_wo_norm done
Loop 6, SEED 48
purchase_retrain_set_random_500
Load trained attack model
p_Unleak done
p_LiRA done
p_update_LiRA done
p_EMIA done
p_EMIA_p done
p_random done
p_RMIA done
p_IPapprox_proby_simp done
p_IPapprox_tsm_simp done
p_IPapprox_carlogi_simp done
p_IPapprox_losy_simp done
p_IPapprox_simp_online done
p_IPapprox_simp_offline done
p_IPapprox_simp_online_wo_norm done
Loop 7, SEED 49
purchase_retrain_set_random_500
Load trained attack model
p_Unleak done
p_LiRA done
p_update_LiRA done
p_EMIA done
p_EMIA_p done
p_random done
p_RMIA done
p_IPapprox_proby_simp done
p_IPapprox_tsm_simp done
p_IPapprox_carlogi_simp done
p_IPapprox_losy_simp done
p_IPapprox_simp_online done
p_IPapprox_simp_offline done
p_IPapprox_simp_online_wo_norm done
Loop 8, SEED 50
purchase_retrain_set_random_500
Load trained attack model
p_Unleak done
p_LiRA done
p_update_LiRA done
p_EMIA done
p_EMIA_p done
p_random done
p_RMIA done
p_IPapprox_proby_simp done
p_IPapprox_tsm_simp done
p_IPapprox_carlogi_simp done
p_IPapprox_losy_simp done
p_IPapprox_simp_online done
p_IPapprox_simp_offline done
p_IPapprox_simp_online_wo_norm done
Loop 9, SEED 51
purchase_retrain_set_random_500
Load trained attack model
p_Unleak done
p_LiRA done
p_update_LiRA done
p_EMIA done
p_EMIA_p done
p_random done
p_RMIA done
p_IPapprox_proby_simp done
p_IPapprox_tsm_simp done
p_IPapprox_carlogi_simp done
p_IPapprox_losy_simp done
p_IPapprox_simp_online done
p_IPapprox_simp_offline done
p_IPapprox_simp_online_wo_norm done
4-th shadow_list: [64, 65, 66, 67, 68, 69, 70, 71, 72, 73, 74, 75, 76, 77, 78, 79]
Loop 0, SEED 42
purchase_retrain_set_random_500
Load trained attack model
p_Unleak done
p_LiRA done
p_update_LiRA done
p_EMIA done
p_EMIA_p done
p_random done
p_RMIA done
p_IPapprox_proby_simp done
p_IPapprox_tsm_simp done
p_IPapprox_carlogi_simp done
p_IPapprox_losy_simp done
p_IPapprox_simp_online done
p_IPapprox_simp_offline done
p_IPapprox_simp_online_wo_norm done
Loop 1, SEED 43
purchase_retrain_set_random_500
Load trained attack model
p_Unleak done
p_LiRA done
p_update_LiRA done
p_EMIA done
p_EMIA_p done
p_random done
p_RMIA done
p_IPapprox_proby_simp done
p_IPapprox_tsm_simp done
p_IPapprox_carlogi_simp done
p_IPapprox_losy_simp done
p_IPapprox_simp_online done
p_IPapprox_simp_offline done
p_IPapprox_simp_online_wo_norm done
Loop 2, SEED 44
purchase_retrain_set_random_500
Load trained attack model
p_Unleak done
p_LiRA done
p_update_LiRA done
p_EMIA done
p_EMIA_p done
p_random done
p_RMIA done
p_IPapprox_proby_simp done
p_IPapprox_tsm_simp done
p_IPapprox_carlogi_simp done
p_IPapprox_losy_simp done
p_IPapprox_simp_online done
p_IPapprox_simp_offline done
p_IPapprox_simp_online_wo_norm done
Loop 3, SEED 45
purchase_retrain_set_random_500
Load trained attack model
p_Unleak done
p_LiRA done
p_update_LiRA done
p_EMIA done
p_EMIA_p done
p_random done
p_RMIA done
p_IPapprox_proby_simp done
p_IPapprox_tsm_simp done
p_IPapprox_carlogi_simp done
p_IPapprox_losy_simp done
p_IPapprox_simp_online done
p_IPapprox_simp_offline done
p_IPapprox_simp_online_wo_norm done
Loop 4, SEED 46
purchase_retrain_set_random_500
Load trained attack model
p_Unleak done
p_LiRA done
p_update_LiRA done
p_EMIA done
p_EMIA_p done
p_random done
p_RMIA done
p_IPapprox_proby_simp done
p_IPapprox_tsm_simp done
p_IPapprox_carlogi_simp done
p_IPapprox_losy_simp done
p_IPapprox_simp_online done
p_IPapprox_simp_offline done
p_IPapprox_simp_online_wo_norm done
Loop 5, SEED 47
purchase_retrain_set_random_500
Load trained attack model
p_Unleak done
p_LiRA done
p_update_LiRA done
p_EMIA done
p_EMIA_p done
p_random done
p_RMIA done
p_IPapprox_proby_simp done
p_IPapprox_tsm_simp done
p_IPapprox_carlogi_simp done
p_IPapprox_losy_simp done
p_IPapprox_simp_online done
p_IPapprox_simp_offline done
p_IPapprox_simp_online_wo_norm done
Loop 6, SEED 48
purchase_retrain_set_random_500
Load trained attack model
p_Unleak done
p_LiRA done
p_update_LiRA done
p_EMIA done
p_EMIA_p done
p_random done
p_RMIA done
p_IPapprox_proby_simp done
p_IPapprox_tsm_simp done
p_IPapprox_carlogi_simp done
p_IPapprox_losy_simp done
p_IPapprox_simp_online done
p_IPapprox_simp_offline done
p_IPapprox_simp_online_wo_norm done
Loop 7, SEED 49
purchase_retrain_set_random_500
Load trained attack model
p_Unleak done
p_LiRA done
p_update_LiRA done
p_EMIA done
p_EMIA_p done
p_random done
p_RMIA done
p_IPapprox_proby_simp done
p_IPapprox_tsm_simp done
p_IPapprox_carlogi_simp done
p_IPapprox_losy_simp done
p_IPapprox_simp_online done
p_IPapprox_simp_offline done
p_IPapprox_simp_online_wo_norm done
Loop 8, SEED 50
purchase_retrain_set_random_500
Load trained attack model
p_Unleak done
p_LiRA done
p_update_LiRA done
p_EMIA done
p_EMIA_p done
p_random done
p_RMIA done
p_IPapprox_proby_simp done
p_IPapprox_tsm_simp done
p_IPapprox_carlogi_simp done
p_IPapprox_losy_simp done
p_IPapprox_simp_online done
p_IPapprox_simp_offline done
p_IPapprox_simp_online_wo_norm done
Loop 9, SEED 51
purchase_retrain_set_random_500
Load trained attack model
p_Unleak done
p_LiRA done
p_update_LiRA done
p_EMIA done
p_EMIA_p done
p_random done
p_RMIA done
p_IPapprox_proby_simp done
p_IPapprox_tsm_simp done
p_IPapprox_carlogi_simp done
p_IPapprox_losy_simp done
p_IPapprox_simp_online done
p_IPapprox_simp_offline done
p_IPapprox_simp_online_wo_norm done
5-th shadow_list: [80, 81, 82, 83, 84, 85, 86, 87, 88, 89, 90, 91, 92, 93, 94, 95]
Loop 0, SEED 42
purchase_retrain_set_random_500
Load trained attack model
p_Unleak done
p_LiRA done
p_update_LiRA done
p_EMIA done
p_EMIA_p done
p_random done
p_RMIA done
p_IPapprox_proby_simp done
p_IPapprox_tsm_simp done
p_IPapprox_carlogi_simp done
p_IPapprox_losy_simp done
p_IPapprox_simp_online done
p_IPapprox_simp_offline done
p_IPapprox_simp_online_wo_norm done
Loop 1, SEED 43
purchase_retrain_set_random_500
Load trained attack model
p_Unleak done
p_LiRA done
p_update_LiRA done
p_EMIA done
p_EMIA_p done
p_random done
p_RMIA done
p_IPapprox_proby_simp done
p_IPapprox_tsm_simp done
p_IPapprox_carlogi_simp done
p_IPapprox_losy_simp done
p_IPapprox_simp_online done
p_IPapprox_simp_offline done
p_IPapprox_simp_online_wo_norm done
Loop 2, SEED 44
purchase_retrain_set_random_500
Load trained attack model
p_Unleak done
p_LiRA done
p_update_LiRA done
p_EMIA done
p_EMIA_p done
p_random done
p_RMIA done
p_IPapprox_proby_simp done
p_IPapprox_tsm_simp done
p_IPapprox_carlogi_simp done
p_IPapprox_losy_simp done
p_IPapprox_simp_online done
p_IPapprox_simp_offline done
p_IPapprox_simp_online_wo_norm done
Loop 3, SEED 45
purchase_retrain_set_random_500
Load trained attack model
p_Unleak done
p_LiRA done
p_update_LiRA done
p_EMIA done
p_EMIA_p done
p_random done
p_RMIA done
p_IPapprox_proby_simp done
p_IPapprox_tsm_simp done
p_IPapprox_carlogi_simp done
p_IPapprox_losy_simp done
p_IPapprox_simp_online done
p_IPapprox_simp_offline done
p_IPapprox_simp_online_wo_norm done
Loop 4, SEED 46
purchase_retrain_set_random_500
Load trained attack model
p_Unleak done
p_LiRA done
p_update_LiRA done
p_EMIA done
p_EMIA_p done
p_random done
p_RMIA done
p_IPapprox_proby_simp done
p_IPapprox_tsm_simp done
p_IPapprox_carlogi_simp done
p_IPapprox_losy_simp done
p_IPapprox_simp_online done
p_IPapprox_simp_offline done
p_IPapprox_simp_online_wo_norm done
Loop 5, SEED 47
purchase_retrain_set_random_500
Load trained attack model
p_Unleak done
p_LiRA done
p_update_LiRA done
p_EMIA done
p_EMIA_p done
p_random done
p_RMIA done
p_IPapprox_proby_simp done
p_IPapprox_tsm_simp done
p_IPapprox_carlogi_simp done
p_IPapprox_losy_simp done
p_IPapprox_simp_online done
p_IPapprox_simp_offline done
p_IPapprox_simp_online_wo_norm done
Loop 6, SEED 48
purchase_retrain_set_random_500
Load trained attack model
p_Unleak done
p_LiRA done
p_update_LiRA done
p_EMIA done
p_EMIA_p done
p_random done
p_RMIA done
p_IPapprox_proby_simp done
p_IPapprox_tsm_simp done
p_IPapprox_carlogi_simp done
p_IPapprox_losy_simp done
p_IPapprox_simp_online done
p_IPapprox_simp_offline done
p_IPapprox_simp_online_wo_norm done
Loop 7, SEED 49
purchase_retrain_set_random_500
Load trained attack model
p_Unleak done
p_LiRA done
p_update_LiRA done
p_EMIA done
p_EMIA_p done
p_random done
p_RMIA done
p_IPapprox_proby_simp done
p_IPapprox_tsm_simp done
p_IPapprox_carlogi_simp done
p_IPapprox_losy_simp done
p_IPapprox_simp_online done
p_IPapprox_simp_offline done
p_IPapprox_simp_online_wo_norm done
Loop 8, SEED 50
purchase_retrain_set_random_500
Load trained attack model
p_Unleak done
p_LiRA done
p_update_LiRA done
p_EMIA done
p_EMIA_p done
p_random done
p_RMIA done
p_IPapprox_proby_simp done
p_IPapprox_tsm_simp done
p_IPapprox_carlogi_simp done
p_IPapprox_losy_simp done
p_IPapprox_simp_online done
p_IPapprox_simp_offline done
p_IPapprox_simp_online_wo_norm done
Loop 9, SEED 51
purchase_retrain_set_random_500
Load trained attack model
p_Unleak done
p_LiRA done
p_update_LiRA done
p_EMIA done
p_EMIA_p done
p_random done
p_RMIA done
p_IPapprox_proby_simp done
p_IPapprox_tsm_simp done
p_IPapprox_carlogi_simp done
p_IPapprox_losy_simp done
p_IPapprox_simp_online done
p_IPapprox_simp_offline done
p_IPapprox_simp_online_wo_norm done
6-th shadow_list: [96, 97, 98, 99, 100, 101, 102, 103, 104, 105, 106, 107, 108, 109, 110, 111]
Loop 0, SEED 42
purchase_retrain_set_random_500
Load trained attack model
p_Unleak done
p_LiRA done
p_update_LiRA done
p_EMIA done
p_EMIA_p done
p_random done
p_RMIA done
p_IPapprox_proby_simp done
p_IPapprox_tsm_simp done
p_IPapprox_carlogi_simp done
p_IPapprox_losy_simp done
p_IPapprox_simp_online done
p_IPapprox_simp_offline done
p_IPapprox_simp_online_wo_norm done
Loop 1, SEED 43
purchase_retrain_set_random_500
Load trained attack model
p_Unleak done
p_LiRA done
p_update_LiRA done
p_EMIA done
p_EMIA_p done
p_random done
p_RMIA done
p_IPapprox_proby_simp done
p_IPapprox_tsm_simp done
p_IPapprox_carlogi_simp done
p_IPapprox_losy_simp done
p_IPapprox_simp_online done
p_IPapprox_simp_offline done
p_IPapprox_simp_online_wo_norm done
Loop 2, SEED 44
purchase_retrain_set_random_500
Load trained attack model
p_Unleak done
p_LiRA done
p_update_LiRA done
p_EMIA done
p_EMIA_p done
p_random done
p_RMIA done
p_IPapprox_proby_simp done
p_IPapprox_tsm_simp done
p_IPapprox_carlogi_simp done
p_IPapprox_losy_simp done
p_IPapprox_simp_online done
p_IPapprox_simp_offline done
p_IPapprox_simp_online_wo_norm done
Loop 3, SEED 45
purchase_retrain_set_random_500
Load trained attack model
p_Unleak done
p_LiRA done
p_update_LiRA done
p_EMIA done
p_EMIA_p done
p_random done
p_RMIA done
p_IPapprox_proby_simp done
p_IPapprox_tsm_simp done
p_IPapprox_carlogi_simp done
p_IPapprox_losy_simp done
p_IPapprox_simp_online done
p_IPapprox_simp_offline done
p_IPapprox_simp_online_wo_norm done
Loop 4, SEED 46
purchase_retrain_set_random_500
Load trained attack model
p_Unleak done
p_LiRA done
p_update_LiRA done
p_EMIA done
p_EMIA_p done
p_random done
p_RMIA done
p_IPapprox_proby_simp done
p_IPapprox_tsm_simp done
p_IPapprox_carlogi_simp done
p_IPapprox_losy_simp done
p_IPapprox_simp_online done
p_IPapprox_simp_offline done
p_IPapprox_simp_online_wo_norm done
Loop 5, SEED 47
purchase_retrain_set_random_500
Load trained attack model
p_Unleak done
p_LiRA done
p_update_LiRA done
p_EMIA done
p_EMIA_p done
p_random done
p_RMIA done
p_IPapprox_proby_simp done
p_IPapprox_tsm_simp done
p_IPapprox_carlogi_simp done
p_IPapprox_losy_simp done
p_IPapprox_simp_online done
p_IPapprox_simp_offline done
p_IPapprox_simp_online_wo_norm done
Loop 6, SEED 48
purchase_retrain_set_random_500
Load trained attack model
p_Unleak done
p_LiRA done
p_update_LiRA done
p_EMIA done
p_EMIA_p done
p_random done
p_RMIA done
p_IPapprox_proby_simp done
p_IPapprox_tsm_simp done
p_IPapprox_carlogi_simp done
p_IPapprox_losy_simp done
p_IPapprox_simp_online done
p_IPapprox_simp_offline done
p_IPapprox_simp_online_wo_norm done
Loop 7, SEED 49
purchase_retrain_set_random_500
Load trained attack model
p_Unleak done
p_LiRA done
p_update_LiRA done
p_EMIA done
p_EMIA_p done
p_random done
p_RMIA done
p_IPapprox_proby_simp done
p_IPapprox_tsm_simp done
p_IPapprox_carlogi_simp done
p_IPapprox_losy_simp done
p_IPapprox_simp_online done
p_IPapprox_simp_offline done
p_IPapprox_simp_online_wo_norm done
Loop 8, SEED 50
purchase_retrain_set_random_500
Load trained attack model
p_Unleak done
p_LiRA done
p_update_LiRA done
p_EMIA done
p_EMIA_p done
p_random done
p_RMIA done
p_IPapprox_proby_simp done
p_IPapprox_tsm_simp done
p_IPapprox_carlogi_simp done
p_IPapprox_losy_simp done
p_IPapprox_simp_online done
p_IPapprox_simp_offline done
p_IPapprox_simp_online_wo_norm done
Loop 9, SEED 51
purchase_retrain_set_random_500
Load trained attack model
p_Unleak done
p_LiRA done
p_update_LiRA done
p_EMIA done
p_EMIA_p done
p_random done
p_RMIA done
p_IPapprox_proby_simp done
p_IPapprox_tsm_simp done
p_IPapprox_carlogi_simp done
p_IPapprox_losy_simp done
p_IPapprox_simp_online done
p_IPapprox_simp_offline done
p_IPapprox_simp_online_wo_norm done
7-th shadow_list: [112, 113, 114, 115, 116, 117, 118, 119, 120, 121, 122, 123, 124, 125, 126, 127]
Loop 0, SEED 42
purchase_retrain_set_random_500
Load trained attack model
p_Unleak done
p_LiRA done
p_update_LiRA done
p_EMIA done
p_EMIA_p done
p_random done
p_RMIA done
p_IPapprox_proby_simp done
p_IPapprox_tsm_simp done
p_IPapprox_carlogi_simp done
p_IPapprox_losy_simp done
p_IPapprox_simp_online done
p_IPapprox_simp_offline done
p_IPapprox_simp_online_wo_norm done
Loop 1, SEED 43
purchase_retrain_set_random_500
Load trained attack model
p_Unleak done
p_LiRA done
p_update_LiRA done
p_EMIA done
p_EMIA_p done
p_random done
p_RMIA done
p_IPapprox_proby_simp done
p_IPapprox_tsm_simp done
p_IPapprox_carlogi_simp done
p_IPapprox_losy_simp done
p_IPapprox_simp_online done
p_IPapprox_simp_offline done
p_IPapprox_simp_online_wo_norm done
Loop 2, SEED 44
purchase_retrain_set_random_500
Load trained attack model
p_Unleak done
p_LiRA done
p_update_LiRA done
p_EMIA done
p_EMIA_p done
p_random done
p_RMIA done
p_IPapprox_proby_simp done
p_IPapprox_tsm_simp done
p_IPapprox_carlogi_simp done
p_IPapprox_losy_simp done
p_IPapprox_simp_online done
p_IPapprox_simp_offline done
p_IPapprox_simp_online_wo_norm done
Loop 3, SEED 45
purchase_retrain_set_random_500
Load trained attack model
p_Unleak done
p_LiRA done
p_update_LiRA done
p_EMIA done
p_EMIA_p done
p_random done
p_RMIA done
p_IPapprox_proby_simp done
p_IPapprox_tsm_simp done
p_IPapprox_carlogi_simp done
p_IPapprox_losy_simp done
p_IPapprox_simp_online done
p_IPapprox_simp_offline done
p_IPapprox_simp_online_wo_norm done
Loop 4, SEED 46
purchase_retrain_set_random_500
Load trained attack model
p_Unleak done
p_LiRA done
p_update_LiRA done
p_EMIA done
p_EMIA_p done
p_random done
p_RMIA done
p_IPapprox_proby_simp done
p_IPapprox_tsm_simp done
p_IPapprox_carlogi_simp done
p_IPapprox_losy_simp done
p_IPapprox_simp_online done
p_IPapprox_simp_offline done
p_IPapprox_simp_online_wo_norm done
Loop 5, SEED 47
purchase_retrain_set_random_500
Load trained attack model
p_Unleak done
p_LiRA done
p_update_LiRA done
p_EMIA done
p_EMIA_p done
p_random done
p_RMIA done
p_IPapprox_proby_simp done
p_IPapprox_tsm_simp done
p_IPapprox_carlogi_simp done
p_IPapprox_losy_simp done
p_IPapprox_simp_online done
p_IPapprox_simp_offline done
p_IPapprox_simp_online_wo_norm done
Loop 6, SEED 48
purchase_retrain_set_random_500
Load trained attack model
p_Unleak done
p_LiRA done
p_update_LiRA done
p_EMIA done
p_EMIA_p done
p_random done
p_RMIA done
p_IPapprox_proby_simp done
p_IPapprox_tsm_simp done
p_IPapprox_carlogi_simp done
p_IPapprox_losy_simp done
p_IPapprox_simp_online done
p_IPapprox_simp_offline done
p_IPapprox_simp_online_wo_norm done
Loop 7, SEED 49
purchase_retrain_set_random_500
Load trained attack model
p_Unleak done
p_LiRA done
p_update_LiRA done
p_EMIA done
p_EMIA_p done
p_random done
p_RMIA done
p_IPapprox_proby_simp done
p_IPapprox_tsm_simp done
p_IPapprox_carlogi_simp done
p_IPapprox_losy_simp done
p_IPapprox_simp_online done
p_IPapprox_simp_offline done
p_IPapprox_simp_online_wo_norm done
Loop 8, SEED 50
purchase_retrain_set_random_500
Load trained attack model
p_Unleak done
p_LiRA done
p_update_LiRA done
p_EMIA done
p_EMIA_p done
p_random done
p_RMIA done
p_IPapprox_proby_simp done
p_IPapprox_tsm_simp done
p_IPapprox_carlogi_simp done
p_IPapprox_losy_simp done
p_IPapprox_simp_online done
p_IPapprox_simp_offline done
p_IPapprox_simp_online_wo_norm done
Loop 9, SEED 51
purchase_retrain_set_random_500
Load trained attack model
p_Unleak done
p_LiRA done
p_update_LiRA done
p_EMIA done
p_EMIA_p done
p_random done
p_RMIA done
p_IPapprox_proby_simp done
p_IPapprox_tsm_simp done
p_IPapprox_carlogi_simp done
p_IPapprox_losy_simp done
p_IPapprox_simp_online done
p_IPapprox_simp_offline done
p_IPapprox_simp_online_wo_norm done

start_print
Namespace(dataname='purchase', unlearn_method='retrain', unlearn_type='set_random', forget_class=0, forget_size=500, forget_class_ratio=0.5, model_numbs=16, SHADOW_AVE_FLAG=True, LOOP=10, EXACT_FLAG=False, shadow_folder='LIRA_checkpoints/shadow_models/', records_folder='/ibex/project/c2283/Evaluate-Unlearning/records/', SEED_init=42, CLASS_init=0, INTERAPPROX=100, metrics=['p_Unleak', 'p_LiRA', 'p_update_LiRA', 'p_EMIA', 'p_EMIA_p', 'p_RMIA', 'p_interapprox', 'p_random'], MODEL_CHECK=False, SHADOW_IDXs=[112, 113, 114, 115, 116, 117, 118, 119, 120, 121, 122, 123, 124, 125, 126, 127], SUFFIX='purchase_retrain_set_random_500')
dict_keys(['p_Unleak', 'p_LiRA', 'p_LiRA_Online', 'p_update_LiRA', 'p_EMIA', 'p_EMIA_p', 'p_random', 'p_RMIA', 'p_RMIA_online', 'p_IPapprox_proby_simp', 'p_IPapprox_tsm_simp', 'p_IPapprox_carlogi_simp', 'p_IPapprox_losy_simp', 'p_IPapprox_simp_online', 'p_IPapprox_simp_offline', 'p_IPapprox_simp_online_wo_norm'])
Metric values                  auc    acc    tpr0.0 .-5    .-2    tnr0.0 .-5    .-2    1-mean 1-std  0-mean 0-std  cm-std1 cm-std0
p_Unleak                       0.5603 0.5420 0.0009 0.0009 0.0273 0.0000 0.0001 0.0467 0.5007 0.0427 0.4835 0.0355
p_Unleak_var                   0.0513 0.0284 0.0010 0.0010 0.0131 0.0000 0.0001 0.0310 0.0031 0.0849 0.0331 0.0689
p_LiRA                         0.5183 0.5199 0.0005 0.0005 0.0138 0.0000 2.50e-05 1.04e-02 -2.95e+00 3.53e+00 -3.24e+00 3.99e+00
p_LiRA_var                     0.0017 0.0019 0.0003 0.0003 0.0017 0.0000 6.61e-05 1.19e-03 3.95e-02 1.85e-01 2.07e-02 4.25e-02
p_LiRA_Online                  0.5483 0.5429 0.0005 0.0005 0.0114 0.0000 1.05e-03 4.80e-02 5.11e+59 1.24e+60 2.61e+59 5.03e+59
p_LiRA_Online_var              0.0000 0.0000 0.0000 0.0000 0.0000 0.0000 0.00e+00 0.00e+00 8.92e+43 0.00e+00 4.46e+43 8.92e+43
p_update_LiRA                  0.5784 0.5617 0.0002 0.0002 0.0161 0.0000 0.0003 0.0346 0.0616 0.2519 -0.0040 0.2153
p_update_LiRA_var              0.0010 0.0010 0.0002 0.0002 0.0014 0.0000 0.0001 0.0013 0.0012 0.0015 0.0002 0.0007
p_EMIA                         0.5501 0.5334 0.0005 0.0005 0.0213 0.0003 0.0030 0.0458 0.7180 0.2944 0.6700 0.3196
p_EMIA_var                     0.0012 0.0013 0.0004 0.0004 0.0014 0.0002 0.0005 0.0007 0.0017 0.0017 0.0017 0.0009
p_EMIA_p                       0.5209 0.5290 0.0000 0.0000 0.0104 0.0000 0.0014 0.0364 0.4963 0.2877 0.4752 0.2668
p_EMIA_p_var                   0.0000 0.0000 0.0000 0.0000 0.0000 0.0000 0.0000 0.0000 0.0000 0.0000 0.0000 0.0000
p_random                       0.4998 0.5047 0.0002 0.0002 0.0102 0.0000 0.0000 0.0104 0.4998 0.2894 0.5000 0.2886
p_random_var                   0.0029 0.0018 0.0002 0.0002 0.0016 0.0000 0.0001 0.0010 0.0030 0.0021 0.0002 0.0001
p_RMIA                         0.5297 0.5409 0.0003 0.0003 0.0082 0.0000 0.0005 0.0488 0.9647 0.0315 0.9631 0.0303
p_RMIA_var                     0.0001 0.0001 0.0001 0.0001 0.0003 0.0000 0.0000 0.0004 0.0000 0.0001 0.0000 0.0001
p_RMIA_online                  0.5715 0.5460 0.0013 0.0013 0.0258 0.0000 0.0000 0.0277 0.9994 0.0006 0.9992 0.0012
p_RMIA_online_var              0.0019 0.0013 0.0002 0.0002 0.0010 0.0000 0.0000 0.0023 0.0000 0.0000 0.0000 0.0000
p_IPapprox_proby_simp          0.6116 0.5701 0.0039 0.0039 0.0455 0.0000 0.0040 0.0961 0.5021 0.1861 0.4166 0.1548
p_IPapprox_proby_simp_var      0.0008 0.0010 0.0015 0.0015 0.0015 0.0000 0.0002 0.0007 0.0005 0.0003 0.0002 0.0001
p_IPapprox_tsm_simp            0.5911 0.5648 0.0011 0.0011 0.0206 0.0000 0.0002 0.0519 0.4898 0.1386 0.4433 0.1203
p_IPapprox_tsm_simp_var        0.0006 0.0003 0.0002 0.0002 0.0008 0.0000 0.0001 0.0013 0.0005 0.0002 0.0003 0.0001
p_IPapprox_carlogi_simp        0.6012 0.5670 0.0015 0.0015 0.0292 0.0001 0.0010 0.0638 0.4886 0.1544 0.4295 0.1301
p_IPapprox_carlogi_simp_var    0.0005 0.0008 0.0004 0.0004 0.0007 0.0001 0.0001 0.0008 0.0005 0.0002 0.0003 0.0001
p_IPapprox_losy_simp           0.6001 0.5638 0.0056 0.0056 0.0388 0.0014 0.0105 0.0910 0.4935 0.1663 0.4234 0.1442
p_IPapprox_losy_simp_var       0.0008 0.0008 0.0010 0.0010 0.0005 0.0008 0.0002 0.0010 0.0006 0.0004 0.0002 0.0001
p_IPapprox_simp_online         0.6086 0.5688 0.0011 0.0011 0.0308 0.0000 0.0002 0.0684 0.4476 0.1835 0.3737 0.1373
p_IPapprox_simp_online_var     0.0005 0.0007 0.0004 0.0004 0.0010 0.0001 0.0001 0.0007 0.0004 0.0002 0.0002 0.0001
p_IPapprox_simp_offline        0.5768 0.5493 0.0006 0.0006 0.0216 0.0000 0.0028 0.0590 0.9369 0.0495 0.9232 0.0572
p_IPapprox_simp_offline_var    0.0009 0.0007 0.0003 0.0003 0.0014 0.0000 0.0003 0.0008 0.0003 0.0003 0.0002 0.0001
p_IPapprox_simp_online_wo_norm 0.6135 0.5711 0.0021 0.0021 0.0395 0.0000 0.0020 0.0853 0.4543 0.1987 0.3676 0.1431
p_IPapprox_simp_online_wo_norm_var 0.0006 0.0005 0.0008 0.0008 0.0016 0.0000 0.0004 0.0008 0.0004 0.0002 0.0002 0.0001
end_print


