activation conda
activation env
Running on device: CUDA
Namespace(dataname='purchase', unlearn_method='retrain', unlearn_type='set_random', forget_class=0, forget_size=500, forget_class_ratio=0.5, model_numbs=8, SHADOW_AVE_FLAG=True, LOOP=10, EXACT_FLAG=False, shadow_folder='LIRA_checkpoints/shadow_models/', records_folder='/ibex/project/c2283/Evaluate-Unlearning/records/', SEED_init=42, CLASS_init=0, INTERAPPROX=100, metrics=['p_Unleak', 'p_LiRA', 'p_update_LiRA', 'p_EMIA', 'p_EMIA_p', 'p_RMIA', 'p_interapprox', 'p_random'], MODEL_CHECK=False)
shadow_lists: [[0, 1, 2, 3, 4, 5, 6, 7], [8, 9, 10, 11, 12, 13, 14, 15], [16, 17, 18, 19, 20, 21, 22, 23], [24, 25, 26, 27, 28, 29, 30, 31], [32, 33, 34, 35, 36, 37, 38, 39], [40, 41, 42, 43, 44, 45, 46, 47], [48, 49, 50, 51, 52, 53, 54, 55], [56, 57, 58, 59, 60, 61, 62, 63], [64, 65, 66, 67, 68, 69, 70, 71], [72, 73, 74, 75, 76, 77, 78, 79]]
0-th shadow_list: [0, 1, 2, 3, 4, 5, 6, 7]
Loop 0, SEED 42
purchase_retrain_set_random_500
Load trained attack model
p_Unleak done
p_LiRA done
p_update_LiRA done
p_EMIA done
p_EMIA_p done
p_random done
p_RMIA done
p_IPapprox_proby_simp done
p_IPapprox_tsm_simp done
p_IPapprox_carlogi_simp done
p_IPapprox_losy_simp done
p_IPapprox_simp_online done
p_IPapprox_simp_offline done
p_IPapprox_simp_online_wo_norm done
Loop 1, SEED 43
purchase_retrain_set_random_500
Load trained attack model
p_Unleak done
p_LiRA done
p_update_LiRA done
p_EMIA done
p_EMIA_p done
p_random done
p_RMIA done
p_IPapprox_proby_simp done
p_IPapprox_tsm_simp done
p_IPapprox_carlogi_simp done
p_IPapprox_losy_simp done
p_IPapprox_simp_online done
p_IPapprox_simp_offline done
p_IPapprox_simp_online_wo_norm done
Loop 2, SEED 44
purchase_retrain_set_random_500
Load trained attack model
p_Unleak done
p_LiRA done
p_update_LiRA done
p_EMIA done
p_EMIA_p done
p_random done
p_RMIA done
p_IPapprox_proby_simp done
p_IPapprox_tsm_simp done
p_IPapprox_carlogi_simp done
p_IPapprox_losy_simp done
p_IPapprox_simp_online done
p_IPapprox_simp_offline done
p_IPapprox_simp_online_wo_norm done
Loop 3, SEED 45
purchase_retrain_set_random_500
Load trained attack model
p_Unleak done
p_LiRA done
p_update_LiRA done
p_EMIA done
p_EMIA_p done
p_random done
p_RMIA done
p_IPapprox_proby_simp done
p_IPapprox_tsm_simp done
p_IPapprox_carlogi_simp done
p_IPapprox_losy_simp done
p_IPapprox_simp_online done
p_IPapprox_simp_offline done
p_IPapprox_simp_online_wo_norm done
Loop 4, SEED 46
purchase_retrain_set_random_500
Load trained attack model
p_Unleak done
p_LiRA done
p_update_LiRA done
p_EMIA done
p_EMIA_p done
p_random done
p_RMIA done
p_IPapprox_proby_simp done
p_IPapprox_tsm_simp done
p_IPapprox_carlogi_simp done
p_IPapprox_losy_simp done
p_IPapprox_simp_online done
p_IPapprox_simp_offline done
p_IPapprox_simp_online_wo_norm done
Loop 5, SEED 47
purchase_retrain_set_random_500
Load trained attack model
p_Unleak done
p_LiRA done
p_update_LiRA done
p_EMIA done
p_EMIA_p done
p_random done
p_RMIA done
p_IPapprox_proby_simp done
p_IPapprox_tsm_simp done
p_IPapprox_carlogi_simp done
p_IPapprox_losy_simp done
p_IPapprox_simp_online done
p_IPapprox_simp_offline done
p_IPapprox_simp_online_wo_norm done
Loop 6, SEED 48
purchase_retrain_set_random_500
Load trained attack model
p_Unleak done
p_LiRA done
p_update_LiRA done
p_EMIA done
p_EMIA_p done
p_random done
p_RMIA done
p_IPapprox_proby_simp done
p_IPapprox_tsm_simp done
p_IPapprox_carlogi_simp done
p_IPapprox_losy_simp done
p_IPapprox_simp_online done
p_IPapprox_simp_offline done
p_IPapprox_simp_online_wo_norm done
Loop 7, SEED 49
purchase_retrain_set_random_500
Load trained attack model
p_Unleak done
p_LiRA done
p_update_LiRA done
p_EMIA done
p_EMIA_p done
p_random done
p_RMIA done
p_IPapprox_proby_simp done
p_IPapprox_tsm_simp done
p_IPapprox_carlogi_simp done
p_IPapprox_losy_simp done
p_IPapprox_simp_online done
p_IPapprox_simp_offline done
p_IPapprox_simp_online_wo_norm done
Loop 8, SEED 50
purchase_retrain_set_random_500
Load trained attack model
p_Unleak done
p_LiRA done
p_update_LiRA done
p_EMIA done
p_EMIA_p done
p_random done
p_RMIA done
p_IPapprox_proby_simp done
p_IPapprox_tsm_simp done
p_IPapprox_carlogi_simp done
p_IPapprox_losy_simp done
p_IPapprox_simp_online done
p_IPapprox_simp_offline done
p_IPapprox_simp_online_wo_norm done
Loop 9, SEED 51
purchase_retrain_set_random_500
Load trained attack model
p_Unleak done
p_LiRA done
p_update_LiRA done
p_EMIA done
p_EMIA_p done
p_random done
p_RMIA done
p_IPapprox_proby_simp done
p_IPapprox_tsm_simp done
p_IPapprox_carlogi_simp done
p_IPapprox_losy_simp done
p_IPapprox_simp_online done
p_IPapprox_simp_offline done
p_IPapprox_simp_online_wo_norm done
1-th shadow_list: [8, 9, 10, 11, 12, 13, 14, 15]
Loop 0, SEED 42
purchase_retrain_set_random_500
Load trained attack model
p_Unleak done
p_LiRA done
p_update_LiRA done
p_EMIA done
p_EMIA_p done
p_random done
p_RMIA done
p_IPapprox_proby_simp done
p_IPapprox_tsm_simp done
p_IPapprox_carlogi_simp done
p_IPapprox_losy_simp done
p_IPapprox_simp_online done
p_IPapprox_simp_offline done
p_IPapprox_simp_online_wo_norm done
Loop 1, SEED 43
purchase_retrain_set_random_500
Load trained attack model
p_Unleak done
p_LiRA done
p_update_LiRA done
p_EMIA done
p_EMIA_p done
p_random done
p_RMIA done
p_IPapprox_proby_simp done
p_IPapprox_tsm_simp done
p_IPapprox_carlogi_simp done
p_IPapprox_losy_simp done
p_IPapprox_simp_online done
p_IPapprox_simp_offline done
p_IPapprox_simp_online_wo_norm done
Loop 2, SEED 44
purchase_retrain_set_random_500
Load trained attack model
p_Unleak done
p_LiRA done
p_update_LiRA done
p_EMIA done
p_EMIA_p done
p_random done
p_RMIA done
p_IPapprox_proby_simp done
p_IPapprox_tsm_simp done
p_IPapprox_carlogi_simp done
p_IPapprox_losy_simp done
p_IPapprox_simp_online done
p_IPapprox_simp_offline done
p_IPapprox_simp_online_wo_norm done
Loop 3, SEED 45
purchase_retrain_set_random_500
Load trained attack model
p_Unleak done
p_LiRA done
p_update_LiRA done
p_EMIA done
p_EMIA_p done
p_random done
p_RMIA done
p_IPapprox_proby_simp done
p_IPapprox_tsm_simp done
p_IPapprox_carlogi_simp done
p_IPapprox_losy_simp done
p_IPapprox_simp_online done
p_IPapprox_simp_offline done
p_IPapprox_simp_online_wo_norm done
Loop 4, SEED 46
purchase_retrain_set_random_500
Load trained attack model
p_Unleak done
p_LiRA done
p_update_LiRA done
p_EMIA done
p_EMIA_p done
p_random done
p_RMIA done
p_IPapprox_proby_simp done
p_IPapprox_tsm_simp done
p_IPapprox_carlogi_simp done
p_IPapprox_losy_simp done
p_IPapprox_simp_online done
p_IPapprox_simp_offline done
p_IPapprox_simp_online_wo_norm done
Loop 5, SEED 47
purchase_retrain_set_random_500
Load trained attack model
p_Unleak done
p_LiRA done
p_update_LiRA done
p_EMIA done
p_EMIA_p done
p_random done
p_RMIA done
p_IPapprox_proby_simp done
p_IPapprox_tsm_simp done
p_IPapprox_carlogi_simp done
p_IPapprox_losy_simp done
p_IPapprox_simp_online done
p_IPapprox_simp_offline done
p_IPapprox_simp_online_wo_norm done
Loop 6, SEED 48
purchase_retrain_set_random_500
Load trained attack model
p_Unleak done
p_LiRA done
p_update_LiRA done
p_EMIA done
p_EMIA_p done
p_random done
p_RMIA done
p_IPapprox_proby_simp done
p_IPapprox_tsm_simp done
p_IPapprox_carlogi_simp done
p_IPapprox_losy_simp done
p_IPapprox_simp_online done
p_IPapprox_simp_offline done
p_IPapprox_simp_online_wo_norm done
Loop 7, SEED 49
purchase_retrain_set_random_500
Load trained attack model
p_Unleak done
p_LiRA done
p_update_LiRA done
p_EMIA done
p_EMIA_p done
p_random done
p_RMIA done
p_IPapprox_proby_simp done
p_IPapprox_tsm_simp done
p_IPapprox_carlogi_simp done
p_IPapprox_losy_simp done
p_IPapprox_simp_online done
p_IPapprox_simp_offline done
p_IPapprox_simp_online_wo_norm done
Loop 8, SEED 50
purchase_retrain_set_random_500
Load trained attack model
p_Unleak done
p_LiRA done
p_update_LiRA done
p_EMIA done
p_EMIA_p done
p_random done
p_RMIA done
p_IPapprox_proby_simp done
p_IPapprox_tsm_simp done
p_IPapprox_carlogi_simp done
p_IPapprox_losy_simp done
p_IPapprox_simp_online done
p_IPapprox_simp_offline done
p_IPapprox_simp_online_wo_norm done
Loop 9, SEED 51
purchase_retrain_set_random_500
Load trained attack model
p_Unleak done
p_LiRA done
p_update_LiRA done
p_EMIA done
p_EMIA_p done
p_random done
p_RMIA done
p_IPapprox_proby_simp done
p_IPapprox_tsm_simp done
p_IPapprox_carlogi_simp done
p_IPapprox_losy_simp done
p_IPapprox_simp_online done
p_IPapprox_simp_offline done
p_IPapprox_simp_online_wo_norm done
2-th shadow_list: [16, 17, 18, 19, 20, 21, 22, 23]
Loop 0, SEED 42
purchase_retrain_set_random_500
Load trained attack model
p_Unleak done
p_LiRA done
p_update_LiRA done
p_EMIA done
p_EMIA_p done
p_random done
p_RMIA done
p_IPapprox_proby_simp done
p_IPapprox_tsm_simp done
p_IPapprox_carlogi_simp done
p_IPapprox_losy_simp done
p_IPapprox_simp_online done
p_IPapprox_simp_offline done
p_IPapprox_simp_online_wo_norm done
Loop 1, SEED 43
purchase_retrain_set_random_500
Load trained attack model
p_Unleak done
p_LiRA done
p_update_LiRA done
p_EMIA done
p_EMIA_p done
p_random done
p_RMIA done
p_IPapprox_proby_simp done
p_IPapprox_tsm_simp done
p_IPapprox_carlogi_simp done
p_IPapprox_losy_simp done
p_IPapprox_simp_online done
p_IPapprox_simp_offline done
p_IPapprox_simp_online_wo_norm done
Loop 2, SEED 44
purchase_retrain_set_random_500
Load trained attack model
p_Unleak done
p_LiRA done
p_update_LiRA done
p_EMIA done
p_EMIA_p done
p_random done
p_RMIA done
p_IPapprox_proby_simp done
p_IPapprox_tsm_simp done
p_IPapprox_carlogi_simp done
p_IPapprox_losy_simp done
p_IPapprox_simp_online done
p_IPapprox_simp_offline done
p_IPapprox_simp_online_wo_norm done
Loop 3, SEED 45
purchase_retrain_set_random_500
Load trained attack model
p_Unleak done
p_LiRA done
p_update_LiRA done
p_EMIA done
p_EMIA_p done
p_random done
p_RMIA done
p_IPapprox_proby_simp done
p_IPapprox_tsm_simp done
p_IPapprox_carlogi_simp done
p_IPapprox_losy_simp done
p_IPapprox_simp_online done
p_IPapprox_simp_offline done
p_IPapprox_simp_online_wo_norm done
Loop 4, SEED 46
purchase_retrain_set_random_500
Load trained attack model
p_Unleak done
p_LiRA done
p_update_LiRA done
p_EMIA done
p_EMIA_p done
p_random done
p_RMIA done
p_IPapprox_proby_simp done
p_IPapprox_tsm_simp done
p_IPapprox_carlogi_simp done
p_IPapprox_losy_simp done
p_IPapprox_simp_online done
p_IPapprox_simp_offline done
p_IPapprox_simp_online_wo_norm done
Loop 5, SEED 47
purchase_retrain_set_random_500
Load trained attack model
p_Unleak done
p_LiRA done
p_update_LiRA done
p_EMIA done
p_EMIA_p done
p_random done
p_RMIA done
p_IPapprox_proby_simp done
p_IPapprox_tsm_simp done
p_IPapprox_carlogi_simp done
p_IPapprox_losy_simp done
p_IPapprox_simp_online done
p_IPapprox_simp_offline done
p_IPapprox_simp_online_wo_norm done
Loop 6, SEED 48
purchase_retrain_set_random_500
Load trained attack model
p_Unleak done
p_LiRA done
p_update_LiRA done
p_EMIA done
p_EMIA_p done
p_random done
p_RMIA done
p_IPapprox_proby_simp done
p_IPapprox_tsm_simp done
p_IPapprox_carlogi_simp done
p_IPapprox_losy_simp done
p_IPapprox_simp_online done
p_IPapprox_simp_offline done
p_IPapprox_simp_online_wo_norm done
Loop 7, SEED 49
purchase_retrain_set_random_500
Load trained attack model
p_Unleak done
p_LiRA done
p_update_LiRA done
p_EMIA done
p_EMIA_p done
p_random done
p_RMIA done
p_IPapprox_proby_simp done
p_IPapprox_tsm_simp done
p_IPapprox_carlogi_simp done
p_IPapprox_losy_simp done
p_IPapprox_simp_online done
p_IPapprox_simp_offline done
p_IPapprox_simp_online_wo_norm done
Loop 8, SEED 50
purchase_retrain_set_random_500
Load trained attack model
p_Unleak done
p_LiRA done
p_update_LiRA done
p_EMIA done
p_EMIA_p done
p_random done
p_RMIA done
p_IPapprox_proby_simp done
p_IPapprox_tsm_simp done
p_IPapprox_carlogi_simp done
p_IPapprox_losy_simp done
p_IPapprox_simp_online done
p_IPapprox_simp_offline done
p_IPapprox_simp_online_wo_norm done
Loop 9, SEED 51
purchase_retrain_set_random_500
Load trained attack model
p_Unleak done
p_LiRA done
p_update_LiRA done
p_EMIA done
p_EMIA_p done
p_random done
p_RMIA done
p_IPapprox_proby_simp done
p_IPapprox_tsm_simp done
p_IPapprox_carlogi_simp done
p_IPapprox_losy_simp done
p_IPapprox_simp_online done
p_IPapprox_simp_offline done
p_IPapprox_simp_online_wo_norm done
3-th shadow_list: [24, 25, 26, 27, 28, 29, 30, 31]
Loop 0, SEED 42
purchase_retrain_set_random_500
Load trained attack model
p_Unleak done
p_LiRA done
p_update_LiRA done
p_EMIA done
p_EMIA_p done
p_random done
p_RMIA done
p_IPapprox_proby_simp done
p_IPapprox_tsm_simp done
p_IPapprox_carlogi_simp done
p_IPapprox_losy_simp done
p_IPapprox_simp_online done
p_IPapprox_simp_offline done
p_IPapprox_simp_online_wo_norm done
Loop 1, SEED 43
purchase_retrain_set_random_500
Load trained attack model
p_Unleak done
p_LiRA done
p_update_LiRA done
p_EMIA done
p_EMIA_p done
p_random done
p_RMIA done
p_IPapprox_proby_simp done
p_IPapprox_tsm_simp done
p_IPapprox_carlogi_simp done
p_IPapprox_losy_simp done
p_IPapprox_simp_online done
p_IPapprox_simp_offline done
p_IPapprox_simp_online_wo_norm done
Loop 2, SEED 44
purchase_retrain_set_random_500
Load trained attack model
p_Unleak done
p_LiRA done
p_update_LiRA done
p_EMIA done
p_EMIA_p done
p_random done
p_RMIA done
p_IPapprox_proby_simp done
p_IPapprox_tsm_simp done
p_IPapprox_carlogi_simp done
p_IPapprox_losy_simp done
p_IPapprox_simp_online done
p_IPapprox_simp_offline done
p_IPapprox_simp_online_wo_norm done
Loop 3, SEED 45
purchase_retrain_set_random_500
Load trained attack model
p_Unleak done
p_LiRA done
p_update_LiRA done
p_EMIA done
p_EMIA_p done
p_random done
p_RMIA done
p_IPapprox_proby_simp done
p_IPapprox_tsm_simp done
p_IPapprox_carlogi_simp done
p_IPapprox_losy_simp done
p_IPapprox_simp_online done
p_IPapprox_simp_offline done
p_IPapprox_simp_online_wo_norm done
Loop 4, SEED 46
purchase_retrain_set_random_500
Load trained attack model
p_Unleak done
p_LiRA done
p_update_LiRA done
p_EMIA done
p_EMIA_p done
p_random done
p_RMIA done
p_IPapprox_proby_simp done
p_IPapprox_tsm_simp done
p_IPapprox_carlogi_simp done
p_IPapprox_losy_simp done
p_IPapprox_simp_online done
p_IPapprox_simp_offline done
p_IPapprox_simp_online_wo_norm done
Loop 5, SEED 47
purchase_retrain_set_random_500
Load trained attack model
p_Unleak done
p_LiRA done
p_update_LiRA done
p_EMIA done
p_EMIA_p done
p_random done
p_RMIA done
p_IPapprox_proby_simp done
p_IPapprox_tsm_simp done
p_IPapprox_carlogi_simp done
p_IPapprox_losy_simp done
p_IPapprox_simp_online done
p_IPapprox_simp_offline done
p_IPapprox_simp_online_wo_norm done
Loop 6, SEED 48
purchase_retrain_set_random_500
Load trained attack model
p_Unleak done
p_LiRA done
p_update_LiRA done
p_EMIA done
p_EMIA_p done
p_random done
p_RMIA done
p_IPapprox_proby_simp done
p_IPapprox_tsm_simp done
p_IPapprox_carlogi_simp done
p_IPapprox_losy_simp done
p_IPapprox_simp_online done
p_IPapprox_simp_offline done
p_IPapprox_simp_online_wo_norm done
Loop 7, SEED 49
purchase_retrain_set_random_500
Load trained attack model
p_Unleak done
p_LiRA done
p_update_LiRA done
p_EMIA done
p_EMIA_p done
p_random done
p_RMIA done
p_IPapprox_proby_simp done
p_IPapprox_tsm_simp done
p_IPapprox_carlogi_simp done
p_IPapprox_losy_simp done
p_IPapprox_simp_online done
p_IPapprox_simp_offline done
p_IPapprox_simp_online_wo_norm done
Loop 8, SEED 50
purchase_retrain_set_random_500
Load trained attack model
p_Unleak done
p_LiRA done
p_update_LiRA done
p_EMIA done
p_EMIA_p done
p_random done
p_RMIA done
p_IPapprox_proby_simp done
p_IPapprox_tsm_simp done
p_IPapprox_carlogi_simp done
p_IPapprox_losy_simp done
p_IPapprox_simp_online done
p_IPapprox_simp_offline done
p_IPapprox_simp_online_wo_norm done
Loop 9, SEED 51
purchase_retrain_set_random_500
Load trained attack model
p_Unleak done
p_LiRA done
p_update_LiRA done
p_EMIA done
p_EMIA_p done
p_random done
p_RMIA done
p_IPapprox_proby_simp done
p_IPapprox_tsm_simp done
p_IPapprox_carlogi_simp done
p_IPapprox_losy_simp done
p_IPapprox_simp_online done
p_IPapprox_simp_offline done
p_IPapprox_simp_online_wo_norm done
4-th shadow_list: [32, 33, 34, 35, 36, 37, 38, 39]
Loop 0, SEED 42
purchase_retrain_set_random_500
Load trained attack model
p_Unleak done
p_LiRA done
p_update_LiRA done
p_EMIA done
p_EMIA_p done
p_random done
p_RMIA done
p_IPapprox_proby_simp done
p_IPapprox_tsm_simp done
p_IPapprox_carlogi_simp done
p_IPapprox_losy_simp done
p_IPapprox_simp_online done
p_IPapprox_simp_offline done
p_IPapprox_simp_online_wo_norm done
Loop 1, SEED 43
purchase_retrain_set_random_500
Load trained attack model
p_Unleak done
p_LiRA done
p_update_LiRA done
p_EMIA done
p_EMIA_p done
p_random done
p_RMIA done
p_IPapprox_proby_simp done
p_IPapprox_tsm_simp done
p_IPapprox_carlogi_simp done
p_IPapprox_losy_simp done
p_IPapprox_simp_online done
p_IPapprox_simp_offline done
p_IPapprox_simp_online_wo_norm done
Loop 2, SEED 44
purchase_retrain_set_random_500
Load trained attack model
p_Unleak done
p_LiRA done
p_update_LiRA done
p_EMIA done
p_EMIA_p done
p_random done
p_RMIA done
p_IPapprox_proby_simp done
p_IPapprox_tsm_simp done
p_IPapprox_carlogi_simp done
p_IPapprox_losy_simp done
p_IPapprox_simp_online done
p_IPapprox_simp_offline done
p_IPapprox_simp_online_wo_norm done
Loop 3, SEED 45
purchase_retrain_set_random_500
Load trained attack model
p_Unleak done
p_LiRA done
p_update_LiRA done
p_EMIA done
p_EMIA_p done
p_random done
p_RMIA done
p_IPapprox_proby_simp done
p_IPapprox_tsm_simp done
p_IPapprox_carlogi_simp done
p_IPapprox_losy_simp done
p_IPapprox_simp_online done
p_IPapprox_simp_offline done
p_IPapprox_simp_online_wo_norm done
Loop 4, SEED 46
purchase_retrain_set_random_500
Load trained attack model
p_Unleak done
p_LiRA done
p_update_LiRA done
p_EMIA done
p_EMIA_p done
p_random done
p_RMIA done
p_IPapprox_proby_simp done
p_IPapprox_tsm_simp done
p_IPapprox_carlogi_simp done
p_IPapprox_losy_simp done
p_IPapprox_simp_online done
p_IPapprox_simp_offline done
p_IPapprox_simp_online_wo_norm done
Loop 5, SEED 47
purchase_retrain_set_random_500
Load trained attack model
p_Unleak done
p_LiRA done
p_update_LiRA done
p_EMIA done
p_EMIA_p done
p_random done
p_RMIA done
p_IPapprox_proby_simp done
p_IPapprox_tsm_simp done
p_IPapprox_carlogi_simp done
p_IPapprox_losy_simp done
p_IPapprox_simp_online done
p_IPapprox_simp_offline done
p_IPapprox_simp_online_wo_norm done
Loop 6, SEED 48
purchase_retrain_set_random_500
Load trained attack model
p_Unleak done
p_LiRA done
p_update_LiRA done
p_EMIA done
p_EMIA_p done
p_random done
p_RMIA done
p_IPapprox_proby_simp done
p_IPapprox_tsm_simp done
p_IPapprox_carlogi_simp done
p_IPapprox_losy_simp done
p_IPapprox_simp_online done
p_IPapprox_simp_offline done
p_IPapprox_simp_online_wo_norm done
Loop 7, SEED 49
purchase_retrain_set_random_500
Load trained attack model
p_Unleak done
p_LiRA done
p_update_LiRA done
p_EMIA done
p_EMIA_p done
p_random done
p_RMIA done
p_IPapprox_proby_simp done
p_IPapprox_tsm_simp done
p_IPapprox_carlogi_simp done
p_IPapprox_losy_simp done
p_IPapprox_simp_online done
p_IPapprox_simp_offline done
p_IPapprox_simp_online_wo_norm done
Loop 8, SEED 50
purchase_retrain_set_random_500
Load trained attack model
p_Unleak done
p_LiRA done
p_update_LiRA done
p_EMIA done
p_EMIA_p done
p_random done
p_RMIA done
p_IPapprox_proby_simp done
p_IPapprox_tsm_simp done
p_IPapprox_carlogi_simp done
p_IPapprox_losy_simp done
p_IPapprox_simp_online done
p_IPapprox_simp_offline done
p_IPapprox_simp_online_wo_norm done
Loop 9, SEED 51
purchase_retrain_set_random_500
Load trained attack model
p_Unleak done
p_LiRA done
p_update_LiRA done
p_EMIA done
p_EMIA_p done
p_random done
p_RMIA done
p_IPapprox_proby_simp done
p_IPapprox_tsm_simp done
p_IPapprox_carlogi_simp done
p_IPapprox_losy_simp done
p_IPapprox_simp_online done
p_IPapprox_simp_offline done
p_IPapprox_simp_online_wo_norm done
5-th shadow_list: [40, 41, 42, 43, 44, 45, 46, 47]
Loop 0, SEED 42
purchase_retrain_set_random_500
Load trained attack model
p_Unleak done
p_LiRA done
p_update_LiRA done
p_EMIA done
p_EMIA_p done
p_random done
p_RMIA done
p_IPapprox_proby_simp done
p_IPapprox_tsm_simp done
p_IPapprox_carlogi_simp done
p_IPapprox_losy_simp done
p_IPapprox_simp_online done
p_IPapprox_simp_offline done
p_IPapprox_simp_online_wo_norm done
Loop 1, SEED 43
purchase_retrain_set_random_500
Load trained attack model
p_Unleak done
p_LiRA done
p_update_LiRA done
p_EMIA done
p_EMIA_p done
p_random done
p_RMIA done
p_IPapprox_proby_simp done
p_IPapprox_tsm_simp done
p_IPapprox_carlogi_simp done
p_IPapprox_losy_simp done
p_IPapprox_simp_online done
p_IPapprox_simp_offline done
p_IPapprox_simp_online_wo_norm done
Loop 2, SEED 44
purchase_retrain_set_random_500
Load trained attack model
p_Unleak done
p_LiRA done
p_update_LiRA done
p_EMIA done
p_EMIA_p done
p_random done
p_RMIA done
p_IPapprox_proby_simp done
p_IPapprox_tsm_simp done
p_IPapprox_carlogi_simp done
p_IPapprox_losy_simp done
p_IPapprox_simp_online done
p_IPapprox_simp_offline done
p_IPapprox_simp_online_wo_norm done
Loop 3, SEED 45
purchase_retrain_set_random_500
Load trained attack model
p_Unleak done
p_LiRA done
p_update_LiRA done
p_EMIA done
p_EMIA_p done
p_random done
p_RMIA done
p_IPapprox_proby_simp done
p_IPapprox_tsm_simp done
p_IPapprox_carlogi_simp done
p_IPapprox_losy_simp done
p_IPapprox_simp_online done
p_IPapprox_simp_offline done
p_IPapprox_simp_online_wo_norm done
Loop 4, SEED 46
purchase_retrain_set_random_500
Load trained attack model
p_Unleak done
p_LiRA done
p_update_LiRA done
p_EMIA done
p_EMIA_p done
p_random done
p_RMIA done
p_IPapprox_proby_simp done
p_IPapprox_tsm_simp done
p_IPapprox_carlogi_simp done
p_IPapprox_losy_simp done
p_IPapprox_simp_online done
p_IPapprox_simp_offline done
p_IPapprox_simp_online_wo_norm done
Loop 5, SEED 47
purchase_retrain_set_random_500
Load trained attack model
p_Unleak done
p_LiRA done
p_update_LiRA done
p_EMIA done
p_EMIA_p done
p_random done
p_RMIA done
p_IPapprox_proby_simp done
p_IPapprox_tsm_simp done
p_IPapprox_carlogi_simp done
p_IPapprox_losy_simp done
p_IPapprox_simp_online done
p_IPapprox_simp_offline done
p_IPapprox_simp_online_wo_norm done
Loop 6, SEED 48
purchase_retrain_set_random_500
Load trained attack model
p_Unleak done
p_LiRA done
p_update_LiRA done
p_EMIA done
p_EMIA_p done
p_random done
p_RMIA done
p_IPapprox_proby_simp done
p_IPapprox_tsm_simp done
p_IPapprox_carlogi_simp done
p_IPapprox_losy_simp done
p_IPapprox_simp_online done
p_IPapprox_simp_offline done
p_IPapprox_simp_online_wo_norm done
Loop 7, SEED 49
purchase_retrain_set_random_500
Load trained attack model
p_Unleak done
p_LiRA done
p_update_LiRA done
p_EMIA done
p_EMIA_p done
p_random done
p_RMIA done
p_IPapprox_proby_simp done
p_IPapprox_tsm_simp done
p_IPapprox_carlogi_simp done
p_IPapprox_losy_simp done
p_IPapprox_simp_online done
p_IPapprox_simp_offline done
p_IPapprox_simp_online_wo_norm done
Loop 8, SEED 50
purchase_retrain_set_random_500
Load trained attack model
p_Unleak done
p_LiRA done
p_update_LiRA done
p_EMIA done
p_EMIA_p done
p_random done
p_RMIA done
p_IPapprox_proby_simp done
p_IPapprox_tsm_simp done
p_IPapprox_carlogi_simp done
p_IPapprox_losy_simp done
p_IPapprox_simp_online done
p_IPapprox_simp_offline done
p_IPapprox_simp_online_wo_norm done
Loop 9, SEED 51
purchase_retrain_set_random_500
Load trained attack model
p_Unleak done
p_LiRA done
p_update_LiRA done
p_EMIA done
p_EMIA_p done
p_random done
p_RMIA done
p_IPapprox_proby_simp done
p_IPapprox_tsm_simp done
p_IPapprox_carlogi_simp done
p_IPapprox_losy_simp done
p_IPapprox_simp_online done
p_IPapprox_simp_offline done
p_IPapprox_simp_online_wo_norm done
6-th shadow_list: [48, 49, 50, 51, 52, 53, 54, 55]
Loop 0, SEED 42
purchase_retrain_set_random_500
Load trained attack model
p_Unleak done
p_LiRA done
p_update_LiRA done
p_EMIA done
p_EMIA_p done
p_random done
p_RMIA done
p_IPapprox_proby_simp done
p_IPapprox_tsm_simp done
p_IPapprox_carlogi_simp done
p_IPapprox_losy_simp done
p_IPapprox_simp_online done
p_IPapprox_simp_offline done
p_IPapprox_simp_online_wo_norm done
Loop 1, SEED 43
purchase_retrain_set_random_500
Load trained attack model
p_Unleak done
p_LiRA done
p_update_LiRA done
p_EMIA done
p_EMIA_p done
p_random done
p_RMIA done
p_IPapprox_proby_simp done
p_IPapprox_tsm_simp done
p_IPapprox_carlogi_simp done
p_IPapprox_losy_simp done
p_IPapprox_simp_online done
p_IPapprox_simp_offline done
p_IPapprox_simp_online_wo_norm done
Loop 2, SEED 44
purchase_retrain_set_random_500
Load trained attack model
p_Unleak done
p_LiRA done
p_update_LiRA done
p_EMIA done
p_EMIA_p done
p_random done
p_RMIA done
p_IPapprox_proby_simp done
p_IPapprox_tsm_simp done
p_IPapprox_carlogi_simp done
p_IPapprox_losy_simp done
p_IPapprox_simp_online done
p_IPapprox_simp_offline done
p_IPapprox_simp_online_wo_norm done
Loop 3, SEED 45
purchase_retrain_set_random_500
Load trained attack model
p_Unleak done
p_LiRA done
p_update_LiRA done
p_EMIA done
p_EMIA_p done
p_random done
p_RMIA done
p_IPapprox_proby_simp done
p_IPapprox_tsm_simp done
p_IPapprox_carlogi_simp done
p_IPapprox_losy_simp done
p_IPapprox_simp_online done
p_IPapprox_simp_offline done
p_IPapprox_simp_online_wo_norm done
Loop 4, SEED 46
purchase_retrain_set_random_500
Load trained attack model
p_Unleak done
p_LiRA done
p_update_LiRA done
p_EMIA done
p_EMIA_p done
p_random done
p_RMIA done
p_IPapprox_proby_simp done
p_IPapprox_tsm_simp done
p_IPapprox_carlogi_simp done
p_IPapprox_losy_simp done
p_IPapprox_simp_online done
p_IPapprox_simp_offline done
p_IPapprox_simp_online_wo_norm done
Loop 5, SEED 47
purchase_retrain_set_random_500
Load trained attack model
p_Unleak done
p_LiRA done
p_update_LiRA done
p_EMIA done
p_EMIA_p done
p_random done
p_RMIA done
p_IPapprox_proby_simp done
p_IPapprox_tsm_simp done
p_IPapprox_carlogi_simp done
p_IPapprox_losy_simp done
p_IPapprox_simp_online done
p_IPapprox_simp_offline done
p_IPapprox_simp_online_wo_norm done
Loop 6, SEED 48
purchase_retrain_set_random_500
Load trained attack model
p_Unleak done
p_LiRA done
p_update_LiRA done
p_EMIA done
p_EMIA_p done
p_random done
p_RMIA done
p_IPapprox_proby_simp done
p_IPapprox_tsm_simp done
p_IPapprox_carlogi_simp done
p_IPapprox_losy_simp done
p_IPapprox_simp_online done
p_IPapprox_simp_offline done
p_IPapprox_simp_online_wo_norm done
Loop 7, SEED 49
purchase_retrain_set_random_500
Load trained attack model
p_Unleak done
p_LiRA done
p_update_LiRA done
p_EMIA done
p_EMIA_p done
p_random done
p_RMIA done
p_IPapprox_proby_simp done
p_IPapprox_tsm_simp done
p_IPapprox_carlogi_simp done
p_IPapprox_losy_simp done
p_IPapprox_simp_online done
p_IPapprox_simp_offline done
p_IPapprox_simp_online_wo_norm done
Loop 8, SEED 50
purchase_retrain_set_random_500
Load trained attack model
p_Unleak done
p_LiRA done
p_update_LiRA done
p_EMIA done
p_EMIA_p done
p_random done
p_RMIA done
p_IPapprox_proby_simp done
p_IPapprox_tsm_simp done
p_IPapprox_carlogi_simp done
p_IPapprox_losy_simp done
p_IPapprox_simp_online done
p_IPapprox_simp_offline done
p_IPapprox_simp_online_wo_norm done
Loop 9, SEED 51
purchase_retrain_set_random_500
Load trained attack model
p_Unleak done
p_LiRA done
p_update_LiRA done
p_EMIA done
p_EMIA_p done
p_random done
p_RMIA done
p_IPapprox_proby_simp done
p_IPapprox_tsm_simp done
p_IPapprox_carlogi_simp done
p_IPapprox_losy_simp done
p_IPapprox_simp_online done
p_IPapprox_simp_offline done
p_IPapprox_simp_online_wo_norm done
7-th shadow_list: [56, 57, 58, 59, 60, 61, 62, 63]
Loop 0, SEED 42
purchase_retrain_set_random_500
Load trained attack model
p_Unleak done
p_LiRA done
p_update_LiRA done
p_EMIA done
p_EMIA_p done
p_random done
p_RMIA done
p_IPapprox_proby_simp done
p_IPapprox_tsm_simp done
p_IPapprox_carlogi_simp done
p_IPapprox_losy_simp done
p_IPapprox_simp_online done
p_IPapprox_simp_offline done
p_IPapprox_simp_online_wo_norm done
Loop 1, SEED 43
purchase_retrain_set_random_500
Load trained attack model
p_Unleak done
p_LiRA done
p_update_LiRA done
p_EMIA done
p_EMIA_p done
p_random done
p_RMIA done
p_IPapprox_proby_simp done
p_IPapprox_tsm_simp done
p_IPapprox_carlogi_simp done
p_IPapprox_losy_simp done
p_IPapprox_simp_online done
p_IPapprox_simp_offline done
p_IPapprox_simp_online_wo_norm done
Loop 2, SEED 44
purchase_retrain_set_random_500
Load trained attack model
p_Unleak done
p_LiRA done
p_update_LiRA done
p_EMIA done
p_EMIA_p done
p_random done
p_RMIA done
p_IPapprox_proby_simp done
p_IPapprox_tsm_simp done
p_IPapprox_carlogi_simp done
p_IPapprox_losy_simp done
p_IPapprox_simp_online done
p_IPapprox_simp_offline done
p_IPapprox_simp_online_wo_norm done
Loop 3, SEED 45
purchase_retrain_set_random_500
Load trained attack model
p_Unleak done
p_LiRA done
p_update_LiRA done
p_EMIA done
p_EMIA_p done
p_random done
p_RMIA done
p_IPapprox_proby_simp done
p_IPapprox_tsm_simp done
p_IPapprox_carlogi_simp done
p_IPapprox_losy_simp done
p_IPapprox_simp_online done
p_IPapprox_simp_offline done
p_IPapprox_simp_online_wo_norm done
Loop 4, SEED 46
purchase_retrain_set_random_500
Load trained attack model
p_Unleak done
p_LiRA done
p_update_LiRA done
p_EMIA done
p_EMIA_p done
p_random done
p_RMIA done
p_IPapprox_proby_simp done
p_IPapprox_tsm_simp done
p_IPapprox_carlogi_simp done
p_IPapprox_losy_simp done
p_IPapprox_simp_online done
p_IPapprox_simp_offline done
p_IPapprox_simp_online_wo_norm done
Loop 5, SEED 47
purchase_retrain_set_random_500
Load trained attack model
p_Unleak done
p_LiRA done
p_update_LiRA done
p_EMIA done
p_EMIA_p done
p_random done
p_RMIA done
p_IPapprox_proby_simp done
p_IPapprox_tsm_simp done
p_IPapprox_carlogi_simp done
p_IPapprox_losy_simp done
p_IPapprox_simp_online done
p_IPapprox_simp_offline done
p_IPapprox_simp_online_wo_norm done
Loop 6, SEED 48
purchase_retrain_set_random_500
Load trained attack model
p_Unleak done
p_LiRA done
p_update_LiRA done
p_EMIA done
p_EMIA_p done
p_random done
p_RMIA done
p_IPapprox_proby_simp done
p_IPapprox_tsm_simp done
p_IPapprox_carlogi_simp done
p_IPapprox_losy_simp done
p_IPapprox_simp_online done
p_IPapprox_simp_offline done
p_IPapprox_simp_online_wo_norm done
Loop 7, SEED 49
purchase_retrain_set_random_500
Load trained attack model
p_Unleak done
p_LiRA done
p_update_LiRA done
p_EMIA done
p_EMIA_p done
p_random done
p_RMIA done
p_IPapprox_proby_simp done
p_IPapprox_tsm_simp done
p_IPapprox_carlogi_simp done
p_IPapprox_losy_simp done
p_IPapprox_simp_online done
p_IPapprox_simp_offline done
p_IPapprox_simp_online_wo_norm done
Loop 8, SEED 50
purchase_retrain_set_random_500
Load trained attack model
p_Unleak done
p_LiRA done
p_update_LiRA done
p_EMIA done
p_EMIA_p done
p_random done
p_RMIA done
p_IPapprox_proby_simp done
p_IPapprox_tsm_simp done
p_IPapprox_carlogi_simp done
p_IPapprox_losy_simp done
p_IPapprox_simp_online done
p_IPapprox_simp_offline done
p_IPapprox_simp_online_wo_norm done
Loop 9, SEED 51
purchase_retrain_set_random_500
Load trained attack model
p_Unleak done
p_LiRA done
p_update_LiRA done
p_EMIA done
p_EMIA_p done
p_random done
p_RMIA done
p_IPapprox_proby_simp done
p_IPapprox_tsm_simp done
p_IPapprox_carlogi_simp done
p_IPapprox_losy_simp done
p_IPapprox_simp_online done
p_IPapprox_simp_offline done
p_IPapprox_simp_online_wo_norm done
8-th shadow_list: [64, 65, 66, 67, 68, 69, 70, 71]
Loop 0, SEED 42
purchase_retrain_set_random_500
Load trained attack model
p_Unleak done
p_LiRA done
p_update_LiRA done
p_EMIA done
p_EMIA_p done
p_random done
p_RMIA done
p_IPapprox_proby_simp done
p_IPapprox_tsm_simp done
p_IPapprox_carlogi_simp done
p_IPapprox_losy_simp done
p_IPapprox_simp_online done
p_IPapprox_simp_offline done
p_IPapprox_simp_online_wo_norm done
Loop 1, SEED 43
purchase_retrain_set_random_500
Load trained attack model
p_Unleak done
p_LiRA done
p_update_LiRA done
p_EMIA done
p_EMIA_p done
p_random done
p_RMIA done
p_IPapprox_proby_simp done
p_IPapprox_tsm_simp done
p_IPapprox_carlogi_simp done
p_IPapprox_losy_simp done
p_IPapprox_simp_online done
p_IPapprox_simp_offline done
p_IPapprox_simp_online_wo_norm done
Loop 2, SEED 44
purchase_retrain_set_random_500
Load trained attack model
p_Unleak done
p_LiRA done
p_update_LiRA done
p_EMIA done
p_EMIA_p done
p_random done
p_RMIA done
p_IPapprox_proby_simp done
p_IPapprox_tsm_simp done
p_IPapprox_carlogi_simp done
p_IPapprox_losy_simp done
p_IPapprox_simp_online done
p_IPapprox_simp_offline done
p_IPapprox_simp_online_wo_norm done
Loop 3, SEED 45
purchase_retrain_set_random_500
Load trained attack model
p_Unleak done
p_LiRA done
p_update_LiRA done
p_EMIA done
p_EMIA_p done
p_random done
p_RMIA done
p_IPapprox_proby_simp done
p_IPapprox_tsm_simp done
p_IPapprox_carlogi_simp done
p_IPapprox_losy_simp done
p_IPapprox_simp_online done
p_IPapprox_simp_offline done
p_IPapprox_simp_online_wo_norm done
Loop 4, SEED 46
purchase_retrain_set_random_500
Load trained attack model
p_Unleak done
p_LiRA done
p_update_LiRA done
p_EMIA done
p_EMIA_p done
p_random done
p_RMIA done
p_IPapprox_proby_simp done
p_IPapprox_tsm_simp done
p_IPapprox_carlogi_simp done
p_IPapprox_losy_simp done
p_IPapprox_simp_online done
p_IPapprox_simp_offline done
p_IPapprox_simp_online_wo_norm done
Loop 5, SEED 47
purchase_retrain_set_random_500
Load trained attack model
p_Unleak done
p_LiRA done
p_update_LiRA done
p_EMIA done
p_EMIA_p done
p_random done
p_RMIA done
p_IPapprox_proby_simp done
p_IPapprox_tsm_simp done
p_IPapprox_carlogi_simp done
p_IPapprox_losy_simp done
p_IPapprox_simp_online done
p_IPapprox_simp_offline done
p_IPapprox_simp_online_wo_norm done
Loop 6, SEED 48
purchase_retrain_set_random_500
Load trained attack model
p_Unleak done
p_LiRA done
p_update_LiRA done
p_EMIA done
p_EMIA_p done
p_random done
p_RMIA done
p_IPapprox_proby_simp done
p_IPapprox_tsm_simp done
p_IPapprox_carlogi_simp done
p_IPapprox_losy_simp done
p_IPapprox_simp_online done
p_IPapprox_simp_offline done
p_IPapprox_simp_online_wo_norm done
Loop 7, SEED 49
purchase_retrain_set_random_500
Load trained attack model
p_Unleak done
p_LiRA done
p_update_LiRA done
p_EMIA done
p_EMIA_p done
p_random done
p_RMIA done
p_IPapprox_proby_simp done
p_IPapprox_tsm_simp done
p_IPapprox_carlogi_simp done
p_IPapprox_losy_simp done
p_IPapprox_simp_online done
p_IPapprox_simp_offline done
p_IPapprox_simp_online_wo_norm done
Loop 8, SEED 50
purchase_retrain_set_random_500
Load trained attack model
p_Unleak done
p_LiRA done
p_update_LiRA done
p_EMIA done
p_EMIA_p done
p_random done
p_RMIA done
p_IPapprox_proby_simp done
p_IPapprox_tsm_simp done
p_IPapprox_carlogi_simp done
p_IPapprox_losy_simp done
p_IPapprox_simp_online done
p_IPapprox_simp_offline done
p_IPapprox_simp_online_wo_norm done
Loop 9, SEED 51
purchase_retrain_set_random_500
Load trained attack model
p_Unleak done
p_LiRA done
p_update_LiRA done
p_EMIA done
p_EMIA_p done
p_random done
p_RMIA done
p_IPapprox_proby_simp done
p_IPapprox_tsm_simp done
p_IPapprox_carlogi_simp done
p_IPapprox_losy_simp done
p_IPapprox_simp_online done
p_IPapprox_simp_offline done
p_IPapprox_simp_online_wo_norm done
9-th shadow_list: [72, 73, 74, 75, 76, 77, 78, 79]
Loop 0, SEED 42
purchase_retrain_set_random_500
Load trained attack model
p_Unleak done
p_LiRA done
p_update_LiRA done
p_EMIA done
p_EMIA_p done
p_random done
p_RMIA done
p_IPapprox_proby_simp done
p_IPapprox_tsm_simp done
p_IPapprox_carlogi_simp done
p_IPapprox_losy_simp done
p_IPapprox_simp_online done
p_IPapprox_simp_offline done
p_IPapprox_simp_online_wo_norm done
Loop 1, SEED 43
purchase_retrain_set_random_500
Load trained attack model
p_Unleak done
p_LiRA done
p_update_LiRA done
p_EMIA done
p_EMIA_p done
p_random done
p_RMIA done
p_IPapprox_proby_simp done
p_IPapprox_tsm_simp done
p_IPapprox_carlogi_simp done
p_IPapprox_losy_simp done
p_IPapprox_simp_online done
p_IPapprox_simp_offline done
p_IPapprox_simp_online_wo_norm done
Loop 2, SEED 44
purchase_retrain_set_random_500
Load trained attack model
p_Unleak done
p_LiRA done
p_update_LiRA done
p_EMIA done
p_EMIA_p done
p_random done
p_RMIA done
p_IPapprox_proby_simp done
p_IPapprox_tsm_simp done
p_IPapprox_carlogi_simp done
p_IPapprox_losy_simp done
p_IPapprox_simp_online done
p_IPapprox_simp_offline done
p_IPapprox_simp_online_wo_norm done
Loop 3, SEED 45
purchase_retrain_set_random_500
Load trained attack model
p_Unleak done
p_LiRA done
p_update_LiRA done
p_EMIA done
p_EMIA_p done
p_random done
p_RMIA done
p_IPapprox_proby_simp done
p_IPapprox_tsm_simp done
p_IPapprox_carlogi_simp done
p_IPapprox_losy_simp done
p_IPapprox_simp_online done
p_IPapprox_simp_offline done
p_IPapprox_simp_online_wo_norm done
Loop 4, SEED 46
purchase_retrain_set_random_500
Load trained attack model
p_Unleak done
p_LiRA done
p_update_LiRA done
p_EMIA done
p_EMIA_p done
p_random done
p_RMIA done
p_IPapprox_proby_simp done
p_IPapprox_tsm_simp done
p_IPapprox_carlogi_simp done
p_IPapprox_losy_simp done
p_IPapprox_simp_online done
p_IPapprox_simp_offline done
p_IPapprox_simp_online_wo_norm done
Loop 5, SEED 47
purchase_retrain_set_random_500
Load trained attack model
p_Unleak done
p_LiRA done
p_update_LiRA done
p_EMIA done
p_EMIA_p done
p_random done
p_RMIA done
p_IPapprox_proby_simp done
p_IPapprox_tsm_simp done
p_IPapprox_carlogi_simp done
p_IPapprox_losy_simp done
p_IPapprox_simp_online done
p_IPapprox_simp_offline done
p_IPapprox_simp_online_wo_norm done
Loop 6, SEED 48
purchase_retrain_set_random_500
Load trained attack model
p_Unleak done
p_LiRA done
p_update_LiRA done
p_EMIA done
p_EMIA_p done
p_random done
p_RMIA done
p_IPapprox_proby_simp done
p_IPapprox_tsm_simp done
p_IPapprox_carlogi_simp done
p_IPapprox_losy_simp done
p_IPapprox_simp_online done
p_IPapprox_simp_offline done
p_IPapprox_simp_online_wo_norm done
Loop 7, SEED 49
purchase_retrain_set_random_500
Load trained attack model
p_Unleak done
p_LiRA done
p_update_LiRA done
p_EMIA done
p_EMIA_p done
p_random done
p_RMIA done
p_IPapprox_proby_simp done
p_IPapprox_tsm_simp done
p_IPapprox_carlogi_simp done
p_IPapprox_losy_simp done
p_IPapprox_simp_online done
p_IPapprox_simp_offline done
p_IPapprox_simp_online_wo_norm done
Loop 8, SEED 50
purchase_retrain_set_random_500
Load trained attack model
p_Unleak done
p_LiRA done
p_update_LiRA done
p_EMIA done
p_EMIA_p done
p_random done
p_RMIA done
p_IPapprox_proby_simp done
p_IPapprox_tsm_simp done
p_IPapprox_carlogi_simp done
p_IPapprox_losy_simp done
p_IPapprox_simp_online done
p_IPapprox_simp_offline done
p_IPapprox_simp_online_wo_norm done
Loop 9, SEED 51
purchase_retrain_set_random_500
Load trained attack model
p_Unleak done
p_LiRA done
p_update_LiRA done
p_EMIA done
p_EMIA_p done
p_random done
p_RMIA done
p_IPapprox_proby_simp done
p_IPapprox_tsm_simp done
p_IPapprox_carlogi_simp done
p_IPapprox_losy_simp done
p_IPapprox_simp_online done
p_IPapprox_simp_offline done
p_IPapprox_simp_online_wo_norm done

start_print
Namespace(dataname='purchase', unlearn_method='retrain', unlearn_type='set_random', forget_class=0, forget_size=500, forget_class_ratio=0.5, model_numbs=8, SHADOW_AVE_FLAG=True, LOOP=10, EXACT_FLAG=False, shadow_folder='LIRA_checkpoints/shadow_models/', records_folder='/ibex/project/c2283/Evaluate-Unlearning/records/', SEED_init=42, CLASS_init=0, INTERAPPROX=100, metrics=['p_Unleak', 'p_LiRA', 'p_update_LiRA', 'p_EMIA', 'p_EMIA_p', 'p_RMIA', 'p_interapprox', 'p_random'], MODEL_CHECK=False, SHADOW_IDXs=[72, 73, 74, 75, 76, 77, 78, 79], SUFFIX='purchase_retrain_set_random_500')
dict_keys(['p_Unleak', 'p_LiRA', 'p_LiRA_Online', 'p_update_LiRA', 'p_EMIA', 'p_EMIA_p', 'p_random', 'p_RMIA', 'p_RMIA_online', 'p_IPapprox_proby_simp', 'p_IPapprox_tsm_simp', 'p_IPapprox_carlogi_simp', 'p_IPapprox_losy_simp', 'p_IPapprox_simp_online', 'p_IPapprox_simp_offline', 'p_IPapprox_simp_online_wo_norm'])
Metric values                  auc    acc    tpr0.0 .-5    .-2    tnr0.0 .-5    .-2    1-mean 1-std  0-mean 0-std  cm-std1 cm-std0
p_Unleak                       0.5863 0.5566 0.0016 0.0016 0.0318 0.0000 0.0002 0.0593 0.4905 0.0479 0.4718 0.0387
p_Unleak_var                   0.0314 0.0166 0.0010 0.0010 0.0104 0.0000 0.0001 0.0215 0.0196 0.0755 0.0384 0.0603
p_LiRA                         0.5168 0.5185 0.0004 0.0004 0.0138 0.0000 0.00e+00 1.08e-02 -3.63e+00 5.50e+00 -4.02e+00 6.50e+00
p_LiRA_var                     0.0022 0.0021 0.0004 0.0004 0.0020 0.0000 0.00e+00 1.34e-03 8.73e-02 3.37e-01 4.88e-02 1.15e-01
p_LiRA_Online                  0.5483 0.5429 0.0005 0.0005 0.0114 0.0000 1.05e-03 4.80e-02 5.11e+59 1.24e+60 2.61e+59 5.03e+59
p_LiRA_Online_var              0.0000 0.0000 0.0000 0.0000 0.0000 0.0000 0.00e+00 0.00e+00 8.92e+43 0.00e+00 4.46e+43 8.92e+43
p_update_LiRA                  0.5779 0.5613 0.0003 0.0003 0.0145 0.0000 0.0001 0.0322 0.0621 0.2587 -0.0039 0.2225
p_update_LiRA_var              0.0012 0.0011 0.0002 0.0002 0.0020 0.0000 0.0001 0.0023 0.0017 0.0023 0.0004 0.0010
p_EMIA                         0.5513 0.5331 0.0005 0.0005 0.0219 0.0004 0.0028 0.0484 0.6901 0.2739 0.6464 0.2975
p_EMIA_var                     0.0021 0.0015 0.0004 0.0004 0.0021 0.0003 0.0006 0.0012 0.0029 0.0018 0.0027 0.0010
p_EMIA_p                       0.5209 0.5290 0.0000 0.0000 0.0104 0.0000 0.0014 0.0364 0.4963 0.2877 0.4752 0.2668
p_EMIA_p_var                   0.0000 0.0000 0.0000 0.0000 0.0000 0.0000 0.0000 0.0000 0.0000 0.0000 0.0000 0.0000
p_random                       0.4998 0.5041 0.0001 0.0001 0.0100 0.0000 0.0000 0.0100 0.4998 0.2886 0.5000 0.2887
p_random_var                   0.0042 0.0022 0.0001 0.0001 0.0012 0.0000 0.0000 0.0012 0.0041 0.0012 0.0002 0.0001
p_RMIA                         0.5297 0.5409 0.0003 0.0003 0.0084 0.0000 0.0005 0.0487 0.9646 0.0316 0.9630 0.0304
p_RMIA_var                     0.0003 0.0003 0.0001 0.0001 0.0005 0.0000 0.0000 0.0003 0.0001 0.0001 0.0000 0.0001
p_RMIA_online                  0.5713 0.5462 0.0015 0.0015 0.0256 0.0000 0.0000 0.0269 0.9994 0.0006 0.9992 0.0012
p_RMIA_online_var              0.0015 0.0011 0.0008 0.0008 0.0008 0.0000 0.0000 0.0025 0.0000 0.0000 0.0000 0.0000
p_IPapprox_proby_simp          0.6111 0.5694 0.0038 0.0038 0.0453 0.0000 0.0039 0.0956 0.5021 0.1866 0.4169 0.1553
p_IPapprox_proby_simp_var      0.0010 0.0008 0.0015 0.0015 0.0026 0.0000 0.0007 0.0009 0.0006 0.0004 0.0002 0.0001
p_IPapprox_tsm_simp            0.5907 0.5647 0.0009 0.0009 0.0207 0.0000 0.0002 0.0516 0.4897 0.1390 0.4433 0.1207
p_IPapprox_tsm_simp_var        0.0007 0.0008 0.0002 0.0002 0.0007 0.0001 0.0001 0.0013 0.0006 0.0004 0.0006 0.0002
p_IPapprox_carlogi_simp        0.6007 0.5667 0.0015 0.0015 0.0289 0.0001 0.0010 0.0637 0.4885 0.1549 0.4296 0.1305
p_IPapprox_carlogi_simp_var    0.0007 0.0015 0.0005 0.0005 0.0010 0.0001 0.0002 0.0009 0.0006 0.0003 0.0004 0.0001
p_IPapprox_losy_simp           0.5998 0.5634 0.0048 0.0048 0.0392 0.0013 0.0104 0.0906 0.4936 0.1669 0.4238 0.1446
p_IPapprox_losy_simp_var       0.0009 0.0008 0.0007 0.0007 0.0011 0.0009 0.0005 0.0009 0.0007 0.0006 0.0002 0.0001
p_IPapprox_simp_online         0.6081 0.5689 0.0011 0.0011 0.0300 0.0000 0.0002 0.0685 0.4476 0.1839 0.3739 0.1377
p_IPapprox_simp_online_var     0.0007 0.0012 0.0004 0.0004 0.0011 0.0001 0.0001 0.0009 0.0005 0.0002 0.0003 0.0001
p_IPapprox_simp_offline        0.5757 0.5489 0.0006 0.0006 0.0211 0.0000 0.0026 0.0587 0.9366 0.0502 0.9231 0.0578
p_IPapprox_simp_offline_var    0.0009 0.0013 0.0003 0.0003 0.0015 0.0000 0.0003 0.0014 0.0003 0.0003 0.0002 0.0001
p_IPapprox_simp_online_wo_norm 0.6130 0.5712 0.0020 0.0020 0.0385 0.0000 0.0019 0.0846 0.4543 0.1990 0.3679 0.1436
p_IPapprox_simp_online_wo_norm_var 0.0010 0.0007 0.0008 0.0008 0.0016 0.0000 0.0002 0.0009 0.0005 0.0003 0.0002 0.0001
end_print


