activation conda
activation env
Running on device: CUDA
Namespace(dataname='cinic10', unlearn_method='retrain', unlearn_type='set_random', forget_class=0, forget_size=500, forget_class_ratio=0.5, model_numbs=4, SHADOW_AVE_FLAG=True, LOOP=10, EXACT_FLAG=False, shadow_folder='LIRA_checkpoints/shadow_models/', records_folder='/ibex/project/c2283/Evaluate-Unlearning/records/', SEED_init=42, CLASS_init=0, INTERAPPROX=100, metrics=['p_Unleak', 'p_LiRA', 'p_update_LiRA', 'p_EMIA', 'p_EMIA_p', 'p_RMIA', 'p_interapprox', 'p_random'], MODEL_CHECK=False)
shadow_lists: [[0, 1, 2, 3], [4, 5, 6, 7], [8, 9, 10, 11], [12, 13, 14, 15], [16, 17, 18, 19], [20, 21, 22, 23], [24, 25, 26, 27], [28, 29, 30, 31], [32, 33, 34, 35], [36, 37, 38, 39]]
0-th shadow_list: [0, 1, 2, 3]
Loop 0, SEED 42
cinic10_retrain_set_random_500
Load trained attack model
p_Unleak done
p_LiRA done
p_update_LiRA done
p_EMIA done
p_EMIA_p done
p_random done
p_RMIA done
p_IPapprox_proby_simp done
p_IPapprox_tsm_simp done
p_IPapprox_carlogi_simp done
p_IPapprox_losy_simp done
p_IPapprox_simp_online done
p_IPapprox_simp_offline done
p_IPapprox_simp_online_wo_norm done
Loop 1, SEED 43
cinic10_retrain_set_random_500
Load trained attack model
p_Unleak done
p_LiRA done
p_update_LiRA done
p_EMIA done
p_EMIA_p done
p_random done
p_RMIA done
p_IPapprox_proby_simp done
p_IPapprox_tsm_simp done
p_IPapprox_carlogi_simp done
p_IPapprox_losy_simp done
p_IPapprox_simp_online done
p_IPapprox_simp_offline done
p_IPapprox_simp_online_wo_norm done
Loop 2, SEED 44
cinic10_retrain_set_random_500
Load trained attack model
p_Unleak done
p_LiRA done
p_update_LiRA done
p_EMIA done
p_EMIA_p done
p_random done
p_RMIA done
p_IPapprox_proby_simp done
p_IPapprox_tsm_simp done
p_IPapprox_carlogi_simp done
p_IPapprox_losy_simp done
p_IPapprox_simp_online done
p_IPapprox_simp_offline done
p_IPapprox_simp_online_wo_norm done
Loop 3, SEED 45
cinic10_retrain_set_random_500
Load trained attack model
p_Unleak done
p_LiRA done
p_update_LiRA done
p_EMIA done
p_EMIA_p done
p_random done
p_RMIA done
p_IPapprox_proby_simp done
p_IPapprox_tsm_simp done
p_IPapprox_carlogi_simp done
p_IPapprox_losy_simp done
p_IPapprox_simp_online done
p_IPapprox_simp_offline done
p_IPapprox_simp_online_wo_norm done
Loop 4, SEED 46
cinic10_retrain_set_random_500
Load trained attack model
p_Unleak done
p_LiRA done
p_update_LiRA done
p_EMIA done
p_EMIA_p done
p_random done
p_RMIA done
p_IPapprox_proby_simp done
p_IPapprox_tsm_simp done
p_IPapprox_carlogi_simp done
p_IPapprox_losy_simp done
p_IPapprox_simp_online done
p_IPapprox_simp_offline done
p_IPapprox_simp_online_wo_norm done
Loop 5, SEED 47
cinic10_retrain_set_random_500
Load trained attack model
p_Unleak done
p_LiRA done
p_update_LiRA done
p_EMIA done
p_EMIA_p done
p_random done
p_RMIA done
p_IPapprox_proby_simp done
p_IPapprox_tsm_simp done
p_IPapprox_carlogi_simp done
p_IPapprox_losy_simp done
p_IPapprox_simp_online done
p_IPapprox_simp_offline done
p_IPapprox_simp_online_wo_norm done
Loop 6, SEED 48
cinic10_retrain_set_random_500
Load trained attack model
p_Unleak done
p_LiRA done
p_update_LiRA done
p_EMIA done
p_EMIA_p done
p_random done
p_RMIA done
p_IPapprox_proby_simp done
p_IPapprox_tsm_simp done
p_IPapprox_carlogi_simp done
p_IPapprox_losy_simp done
p_IPapprox_simp_online done
p_IPapprox_simp_offline done
p_IPapprox_simp_online_wo_norm done
Loop 7, SEED 49
cinic10_retrain_set_random_500
Load trained attack model
p_Unleak done
p_LiRA done
p_update_LiRA done
p_EMIA done
p_EMIA_p done
p_random done
p_RMIA done
p_IPapprox_proby_simp done
p_IPapprox_tsm_simp done
p_IPapprox_carlogi_simp done
p_IPapprox_losy_simp done
p_IPapprox_simp_online done
p_IPapprox_simp_offline done
p_IPapprox_simp_online_wo_norm done
Loop 8, SEED 50
cinic10_retrain_set_random_500
Load trained attack model
p_Unleak done
p_LiRA done
p_update_LiRA done
p_EMIA done
p_EMIA_p done
p_random done
p_RMIA done
p_IPapprox_proby_simp done
p_IPapprox_tsm_simp done
p_IPapprox_carlogi_simp done
p_IPapprox_losy_simp done
p_IPapprox_simp_online done
p_IPapprox_simp_offline done
p_IPapprox_simp_online_wo_norm done
Loop 9, SEED 51
cinic10_retrain_set_random_500
Load trained attack model
p_Unleak done
p_LiRA done
p_update_LiRA done
p_EMIA done
p_EMIA_p done
p_random done
p_RMIA done
p_IPapprox_proby_simp done
p_IPapprox_tsm_simp done
p_IPapprox_carlogi_simp done
p_IPapprox_losy_simp done
p_IPapprox_simp_online done
p_IPapprox_simp_offline done
p_IPapprox_simp_online_wo_norm done
1-th shadow_list: [4, 5, 6, 7]
Loop 0, SEED 42
cinic10_retrain_set_random_500
Load trained attack model
p_Unleak done
p_LiRA done
p_update_LiRA done
p_EMIA done
p_EMIA_p done
p_random done
p_RMIA done
p_IPapprox_proby_simp done
p_IPapprox_tsm_simp done
p_IPapprox_carlogi_simp done
p_IPapprox_losy_simp done
p_IPapprox_simp_online done
p_IPapprox_simp_offline done
p_IPapprox_simp_online_wo_norm done
Loop 1, SEED 43
cinic10_retrain_set_random_500
Load trained attack model
p_Unleak done
p_LiRA done
p_update_LiRA done
p_EMIA done
p_EMIA_p done
p_random done
p_RMIA done
p_IPapprox_proby_simp done
p_IPapprox_tsm_simp done
p_IPapprox_carlogi_simp done
p_IPapprox_losy_simp done
p_IPapprox_simp_online done
p_IPapprox_simp_offline done
p_IPapprox_simp_online_wo_norm done
Loop 2, SEED 44
cinic10_retrain_set_random_500
Load trained attack model
p_Unleak done
p_LiRA done
p_update_LiRA done
p_EMIA done
p_EMIA_p done
p_random done
p_RMIA done
p_IPapprox_proby_simp done
p_IPapprox_tsm_simp done
p_IPapprox_carlogi_simp done
p_IPapprox_losy_simp done
p_IPapprox_simp_online done
p_IPapprox_simp_offline done
p_IPapprox_simp_online_wo_norm done
Loop 3, SEED 45
cinic10_retrain_set_random_500
Load trained attack model
p_Unleak done
p_LiRA done
p_update_LiRA done
p_EMIA done
p_EMIA_p done
p_random done
p_RMIA done
p_IPapprox_proby_simp done
p_IPapprox_tsm_simp done
p_IPapprox_carlogi_simp done
p_IPapprox_losy_simp done
p_IPapprox_simp_online done
p_IPapprox_simp_offline done
p_IPapprox_simp_online_wo_norm done
Loop 4, SEED 46
cinic10_retrain_set_random_500
Load trained attack model
p_Unleak done
p_LiRA done
p_update_LiRA done
p_EMIA done
p_EMIA_p done
p_random done
p_RMIA done
p_IPapprox_proby_simp done
p_IPapprox_tsm_simp done
p_IPapprox_carlogi_simp done
p_IPapprox_losy_simp done
p_IPapprox_simp_online done
p_IPapprox_simp_offline done
p_IPapprox_simp_online_wo_norm done
Loop 5, SEED 47
cinic10_retrain_set_random_500
Load trained attack model
p_Unleak done
p_LiRA done
p_update_LiRA done
p_EMIA done
p_EMIA_p done
p_random done
p_RMIA done
p_IPapprox_proby_simp done
p_IPapprox_tsm_simp done
p_IPapprox_carlogi_simp done
p_IPapprox_losy_simp done
p_IPapprox_simp_online done
p_IPapprox_simp_offline done
p_IPapprox_simp_online_wo_norm done
Loop 6, SEED 48
cinic10_retrain_set_random_500
Load trained attack model
p_Unleak done
p_LiRA done
p_update_LiRA done
p_EMIA done
p_EMIA_p done
p_random done
p_RMIA done
p_IPapprox_proby_simp done
p_IPapprox_tsm_simp done
p_IPapprox_carlogi_simp done
p_IPapprox_losy_simp done
p_IPapprox_simp_online done
p_IPapprox_simp_offline done
p_IPapprox_simp_online_wo_norm done
Loop 7, SEED 49
cinic10_retrain_set_random_500
Load trained attack model
p_Unleak done
p_LiRA done
p_update_LiRA done
p_EMIA done
p_EMIA_p done
p_random done
p_RMIA done
p_IPapprox_proby_simp done
p_IPapprox_tsm_simp done
p_IPapprox_carlogi_simp done
p_IPapprox_losy_simp done
p_IPapprox_simp_online done
p_IPapprox_simp_offline done
p_IPapprox_simp_online_wo_norm done
Loop 8, SEED 50
cinic10_retrain_set_random_500
Load trained attack model
p_Unleak done
p_LiRA done
p_update_LiRA done
p_EMIA done
p_EMIA_p done
p_random done
p_RMIA done
p_IPapprox_proby_simp done
p_IPapprox_tsm_simp done
p_IPapprox_carlogi_simp done
p_IPapprox_losy_simp done
p_IPapprox_simp_online done
p_IPapprox_simp_offline done
p_IPapprox_simp_online_wo_norm done
Loop 9, SEED 51
cinic10_retrain_set_random_500
Load trained attack model
p_Unleak done
p_LiRA done
p_update_LiRA done
p_EMIA done
p_EMIA_p done
p_random done
p_RMIA done
p_IPapprox_proby_simp done
p_IPapprox_tsm_simp done
p_IPapprox_carlogi_simp done
p_IPapprox_losy_simp done
p_IPapprox_simp_online done
p_IPapprox_simp_offline done
p_IPapprox_simp_online_wo_norm done
2-th shadow_list: [8, 9, 10, 11]
Loop 0, SEED 42
cinic10_retrain_set_random_500
Load trained attack model
p_Unleak done
p_LiRA done
p_update_LiRA done
p_EMIA done
p_EMIA_p done
p_random done
p_RMIA done
p_IPapprox_proby_simp done
p_IPapprox_tsm_simp done
p_IPapprox_carlogi_simp done
p_IPapprox_losy_simp done
p_IPapprox_simp_online done
p_IPapprox_simp_offline done
p_IPapprox_simp_online_wo_norm done
Loop 1, SEED 43
cinic10_retrain_set_random_500
Load trained attack model
p_Unleak done
p_LiRA done
p_update_LiRA done
p_EMIA done
p_EMIA_p done
p_random done
p_RMIA done
p_IPapprox_proby_simp done
p_IPapprox_tsm_simp done
p_IPapprox_carlogi_simp done
p_IPapprox_losy_simp done
p_IPapprox_simp_online done
p_IPapprox_simp_offline done
p_IPapprox_simp_online_wo_norm done
Loop 2, SEED 44
cinic10_retrain_set_random_500
Load trained attack model
p_Unleak done
p_LiRA done
p_update_LiRA done
p_EMIA done
p_EMIA_p done
p_random done
p_RMIA done
p_IPapprox_proby_simp done
p_IPapprox_tsm_simp done
p_IPapprox_carlogi_simp done
p_IPapprox_losy_simp done
p_IPapprox_simp_online done
p_IPapprox_simp_offline done
p_IPapprox_simp_online_wo_norm done
Loop 3, SEED 45
cinic10_retrain_set_random_500
Load trained attack model
p_Unleak done
p_LiRA done
p_update_LiRA done
p_EMIA done
p_EMIA_p done
p_random done
p_RMIA done
p_IPapprox_proby_simp done
p_IPapprox_tsm_simp done
p_IPapprox_carlogi_simp done
p_IPapprox_losy_simp done
p_IPapprox_simp_online done
p_IPapprox_simp_offline done
p_IPapprox_simp_online_wo_norm done
Loop 4, SEED 46
cinic10_retrain_set_random_500
Load trained attack model
p_Unleak done
p_LiRA done
p_update_LiRA done
p_EMIA done
p_EMIA_p done
p_random done
p_RMIA done
p_IPapprox_proby_simp done
p_IPapprox_tsm_simp done
p_IPapprox_carlogi_simp done
p_IPapprox_losy_simp done
p_IPapprox_simp_online done
p_IPapprox_simp_offline done
p_IPapprox_simp_online_wo_norm done
Loop 5, SEED 47
cinic10_retrain_set_random_500
Load trained attack model
p_Unleak done
p_LiRA done
p_update_LiRA done
p_EMIA done
p_EMIA_p done
p_random done
p_RMIA done
p_IPapprox_proby_simp done
p_IPapprox_tsm_simp done
p_IPapprox_carlogi_simp done
p_IPapprox_losy_simp done
p_IPapprox_simp_online done
p_IPapprox_simp_offline done
p_IPapprox_simp_online_wo_norm done
Loop 6, SEED 48
cinic10_retrain_set_random_500
Load trained attack model
p_Unleak done
p_LiRA done
p_update_LiRA done
p_EMIA done
p_EMIA_p done
p_random done
p_RMIA done
p_IPapprox_proby_simp done
p_IPapprox_tsm_simp done
p_IPapprox_carlogi_simp done
p_IPapprox_losy_simp done
p_IPapprox_simp_online done
p_IPapprox_simp_offline done
p_IPapprox_simp_online_wo_norm done
Loop 7, SEED 49
cinic10_retrain_set_random_500
Load trained attack model
p_Unleak done
p_LiRA done
p_update_LiRA done
p_EMIA done
p_EMIA_p done
p_random done
p_RMIA done
p_IPapprox_proby_simp done
p_IPapprox_tsm_simp done
p_IPapprox_carlogi_simp done
p_IPapprox_losy_simp done
p_IPapprox_simp_online done
p_IPapprox_simp_offline done
p_IPapprox_simp_online_wo_norm done
Loop 8, SEED 50
cinic10_retrain_set_random_500
Load trained attack model
p_Unleak done
p_LiRA done
p_update_LiRA done
p_EMIA done
p_EMIA_p done
p_random done
p_RMIA done
p_IPapprox_proby_simp done
p_IPapprox_tsm_simp done
p_IPapprox_carlogi_simp done
p_IPapprox_losy_simp done
p_IPapprox_simp_online done
p_IPapprox_simp_offline done
p_IPapprox_simp_online_wo_norm done
Loop 9, SEED 51
cinic10_retrain_set_random_500
Load trained attack model
p_Unleak done
p_LiRA done
p_update_LiRA done
p_EMIA done
p_EMIA_p done
p_random done
p_RMIA done
p_IPapprox_proby_simp done
p_IPapprox_tsm_simp done
p_IPapprox_carlogi_simp done
p_IPapprox_losy_simp done
p_IPapprox_simp_online done
p_IPapprox_simp_offline done
p_IPapprox_simp_online_wo_norm done
3-th shadow_list: [12, 13, 14, 15]
Loop 0, SEED 42
cinic10_retrain_set_random_500
Load trained attack model
p_Unleak done
p_LiRA done
p_update_LiRA done
p_EMIA done
p_EMIA_p done
p_random done
p_RMIA done
p_IPapprox_proby_simp done
p_IPapprox_tsm_simp done
p_IPapprox_carlogi_simp done
p_IPapprox_losy_simp done
p_IPapprox_simp_online done
p_IPapprox_simp_offline done
p_IPapprox_simp_online_wo_norm done
Loop 1, SEED 43
cinic10_retrain_set_random_500
Load trained attack model
p_Unleak done
p_LiRA done
p_update_LiRA done
p_EMIA done
p_EMIA_p done
p_random done
p_RMIA done
p_IPapprox_proby_simp done
p_IPapprox_tsm_simp done
p_IPapprox_carlogi_simp done
p_IPapprox_losy_simp done
p_IPapprox_simp_online done
p_IPapprox_simp_offline done
p_IPapprox_simp_online_wo_norm done
Loop 2, SEED 44
cinic10_retrain_set_random_500
Load trained attack model
p_Unleak done
p_LiRA done
p_update_LiRA done
p_EMIA done
p_EMIA_p done
p_random done
p_RMIA done
p_IPapprox_proby_simp done
p_IPapprox_tsm_simp done
p_IPapprox_carlogi_simp done
p_IPapprox_losy_simp done
p_IPapprox_simp_online done
p_IPapprox_simp_offline done
p_IPapprox_simp_online_wo_norm done
Loop 3, SEED 45
cinic10_retrain_set_random_500
Load trained attack model
p_Unleak done
p_LiRA done
p_update_LiRA done
p_EMIA done
p_EMIA_p done
p_random done
p_RMIA done
p_IPapprox_proby_simp done
p_IPapprox_tsm_simp done
p_IPapprox_carlogi_simp done
p_IPapprox_losy_simp done
p_IPapprox_simp_online done
p_IPapprox_simp_offline done
p_IPapprox_simp_online_wo_norm done
Loop 4, SEED 46
cinic10_retrain_set_random_500
Load trained attack model
p_Unleak done
p_LiRA done
p_update_LiRA done
p_EMIA done
p_EMIA_p done
p_random done
p_RMIA done
p_IPapprox_proby_simp done
p_IPapprox_tsm_simp done
p_IPapprox_carlogi_simp done
p_IPapprox_losy_simp done
p_IPapprox_simp_online done
p_IPapprox_simp_offline done
p_IPapprox_simp_online_wo_norm done
Loop 5, SEED 47
cinic10_retrain_set_random_500
Load trained attack model
p_Unleak done
p_LiRA done
p_update_LiRA done
p_EMIA done
p_EMIA_p done
p_random done
p_RMIA done
p_IPapprox_proby_simp done
p_IPapprox_tsm_simp done
p_IPapprox_carlogi_simp done
p_IPapprox_losy_simp done
p_IPapprox_simp_online done
p_IPapprox_simp_offline done
p_IPapprox_simp_online_wo_norm done
Loop 6, SEED 48
cinic10_retrain_set_random_500
Load trained attack model
p_Unleak done
p_LiRA done
p_update_LiRA done
p_EMIA done
p_EMIA_p done
p_random done
p_RMIA done
p_IPapprox_proby_simp done
p_IPapprox_tsm_simp done
p_IPapprox_carlogi_simp done
p_IPapprox_losy_simp done
p_IPapprox_simp_online done
p_IPapprox_simp_offline done
p_IPapprox_simp_online_wo_norm done
Loop 7, SEED 49
cinic10_retrain_set_random_500
Load trained attack model
p_Unleak done
p_LiRA done
p_update_LiRA done
p_EMIA done
p_EMIA_p done
p_random done
p_RMIA done
p_IPapprox_proby_simp done
p_IPapprox_tsm_simp done
p_IPapprox_carlogi_simp done
p_IPapprox_losy_simp done
p_IPapprox_simp_online done
p_IPapprox_simp_offline done
p_IPapprox_simp_online_wo_norm done
Loop 8, SEED 50
cinic10_retrain_set_random_500
Load trained attack model
p_Unleak done
p_LiRA done
p_update_LiRA done
p_EMIA done
p_EMIA_p done
p_random done
p_RMIA done
p_IPapprox_proby_simp done
p_IPapprox_tsm_simp done
p_IPapprox_carlogi_simp done
p_IPapprox_losy_simp done
p_IPapprox_simp_online done
p_IPapprox_simp_offline done
p_IPapprox_simp_online_wo_norm done
Loop 9, SEED 51
cinic10_retrain_set_random_500
Load trained attack model
p_Unleak done
p_LiRA done
p_update_LiRA done
p_EMIA done
p_EMIA_p done
p_random done
p_RMIA done
p_IPapprox_proby_simp done
p_IPapprox_tsm_simp done
p_IPapprox_carlogi_simp done
p_IPapprox_losy_simp done
p_IPapprox_simp_online done
p_IPapprox_simp_offline done
p_IPapprox_simp_online_wo_norm done
4-th shadow_list: [16, 17, 18, 19]
Loop 0, SEED 42
cinic10_retrain_set_random_500
Load trained attack model
p_Unleak done
p_LiRA done
p_update_LiRA done
p_EMIA done
p_EMIA_p done
p_random done
p_RMIA done
p_IPapprox_proby_simp done
p_IPapprox_tsm_simp done
p_IPapprox_carlogi_simp done
p_IPapprox_losy_simp done
p_IPapprox_simp_online done
p_IPapprox_simp_offline done
p_IPapprox_simp_online_wo_norm done
Loop 1, SEED 43
cinic10_retrain_set_random_500
Load trained attack model
p_Unleak done
p_LiRA done
p_update_LiRA done
p_EMIA done
p_EMIA_p done
p_random done
p_RMIA done
p_IPapprox_proby_simp done
p_IPapprox_tsm_simp done
p_IPapprox_carlogi_simp done
p_IPapprox_losy_simp done
p_IPapprox_simp_online done
p_IPapprox_simp_offline done
p_IPapprox_simp_online_wo_norm done
Loop 2, SEED 44
cinic10_retrain_set_random_500
Load trained attack model
p_Unleak done
p_LiRA done
p_update_LiRA done
p_EMIA done
p_EMIA_p done
p_random done
p_RMIA done
p_IPapprox_proby_simp done
p_IPapprox_tsm_simp done
p_IPapprox_carlogi_simp done
p_IPapprox_losy_simp done
p_IPapprox_simp_online done
p_IPapprox_simp_offline done
p_IPapprox_simp_online_wo_norm done
Loop 3, SEED 45
cinic10_retrain_set_random_500
Load trained attack model
p_Unleak done
p_LiRA done
p_update_LiRA done
p_EMIA done
p_EMIA_p done
p_random done
p_RMIA done
p_IPapprox_proby_simp done
p_IPapprox_tsm_simp done
p_IPapprox_carlogi_simp done
p_IPapprox_losy_simp done
p_IPapprox_simp_online done
p_IPapprox_simp_offline done
p_IPapprox_simp_online_wo_norm done
Loop 4, SEED 46
cinic10_retrain_set_random_500
Load trained attack model
p_Unleak done
p_LiRA done
p_update_LiRA done
p_EMIA done
p_EMIA_p done
p_random done
p_RMIA done
p_IPapprox_proby_simp done
p_IPapprox_tsm_simp done
p_IPapprox_carlogi_simp done
p_IPapprox_losy_simp done
p_IPapprox_simp_online done
p_IPapprox_simp_offline done
p_IPapprox_simp_online_wo_norm done
Loop 5, SEED 47
cinic10_retrain_set_random_500
Load trained attack model
p_Unleak done
p_LiRA done
p_update_LiRA done
p_EMIA done
p_EMIA_p done
p_random done
p_RMIA done
p_IPapprox_proby_simp done
p_IPapprox_tsm_simp done
p_IPapprox_carlogi_simp done
p_IPapprox_losy_simp done
p_IPapprox_simp_online done
p_IPapprox_simp_offline done
p_IPapprox_simp_online_wo_norm done
Loop 6, SEED 48
cinic10_retrain_set_random_500
Load trained attack model
p_Unleak done
p_LiRA done
p_update_LiRA done
p_EMIA done
p_EMIA_p done
p_random done
p_RMIA done
p_IPapprox_proby_simp done
p_IPapprox_tsm_simp done
p_IPapprox_carlogi_simp done
p_IPapprox_losy_simp done
p_IPapprox_simp_online done
p_IPapprox_simp_offline done
p_IPapprox_simp_online_wo_norm done
Loop 7, SEED 49
cinic10_retrain_set_random_500
Load trained attack model
p_Unleak done
p_LiRA done
p_update_LiRA done
p_EMIA done
p_EMIA_p done
p_random done
p_RMIA done
p_IPapprox_proby_simp done
p_IPapprox_tsm_simp done
p_IPapprox_carlogi_simp done
p_IPapprox_losy_simp done
p_IPapprox_simp_online done
p_IPapprox_simp_offline done
p_IPapprox_simp_online_wo_norm done
Loop 8, SEED 50
cinic10_retrain_set_random_500
Load trained attack model
p_Unleak done
p_LiRA done
p_update_LiRA done
p_EMIA done
p_EMIA_p done
p_random done
p_RMIA done
p_IPapprox_proby_simp done
p_IPapprox_tsm_simp done
p_IPapprox_carlogi_simp done
p_IPapprox_losy_simp done
p_IPapprox_simp_online done
p_IPapprox_simp_offline done
p_IPapprox_simp_online_wo_norm done
Loop 9, SEED 51
cinic10_retrain_set_random_500
Load trained attack model
p_Unleak done
p_LiRA done
p_update_LiRA done
p_EMIA done
p_EMIA_p done
p_random done
p_RMIA done
p_IPapprox_proby_simp done
p_IPapprox_tsm_simp done
p_IPapprox_carlogi_simp done
p_IPapprox_losy_simp done
p_IPapprox_simp_online done
p_IPapprox_simp_offline done
p_IPapprox_simp_online_wo_norm done
5-th shadow_list: [20, 21, 22, 23]
Loop 0, SEED 42
cinic10_retrain_set_random_500
Load trained attack model
p_Unleak done
p_LiRA done
p_update_LiRA done
p_EMIA done
p_EMIA_p done
p_random done
p_RMIA done
p_IPapprox_proby_simp done
p_IPapprox_tsm_simp done
p_IPapprox_carlogi_simp done
p_IPapprox_losy_simp done
p_IPapprox_simp_online done
p_IPapprox_simp_offline done
p_IPapprox_simp_online_wo_norm done
Loop 1, SEED 43
cinic10_retrain_set_random_500
Load trained attack model
p_Unleak done
p_LiRA done
p_update_LiRA done
p_EMIA done
p_EMIA_p done
p_random done
p_RMIA done
p_IPapprox_proby_simp done
p_IPapprox_tsm_simp done
p_IPapprox_carlogi_simp done
p_IPapprox_losy_simp done
p_IPapprox_simp_online done
p_IPapprox_simp_offline done
p_IPapprox_simp_online_wo_norm done
Loop 2, SEED 44
cinic10_retrain_set_random_500
Load trained attack model
p_Unleak done
p_LiRA done
p_update_LiRA done
p_EMIA done
p_EMIA_p done
p_random done
p_RMIA done
p_IPapprox_proby_simp done
p_IPapprox_tsm_simp done
p_IPapprox_carlogi_simp done
p_IPapprox_losy_simp done
p_IPapprox_simp_online done
p_IPapprox_simp_offline done
p_IPapprox_simp_online_wo_norm done
Loop 3, SEED 45
cinic10_retrain_set_random_500
Load trained attack model
p_Unleak done
p_LiRA done
p_update_LiRA done
p_EMIA done
p_EMIA_p done
p_random done
p_RMIA done
p_IPapprox_proby_simp done
p_IPapprox_tsm_simp done
p_IPapprox_carlogi_simp done
p_IPapprox_losy_simp done
p_IPapprox_simp_online done
p_IPapprox_simp_offline done
p_IPapprox_simp_online_wo_norm done
Loop 4, SEED 46
cinic10_retrain_set_random_500
Load trained attack model
p_Unleak done
p_LiRA done
p_update_LiRA done
p_EMIA done
p_EMIA_p done
p_random done
p_RMIA done
p_IPapprox_proby_simp done
p_IPapprox_tsm_simp done
p_IPapprox_carlogi_simp done
p_IPapprox_losy_simp done
p_IPapprox_simp_online done
p_IPapprox_simp_offline done
p_IPapprox_simp_online_wo_norm done
Loop 5, SEED 47
cinic10_retrain_set_random_500
Load trained attack model
p_Unleak done
p_LiRA done
p_update_LiRA done
p_EMIA done
p_EMIA_p done
p_random done
p_RMIA done
p_IPapprox_proby_simp done
p_IPapprox_tsm_simp done
p_IPapprox_carlogi_simp done
p_IPapprox_losy_simp done
p_IPapprox_simp_online done
p_IPapprox_simp_offline done
p_IPapprox_simp_online_wo_norm done
Loop 6, SEED 48
cinic10_retrain_set_random_500
Load trained attack model
p_Unleak done
p_LiRA done
p_update_LiRA done
p_EMIA done
p_EMIA_p done
p_random done
p_RMIA done
p_IPapprox_proby_simp done
p_IPapprox_tsm_simp done
p_IPapprox_carlogi_simp done
p_IPapprox_losy_simp done
p_IPapprox_simp_online done
p_IPapprox_simp_offline done
p_IPapprox_simp_online_wo_norm done
Loop 7, SEED 49
cinic10_retrain_set_random_500
Load trained attack model
p_Unleak done
p_LiRA done
p_update_LiRA done
p_EMIA done
p_EMIA_p done
p_random done
p_RMIA done
p_IPapprox_proby_simp done
p_IPapprox_tsm_simp done
p_IPapprox_carlogi_simp done
p_IPapprox_losy_simp done
p_IPapprox_simp_online done
p_IPapprox_simp_offline done
p_IPapprox_simp_online_wo_norm done
Loop 8, SEED 50
cinic10_retrain_set_random_500
Load trained attack model
p_Unleak done
p_LiRA done
p_update_LiRA done
p_EMIA done
p_EMIA_p done
p_random done
p_RMIA done
p_IPapprox_proby_simp done
p_IPapprox_tsm_simp done
p_IPapprox_carlogi_simp done
p_IPapprox_losy_simp done
p_IPapprox_simp_online done
p_IPapprox_simp_offline done
p_IPapprox_simp_online_wo_norm done
Loop 9, SEED 51
cinic10_retrain_set_random_500
Load trained attack model
p_Unleak done
p_LiRA done
p_update_LiRA done
p_EMIA done
p_EMIA_p done
p_random done
p_RMIA done
p_IPapprox_proby_simp done
p_IPapprox_tsm_simp done
p_IPapprox_carlogi_simp done
p_IPapprox_losy_simp done
p_IPapprox_simp_online done
p_IPapprox_simp_offline done
p_IPapprox_simp_online_wo_norm done
6-th shadow_list: [24, 25, 26, 27]
Loop 0, SEED 42
cinic10_retrain_set_random_500
Load trained attack model
p_Unleak done
p_LiRA done
p_update_LiRA done
p_EMIA done
p_EMIA_p done
p_random done
p_RMIA done
p_IPapprox_proby_simp done
p_IPapprox_tsm_simp done
p_IPapprox_carlogi_simp done
p_IPapprox_losy_simp done
p_IPapprox_simp_online done
p_IPapprox_simp_offline done
p_IPapprox_simp_online_wo_norm done
Loop 1, SEED 43
cinic10_retrain_set_random_500
Load trained attack model
p_Unleak done
p_LiRA done
p_update_LiRA done
p_EMIA done
p_EMIA_p done
p_random done
p_RMIA done
p_IPapprox_proby_simp done
p_IPapprox_tsm_simp done
p_IPapprox_carlogi_simp done
p_IPapprox_losy_simp done
p_IPapprox_simp_online done
p_IPapprox_simp_offline done
p_IPapprox_simp_online_wo_norm done
Loop 2, SEED 44
cinic10_retrain_set_random_500
Load trained attack model
p_Unleak done
p_LiRA done
p_update_LiRA done
p_EMIA done
p_EMIA_p done
p_random done
p_RMIA done
p_IPapprox_proby_simp done
p_IPapprox_tsm_simp done
p_IPapprox_carlogi_simp done
p_IPapprox_losy_simp done
p_IPapprox_simp_online done
p_IPapprox_simp_offline done
p_IPapprox_simp_online_wo_norm done
Loop 3, SEED 45
cinic10_retrain_set_random_500
Load trained attack model
p_Unleak done
p_LiRA done
p_update_LiRA done
p_EMIA done
p_EMIA_p done
p_random done
p_RMIA done
p_IPapprox_proby_simp done
p_IPapprox_tsm_simp done
p_IPapprox_carlogi_simp done
p_IPapprox_losy_simp done
p_IPapprox_simp_online done
p_IPapprox_simp_offline done
p_IPapprox_simp_online_wo_norm done
Loop 4, SEED 46
cinic10_retrain_set_random_500
Load trained attack model
p_Unleak done
p_LiRA done
p_update_LiRA done
p_EMIA done
p_EMIA_p done
p_random done
p_RMIA done
p_IPapprox_proby_simp done
p_IPapprox_tsm_simp done
p_IPapprox_carlogi_simp done
p_IPapprox_losy_simp done
p_IPapprox_simp_online done
p_IPapprox_simp_offline done
p_IPapprox_simp_online_wo_norm done
Loop 5, SEED 47
cinic10_retrain_set_random_500
Load trained attack model
p_Unleak done
p_LiRA done
p_update_LiRA done
p_EMIA done
p_EMIA_p done
p_random done
p_RMIA done
p_IPapprox_proby_simp done
p_IPapprox_tsm_simp done
p_IPapprox_carlogi_simp done
p_IPapprox_losy_simp done
p_IPapprox_simp_online done
p_IPapprox_simp_offline done
p_IPapprox_simp_online_wo_norm done
Loop 6, SEED 48
cinic10_retrain_set_random_500
Load trained attack model
p_Unleak done
p_LiRA done
p_update_LiRA done
p_EMIA done
p_EMIA_p done
p_random done
p_RMIA done
p_IPapprox_proby_simp done
p_IPapprox_tsm_simp done
p_IPapprox_carlogi_simp done
p_IPapprox_losy_simp done
p_IPapprox_simp_online done
p_IPapprox_simp_offline done
p_IPapprox_simp_online_wo_norm done
Loop 7, SEED 49
cinic10_retrain_set_random_500
Load trained attack model
p_Unleak done
p_LiRA done
p_update_LiRA done
p_EMIA done
p_EMIA_p done
p_random done
p_RMIA done
p_IPapprox_proby_simp done
p_IPapprox_tsm_simp done
p_IPapprox_carlogi_simp done
p_IPapprox_losy_simp done
p_IPapprox_simp_online done
p_IPapprox_simp_offline done
p_IPapprox_simp_online_wo_norm done
Loop 8, SEED 50
cinic10_retrain_set_random_500
Load trained attack model
p_Unleak done
p_LiRA done
p_update_LiRA done
p_EMIA done
p_EMIA_p done
p_random done
p_RMIA done
p_IPapprox_proby_simp done
p_IPapprox_tsm_simp done
p_IPapprox_carlogi_simp done
p_IPapprox_losy_simp done
p_IPapprox_simp_online done
p_IPapprox_simp_offline done
p_IPapprox_simp_online_wo_norm done
Loop 9, SEED 51
cinic10_retrain_set_random_500
Load trained attack model
p_Unleak done
p_LiRA done
p_update_LiRA done
p_EMIA done
p_EMIA_p done
p_random done
p_RMIA done
p_IPapprox_proby_simp done
p_IPapprox_tsm_simp done
p_IPapprox_carlogi_simp done
p_IPapprox_losy_simp done
p_IPapprox_simp_online done
p_IPapprox_simp_offline done
p_IPapprox_simp_online_wo_norm done
7-th shadow_list: [28, 29, 30, 31]
Loop 0, SEED 42
cinic10_retrain_set_random_500
Load trained attack model
p_Unleak done
p_LiRA done
p_update_LiRA done
p_EMIA done
p_EMIA_p done
p_random done
p_RMIA done
p_IPapprox_proby_simp done
p_IPapprox_tsm_simp done
p_IPapprox_carlogi_simp done
p_IPapprox_losy_simp done
p_IPapprox_simp_online done
p_IPapprox_simp_offline done
p_IPapprox_simp_online_wo_norm done
Loop 1, SEED 43
cinic10_retrain_set_random_500
Load trained attack model
p_Unleak done
p_LiRA done
p_update_LiRA done
p_EMIA done
p_EMIA_p done
p_random done
p_RMIA done
p_IPapprox_proby_simp done
p_IPapprox_tsm_simp done
p_IPapprox_carlogi_simp done
p_IPapprox_losy_simp done
p_IPapprox_simp_online done
p_IPapprox_simp_offline done
p_IPapprox_simp_online_wo_norm done
Loop 2, SEED 44
cinic10_retrain_set_random_500
Load trained attack model
p_Unleak done
p_LiRA done
p_update_LiRA done
p_EMIA done
p_EMIA_p done
p_random done
p_RMIA done
p_IPapprox_proby_simp done
p_IPapprox_tsm_simp done
p_IPapprox_carlogi_simp done
p_IPapprox_losy_simp done
p_IPapprox_simp_online done
p_IPapprox_simp_offline done
p_IPapprox_simp_online_wo_norm done
Loop 3, SEED 45
cinic10_retrain_set_random_500
Load trained attack model
p_Unleak done
p_LiRA done
p_update_LiRA done
p_EMIA done
p_EMIA_p done
p_random done
p_RMIA done
p_IPapprox_proby_simp done
p_IPapprox_tsm_simp done
p_IPapprox_carlogi_simp done
p_IPapprox_losy_simp done
p_IPapprox_simp_online done
p_IPapprox_simp_offline done
p_IPapprox_simp_online_wo_norm done
Loop 4, SEED 46
cinic10_retrain_set_random_500
Load trained attack model
p_Unleak done
p_LiRA done
p_update_LiRA done
p_EMIA done
p_EMIA_p done
p_random done
p_RMIA done
p_IPapprox_proby_simp done
p_IPapprox_tsm_simp done
p_IPapprox_carlogi_simp done
p_IPapprox_losy_simp done
p_IPapprox_simp_online done
p_IPapprox_simp_offline done
p_IPapprox_simp_online_wo_norm done
Loop 5, SEED 47
cinic10_retrain_set_random_500
Load trained attack model
p_Unleak done
p_LiRA done
p_update_LiRA done
p_EMIA done
p_EMIA_p done
p_random done
p_RMIA done
p_IPapprox_proby_simp done
p_IPapprox_tsm_simp done
p_IPapprox_carlogi_simp done
p_IPapprox_losy_simp done
p_IPapprox_simp_online done
p_IPapprox_simp_offline done
p_IPapprox_simp_online_wo_norm done
Loop 6, SEED 48
cinic10_retrain_set_random_500
Load trained attack model
p_Unleak done
p_LiRA done
p_update_LiRA done
p_EMIA done
p_EMIA_p done
p_random done
p_RMIA done
p_IPapprox_proby_simp done
p_IPapprox_tsm_simp done
p_IPapprox_carlogi_simp done
p_IPapprox_losy_simp done
p_IPapprox_simp_online done
p_IPapprox_simp_offline done
p_IPapprox_simp_online_wo_norm done
Loop 7, SEED 49
cinic10_retrain_set_random_500
Load trained attack model
p_Unleak done
p_LiRA done
p_update_LiRA done
p_EMIA done
p_EMIA_p done
p_random done
p_RMIA done
p_IPapprox_proby_simp done
p_IPapprox_tsm_simp done
p_IPapprox_carlogi_simp done
p_IPapprox_losy_simp done
p_IPapprox_simp_online done
p_IPapprox_simp_offline done
p_IPapprox_simp_online_wo_norm done
Loop 8, SEED 50
cinic10_retrain_set_random_500
Load trained attack model
p_Unleak done
p_LiRA done
p_update_LiRA done
p_EMIA done
p_EMIA_p done
p_random done
p_RMIA done
p_IPapprox_proby_simp done
p_IPapprox_tsm_simp done
p_IPapprox_carlogi_simp done
p_IPapprox_losy_simp done
p_IPapprox_simp_online done
p_IPapprox_simp_offline done
p_IPapprox_simp_online_wo_norm done
Loop 9, SEED 51
cinic10_retrain_set_random_500
Load trained attack model
p_Unleak done
p_LiRA done
p_update_LiRA done
p_EMIA done
p_EMIA_p done
p_random done
p_RMIA done
p_IPapprox_proby_simp done
p_IPapprox_tsm_simp done
p_IPapprox_carlogi_simp done
p_IPapprox_losy_simp done
p_IPapprox_simp_online done
p_IPapprox_simp_offline done
p_IPapprox_simp_online_wo_norm done
8-th shadow_list: [32, 33, 34, 35]
Loop 0, SEED 42
cinic10_retrain_set_random_500
Load trained attack model
p_Unleak done
p_LiRA done
p_update_LiRA done
p_EMIA done
p_EMIA_p done
p_random done
p_RMIA done
p_IPapprox_proby_simp done
p_IPapprox_tsm_simp done
p_IPapprox_carlogi_simp done
p_IPapprox_losy_simp done
p_IPapprox_simp_online done
p_IPapprox_simp_offline done
p_IPapprox_simp_online_wo_norm done
Loop 1, SEED 43
cinic10_retrain_set_random_500
Load trained attack model
p_Unleak done
p_LiRA done
p_update_LiRA done
p_EMIA done
p_EMIA_p done
p_random done
p_RMIA done
p_IPapprox_proby_simp done
p_IPapprox_tsm_simp done
p_IPapprox_carlogi_simp done
p_IPapprox_losy_simp done
p_IPapprox_simp_online done
p_IPapprox_simp_offline done
p_IPapprox_simp_online_wo_norm done
Loop 2, SEED 44
cinic10_retrain_set_random_500
Load trained attack model
p_Unleak done
p_LiRA done
p_update_LiRA done
p_EMIA done
p_EMIA_p done
p_random done
p_RMIA done
p_IPapprox_proby_simp done
p_IPapprox_tsm_simp done
p_IPapprox_carlogi_simp done
p_IPapprox_losy_simp done
p_IPapprox_simp_online done
p_IPapprox_simp_offline done
p_IPapprox_simp_online_wo_norm done
Loop 3, SEED 45
cinic10_retrain_set_random_500
Load trained attack model
p_Unleak done
p_LiRA done
p_update_LiRA done
p_EMIA done
p_EMIA_p done
p_random done
p_RMIA done
p_IPapprox_proby_simp done
p_IPapprox_tsm_simp done
p_IPapprox_carlogi_simp done
p_IPapprox_losy_simp done
p_IPapprox_simp_online done
p_IPapprox_simp_offline done
p_IPapprox_simp_online_wo_norm done
Loop 4, SEED 46
cinic10_retrain_set_random_500
Load trained attack model
p_Unleak done
p_LiRA done
p_update_LiRA done
p_EMIA done
p_EMIA_p done
p_random done
p_RMIA done
p_IPapprox_proby_simp done
p_IPapprox_tsm_simp done
p_IPapprox_carlogi_simp done
p_IPapprox_losy_simp done
p_IPapprox_simp_online done
p_IPapprox_simp_offline done
p_IPapprox_simp_online_wo_norm done
Loop 5, SEED 47
cinic10_retrain_set_random_500
Load trained attack model
p_Unleak done
p_LiRA done
p_update_LiRA done
p_EMIA done
p_EMIA_p done
p_random done
p_RMIA done
p_IPapprox_proby_simp done
p_IPapprox_tsm_simp done
p_IPapprox_carlogi_simp done
p_IPapprox_losy_simp done
p_IPapprox_simp_online done
p_IPapprox_simp_offline done
p_IPapprox_simp_online_wo_norm done
Loop 6, SEED 48
cinic10_retrain_set_random_500
Load trained attack model
p_Unleak done
p_LiRA done
p_update_LiRA done
p_EMIA done
p_EMIA_p done
p_random done
p_RMIA done
p_IPapprox_proby_simp done
p_IPapprox_tsm_simp done
p_IPapprox_carlogi_simp done
p_IPapprox_losy_simp done
p_IPapprox_simp_online done
p_IPapprox_simp_offline done
p_IPapprox_simp_online_wo_norm done
Loop 7, SEED 49
cinic10_retrain_set_random_500
Load trained attack model
p_Unleak done
p_LiRA done
p_update_LiRA done
p_EMIA done
p_EMIA_p done
p_random done
p_RMIA done
p_IPapprox_proby_simp done
p_IPapprox_tsm_simp done
p_IPapprox_carlogi_simp done
p_IPapprox_losy_simp done
p_IPapprox_simp_online done
p_IPapprox_simp_offline done
p_IPapprox_simp_online_wo_norm done
Loop 8, SEED 50
cinic10_retrain_set_random_500
Load trained attack model
p_Unleak done
p_LiRA done
p_update_LiRA done
p_EMIA done
p_EMIA_p done
p_random done
p_RMIA done
p_IPapprox_proby_simp done
p_IPapprox_tsm_simp done
p_IPapprox_carlogi_simp done
p_IPapprox_losy_simp done
p_IPapprox_simp_online done
p_IPapprox_simp_offline done
p_IPapprox_simp_online_wo_norm done
Loop 9, SEED 51
cinic10_retrain_set_random_500
Load trained attack model
p_Unleak done
p_LiRA done
p_update_LiRA done
p_EMIA done
p_EMIA_p done
p_random done
p_RMIA done
p_IPapprox_proby_simp done
p_IPapprox_tsm_simp done
p_IPapprox_carlogi_simp done
p_IPapprox_losy_simp done
p_IPapprox_simp_online done
p_IPapprox_simp_offline done
p_IPapprox_simp_online_wo_norm done
9-th shadow_list: [36, 37, 38, 39]
Loop 0, SEED 42
cinic10_retrain_set_random_500
Load trained attack model
p_Unleak done
p_LiRA done
p_update_LiRA done
p_EMIA done
p_EMIA_p done
p_random done
p_RMIA done
p_IPapprox_proby_simp done
p_IPapprox_tsm_simp done
p_IPapprox_carlogi_simp done
p_IPapprox_losy_simp done
p_IPapprox_simp_online done
p_IPapprox_simp_offline done
p_IPapprox_simp_online_wo_norm done
Loop 1, SEED 43
cinic10_retrain_set_random_500
Load trained attack model
p_Unleak done
p_LiRA done
p_update_LiRA done
p_EMIA done
p_EMIA_p done
p_random done
p_RMIA done
p_IPapprox_proby_simp done
p_IPapprox_tsm_simp done
p_IPapprox_carlogi_simp done
p_IPapprox_losy_simp done
p_IPapprox_simp_online done
p_IPapprox_simp_offline done
p_IPapprox_simp_online_wo_norm done
Loop 2, SEED 44
cinic10_retrain_set_random_500
Load trained attack model
p_Unleak done
p_LiRA done
p_update_LiRA done
p_EMIA done
p_EMIA_p done
p_random done
p_RMIA done
p_IPapprox_proby_simp done
p_IPapprox_tsm_simp done
p_IPapprox_carlogi_simp done
p_IPapprox_losy_simp done
p_IPapprox_simp_online done
p_IPapprox_simp_offline done
p_IPapprox_simp_online_wo_norm done
Loop 3, SEED 45
cinic10_retrain_set_random_500
Load trained attack model
p_Unleak done
p_LiRA done
p_update_LiRA done
p_EMIA done
p_EMIA_p done
p_random done
p_RMIA done
p_IPapprox_proby_simp done
p_IPapprox_tsm_simp done
p_IPapprox_carlogi_simp done
p_IPapprox_losy_simp done
p_IPapprox_simp_online done
p_IPapprox_simp_offline done
p_IPapprox_simp_online_wo_norm done
Loop 4, SEED 46
cinic10_retrain_set_random_500
Load trained attack model
p_Unleak done
p_LiRA done
p_update_LiRA done
p_EMIA done
p_EMIA_p done
p_random done
p_RMIA done
p_IPapprox_proby_simp done
p_IPapprox_tsm_simp done
p_IPapprox_carlogi_simp done
p_IPapprox_losy_simp done
p_IPapprox_simp_online done
p_IPapprox_simp_offline done
p_IPapprox_simp_online_wo_norm done
Loop 5, SEED 47
cinic10_retrain_set_random_500
Load trained attack model
p_Unleak done
p_LiRA done
p_update_LiRA done
p_EMIA done
p_EMIA_p done
p_random done
p_RMIA done
p_IPapprox_proby_simp done
p_IPapprox_tsm_simp done
p_IPapprox_carlogi_simp done
p_IPapprox_losy_simp done
p_IPapprox_simp_online done
p_IPapprox_simp_offline done
p_IPapprox_simp_online_wo_norm done
Loop 6, SEED 48
cinic10_retrain_set_random_500
Load trained attack model
p_Unleak done
p_LiRA done
p_update_LiRA done
p_EMIA done
p_EMIA_p done
p_random done
p_RMIA done
p_IPapprox_proby_simp done
p_IPapprox_tsm_simp done
p_IPapprox_carlogi_simp done
p_IPapprox_losy_simp done
p_IPapprox_simp_online done
p_IPapprox_simp_offline done
p_IPapprox_simp_online_wo_norm done
Loop 7, SEED 49
cinic10_retrain_set_random_500
Load trained attack model
p_Unleak done
p_LiRA done
p_update_LiRA done
p_EMIA done
p_EMIA_p done
p_random done
p_RMIA done
p_IPapprox_proby_simp done
p_IPapprox_tsm_simp done
p_IPapprox_carlogi_simp done
p_IPapprox_losy_simp done
p_IPapprox_simp_online done
p_IPapprox_simp_offline done
p_IPapprox_simp_online_wo_norm done
Loop 8, SEED 50
cinic10_retrain_set_random_500
Load trained attack model
p_Unleak done
p_LiRA done
p_update_LiRA done
p_EMIA done
p_EMIA_p done
p_random done
p_RMIA done
p_IPapprox_proby_simp done
p_IPapprox_tsm_simp done
p_IPapprox_carlogi_simp done
p_IPapprox_losy_simp done
p_IPapprox_simp_online done
p_IPapprox_simp_offline done
p_IPapprox_simp_online_wo_norm done
Loop 9, SEED 51
cinic10_retrain_set_random_500
Load trained attack model
p_Unleak done
p_LiRA done
p_update_LiRA done
p_EMIA done
p_EMIA_p done
p_random done
p_RMIA done
p_IPapprox_proby_simp done
p_IPapprox_tsm_simp done
p_IPapprox_carlogi_simp done
p_IPapprox_losy_simp done
p_IPapprox_simp_online done
p_IPapprox_simp_offline done
p_IPapprox_simp_online_wo_norm done

start_print
Namespace(dataname='cinic10', unlearn_method='retrain', unlearn_type='set_random', forget_class=0, forget_size=500, forget_class_ratio=0.5, model_numbs=4, SHADOW_AVE_FLAG=True, LOOP=10, EXACT_FLAG=False, shadow_folder='LIRA_checkpoints/shadow_models/', records_folder='/ibex/project/c2283/Evaluate-Unlearning/records/', SEED_init=42, CLASS_init=0, INTERAPPROX=100, metrics=['p_Unleak', 'p_LiRA', 'p_update_LiRA', 'p_EMIA', 'p_EMIA_p', 'p_RMIA', 'p_interapprox', 'p_random'], MODEL_CHECK=False, SHADOW_IDXs=[36, 37, 38, 39], SUFFIX='cinic10_retrain_set_random_500')
dict_keys(['p_Unleak', 'p_LiRA', 'p_LiRA_Online', 'p_update_LiRA', 'p_EMIA', 'p_EMIA_p', 'p_random', 'p_RMIA', 'p_RMIA_online', 'p_IPapprox_proby_simp', 'p_IPapprox_tsm_simp', 'p_IPapprox_carlogi_simp', 'p_IPapprox_losy_simp', 'p_IPapprox_simp_online', 'p_IPapprox_simp_offline', 'p_IPapprox_simp_online_wo_norm'])
Metric values                  auc    acc    tpr0.0 .-5    .-2    tnr0.0 .-5    .-2    1-mean 1-std  0-mean 0-std  cm-std1 cm-std0
p_Unleak                       0.6696 0.6368 0.0005 0.0005 0.0332 0.0162 0.0508 0.2140 0.4711 0.2257 0.3505 0.0526
p_Unleak_var                   0.0089 0.0053 0.0002 0.0002 0.0092 0.0102 0.0322 0.0230 0.1061 0.0745 0.1416 0.0232
p_LiRA                         0.5874 0.5769 0.0012 0.0012 0.0342 0.0000 0.00e+00 1.07e-02 -8.30e+00 8.13e+01 -1.75e+01 1.69e+02
p_LiRA_var                     0.0043 0.0040 0.0011 0.0011 0.0041 0.0000 0.00e+00 1.37e-03 2.06e+00 1.40e+02 7.03e-01 8.84e+01
p_LiRA_Online                  0.6183 0.6152 0.0003 0.0003 0.0112 0.0574 8.16e-02 2.18e-01 1.24e+61 2.72e+61 1.14e+60 2.31e+60
p_LiRA_Online_var              0.0000 0.0000 0.0000 0.0000 0.0000 0.0000 1.39e-17 2.78e-17 0.00e+00 0.00e+00 0.00e+00 0.00e+00
p_update_LiRA                  0.6396 0.6209 0.0003 0.0003 0.0141 0.0000 0.0013 0.1206 0.1373 0.3277 -0.0042 0.1776
p_update_LiRA_var              0.0013 0.0022 0.0004 0.0004 0.0016 0.0000 0.0008 0.0041 0.0019 0.0030 0.0002 0.0034
p_EMIA                         0.6258 0.5953 0.0022 0.0022 0.0807 0.0310 0.0373 0.0634 0.3357 0.2952 0.2389 0.2847
p_EMIA_var                     0.0016 0.0030 0.0010 0.0010 0.0066 0.0033 0.0022 0.0036 0.0033 0.0021 0.0022 0.0020
p_EMIA_p                       0.6820 0.6341 0.0000 0.0000 0.0238 0.0284 0.1144 0.2398 0.5456 0.2678 0.3770 0.2192
p_EMIA_p_var                   0.0000 0.0000 0.0000 0.0000 0.0000 0.0000 0.0000 0.0000 0.0000 0.0000 0.0000 0.0000
p_random                       0.5012 0.5055 0.0001 0.0001 0.0107 0.0000 0.0000 0.0098 0.5012 0.2881 0.5000 0.2887
p_random_var                   0.0029 0.0015 0.0001 0.0001 0.0015 0.0000 0.0000 0.0018 0.0029 0.0015 0.0002 0.0001
p_RMIA                         0.6938 0.6215 0.0020 0.0020 0.0899 0.0252 0.1109 0.2110 0.8621 0.0898 0.7730 0.1859
p_RMIA_var                     0.0017 0.0021 0.0012 0.0012 0.0064 0.0020 0.0020 0.0016 0.0009 0.0025 0.0008 0.0010
p_RMIA_online                  0.6785 0.6219 0.0035 0.0035 0.0459 0.0420 0.1106 0.2169 0.9433 0.0352 0.9214 0.0563
p_RMIA_online_var              0.0011 0.0014 0.0016 0.0016 0.0014 0.0036 0.0024 0.0021 0.0003 0.0004 0.0003 0.0002
p_IPapprox_proby_simp          0.6788 0.6159 0.0012 0.0012 0.0821 0.0139 0.0363 0.2290 0.4975 0.2565 0.3283 0.1945
p_IPapprox_proby_simp_var      0.0020 0.0012 0.0003 0.0003 0.0053 0.0052 0.0051 0.0020 0.0010 0.0008 0.0007 0.0002
p_IPapprox_tsm_simp            0.7166 0.6426 0.0019 0.0019 0.0615 0.0040 0.0156 0.2313 0.5386 0.2871 0.3180 0.2196
p_IPapprox_tsm_simp_var        0.0010 0.0007 0.0005 0.0005 0.0018 0.0010 0.0007 0.0017 0.0015 0.0006 0.0009 0.0004
p_IPapprox_carlogi_simp        0.7149 0.6438 0.0007 0.0007 0.0651 0.0117 0.0299 0.2165 0.5533 0.2828 0.3365 0.2285
p_IPapprox_carlogi_simp_var    0.0010 0.0012 0.0006 0.0006 0.0036 0.0030 0.0017 0.0021 0.0012 0.0005 0.0008 0.0006
p_IPapprox_losy_simp           0.6558 0.6046 0.0032 0.0032 0.0561 0.0168 0.0972 0.2061 0.4999 0.2170 0.3736 0.1769
p_IPapprox_losy_simp_var       0.0024 0.0014 0.0014 0.0014 0.0040 0.0026 0.0018 0.0024 0.0015 0.0015 0.0006 0.0003
p_IPapprox_simp_online         0.7177 0.6409 0.0011 0.0011 0.0801 0.0096 0.0153 0.2552 0.4821 0.2819 0.2698 0.1616
p_IPapprox_simp_online_var     0.0012 0.0014 0.0003 0.0003 0.0064 0.0017 0.0016 0.0013 0.0012 0.0005 0.0009 0.0002
p_IPapprox_simp_offline        0.7196 0.6436 0.0019 0.0019 0.0824 0.0095 0.0153 0.2505 0.4658 0.2956 0.2447 0.1658
p_IPapprox_simp_offline_var    0.0012 0.0009 0.0016 0.0016 0.0056 0.0017 0.0016 0.0013 0.0018 0.0006 0.0016 0.0006
p_IPapprox_simp_online_wo_norm 0.7177 0.6409 0.0011 0.0011 0.0801 0.0096 0.0153 0.2552 0.4821 0.2819 0.2698 0.1616
p_IPapprox_simp_online_wo_norm_var 0.0012 0.0014 0.0003 0.0003 0.0064 0.0017 0.0016 0.0013 0.0012 0.0005 0.0009 0.0002
end_print


